**********************************************************************
Warning pattern : 'Unused dummy argument'
**********************************************************************
xmpi_land_lor.finc = line: 180, var: 'comm' [12_hide_mpi]
xmpi_land_lor.finc = line: 180, var: 'xval' [12_hide_mpi]
xmpi_land_lor.finc = line: 121, var: 'comm' [12_hide_mpi]
xmpi_land_lor.finc = line: 121, var: 'xval' [12_hide_mpi]
xmpi_land_lor.finc = line: 64, var: 'comm' [12_hide_mpi]
xmpi_land_lor.finc = line: 64, var: 'xval' [12_hide_mpi]
xmpi_land_lor.finc = line: 13, var: 'comm' [12_hide_mpi]
xmpi_land_lor.finc = line: 13, var: 'xval' [12_hide_mpi]
xmpi_sum.finc = line: 2451, var: 'comm' [12_hide_mpi]
xmpi_sum.finc = line: 2451, var: 'xval' [12_hide_mpi]
xmpi_sum.finc = line: 2375, var: 'comm' [12_hide_mpi]
xmpi_sum.finc = line: 2375, var: 'xval' [12_hide_mpi]
xmpi_sum.finc = line: 2300, var: 'comm' [12_hide_mpi]
xmpi_sum.finc = line: 2300, var: 'xval' [12_hide_mpi]
xmpi_sum.finc = line: 2222, var: 'comm' [12_hide_mpi]
xmpi_sum.finc = line: 2222, var: 'xval' [12_hide_mpi]
xmpi_sum.finc = line: 2145, var: 'comm' [12_hide_mpi]
xmpi_sum.finc = line: 2145, var: 'xval' [12_hide_mpi]
xmpi_sum.finc = line: 2074, var: 'comm' [12_hide_mpi]
xmpi_sum.finc = line: 2074, var: 'xval' [12_hide_mpi]
xmpi_sum.finc = line: 1996, var: 'comm' [12_hide_mpi]
xmpi_sum.finc = line: 1996, var: 'xval' [12_hide_mpi]
xmpi_sum.finc = line: 1922, var: 'comm' [12_hide_mpi]
xmpi_sum.finc = line: 1922, var: 'xval' [12_hide_mpi]
xmpi_sum.finc = line: 1851, var: 'comm' [12_hide_mpi]
xmpi_sum.finc = line: 1851, var: 'xval' [12_hide_mpi]
xmpi_sum.finc = line: 1778, var: 'comm' [12_hide_mpi]
xmpi_sum.finc = line: 1778, var: 'xval' [12_hide_mpi]
xmpi_sum.finc = line: 1705, var: 'comm' [12_hide_mpi]
xmpi_sum.finc = line: 1705, var: 'xval' [12_hide_mpi]
xmpi_sum.finc = line: 1633, var: 'comm' [12_hide_mpi]
xmpi_sum.finc = line: 1633, var: 'xval' [12_hide_mpi]
xmpi_sum.finc = line: 1562, var: 'comm' [12_hide_mpi]
xmpi_sum.finc = line: 1562, var: 'xval' [12_hide_mpi]
xmpi_sum.finc = line: 1502, var: 'comm' [12_hide_mpi]
xmpi_sum.finc = line: 1502, var: 'xval' [12_hide_mpi]
xmpi_sum.finc = line: 1448, var: 'comm' [12_hide_mpi]
xmpi_sum.finc = line: 1448, var: 'n1' [12_hide_mpi]
xmpi_sum.finc = line: 1392, var: 'comm' [12_hide_mpi]
xmpi_sum.finc = line: 1392, var: 'n1' [12_hide_mpi]
xmpi_sum.finc = line: 1331, var: 'n' [12_hide_mpi]
xmpi_sum.finc = line: 1331, var: 'spacecomm' [12_hide_mpi]
xmpi_sum.finc = line: 1276, var: 'comm' [12_hide_mpi]
xmpi_sum.finc = line: 1276, var: 'n1' [12_hide_mpi]
xmpi_sum.finc = line: 1198, var: 'comm' [12_hide_mpi]
xmpi_sum.finc = line: 1198, var: 'xval' [12_hide_mpi]
xmpi_sum.finc = line: 1122, var: 'comm' [12_hide_mpi]
xmpi_sum.finc = line: 1122, var: 'xval' [12_hide_mpi]
xmpi_sum.finc = line: 1047, var: 'comm' [12_hide_mpi]
xmpi_sum.finc = line: 1047, var: 'xval' [12_hide_mpi]
xmpi_sum.finc = line: 973, var: 'comm' [12_hide_mpi]
xmpi_sum.finc = line: 973, var: 'xval' [12_hide_mpi]
xmpi_sum.finc = line: 900, var: 'comm' [12_hide_mpi]
xmpi_sum.finc = line: 900, var: 'xval' [12_hide_mpi]
xmpi_sum.finc = line: 828, var: 'comm' [12_hide_mpi]
xmpi_sum.finc = line: 828, var: 'xval' [12_hide_mpi]
xmpi_sum.finc = line: 756, var: 'comm' [12_hide_mpi]
xmpi_sum.finc = line: 756, var: 'n1' [12_hide_mpi]
xmpi_sum.finc = line: 756, var: 'xval' [12_hide_mpi]
xmpi_sum.finc = line: 695, var: 'comm' [12_hide_mpi]
xmpi_sum.finc = line: 695, var: 'xval' [12_hide_mpi]
xmpi_sum.finc = line: 629, var: 'comm' [12_hide_mpi]
xmpi_sum.finc = line: 555, var: 'comm' [12_hide_mpi]
xmpi_sum.finc = line: 555, var: 'xval' [12_hide_mpi]
xmpi_sum.finc = line: 480, var: 'comm' [12_hide_mpi]
xmpi_sum.finc = line: 480, var: 'xval' [12_hide_mpi]
xmpi_sum.finc = line: 407, var: 'comm' [12_hide_mpi]
xmpi_sum.finc = line: 407, var: 'xval' [12_hide_mpi]
xmpi_sum.finc = line: 335, var: 'comm' [12_hide_mpi]
xmpi_sum.finc = line: 335, var: 'xval' [12_hide_mpi]
xmpi_sum.finc = line: 279, var: 'comm' [12_hide_mpi]
xmpi_sum.finc = line: 279, var: 'n1' [12_hide_mpi]
xmpi_sum.finc = line: 206, var: 'comm' [12_hide_mpi]
xmpi_sum.finc = line: 206, var: 'n1' [12_hide_mpi]
xmpi_sum.finc = line: 206, var: 'xval' [12_hide_mpi]
xmpi_sum.finc = line: 153, var: 'comm' [12_hide_mpi]
xmpi_sum.finc = line: 97, var: 'comm' [12_hide_mpi]
xmpi_sum.finc = line: 97, var: 'xval' [12_hide_mpi]
xmpi_sum.finc = line: 28, var: 'comm' [12_hide_mpi]
xmpi_sum.finc = line: 28, var: 'xval' [12_hide_mpi]
xmpi_sum_master.finc = line: 1378, var: 'master' [12_hide_mpi]
xmpi_sum_master.finc = line: 1378, var: 'spacecomm' [12_hide_mpi]
xmpi_sum_master.finc = line: 1378, var: 'xval' [12_hide_mpi]
xmpi_sum_master.finc = line: 1311, var: 'master' [12_hide_mpi]
xmpi_sum_master.finc = line: 1311, var: 'spacecomm' [12_hide_mpi]
xmpi_sum_master.finc = line: 1311, var: 'xval' [12_hide_mpi]
xmpi_sum_master.finc = line: 1245, var: 'master' [12_hide_mpi]
xmpi_sum_master.finc = line: 1245, var: 'spacecomm' [12_hide_mpi]
xmpi_sum_master.finc = line: 1245, var: 'xval' [12_hide_mpi]
xmpi_sum_master.finc = line: 1179, var: 'master' [12_hide_mpi]
xmpi_sum_master.finc = line: 1179, var: 'spacecomm' [12_hide_mpi]
xmpi_sum_master.finc = line: 1179, var: 'xval' [12_hide_mpi]
xmpi_sum_master.finc = line: 1114, var: 'master' [12_hide_mpi]
xmpi_sum_master.finc = line: 1114, var: 'spacecomm' [12_hide_mpi]
xmpi_sum_master.finc = line: 1114, var: 'xval' [12_hide_mpi]
xmpi_sum_master.finc = line: 1046, var: 'master' [12_hide_mpi]
xmpi_sum_master.finc = line: 1046, var: 'spacecomm' [12_hide_mpi]
xmpi_sum_master.finc = line: 1046, var: 'xval' [12_hide_mpi]
xmpi_sum_master.finc = line: 976, var: 'master' [12_hide_mpi]
xmpi_sum_master.finc = line: 976, var: 'spacecomm' [12_hide_mpi]
xmpi_sum_master.finc = line: 976, var: 'xval' [12_hide_mpi]
xmpi_sum_master.finc = line: 909, var: 'master' [12_hide_mpi]
xmpi_sum_master.finc = line: 909, var: 'spacecomm' [12_hide_mpi]
xmpi_sum_master.finc = line: 909, var: 'xval' [12_hide_mpi]
xmpi_sum_master.finc = line: 842, var: 'master' [12_hide_mpi]
xmpi_sum_master.finc = line: 842, var: 'spacecomm' [12_hide_mpi]
xmpi_sum_master.finc = line: 842, var: 'xval' [12_hide_mpi]
xmpi_sum_master.finc = line: 777, var: 'master' [12_hide_mpi]
xmpi_sum_master.finc = line: 777, var: 'spacecomm' [12_hide_mpi]
xmpi_sum_master.finc = line: 777, var: 'xval' [12_hide_mpi]
xmpi_sum_master.finc = line: 708, var: 'master' [12_hide_mpi]
xmpi_sum_master.finc = line: 708, var: 'spacecomm' [12_hide_mpi]
xmpi_sum_master.finc = line: 708, var: 'xval' [12_hide_mpi]
xmpi_sum_master.finc = line: 636, var: 'master' [12_hide_mpi]
xmpi_sum_master.finc = line: 636, var: 'spacecomm' [12_hide_mpi]
xmpi_sum_master.finc = line: 636, var: 'xval' [12_hide_mpi]
xmpi_sum_master.finc = line: 566, var: 'master' [12_hide_mpi]
xmpi_sum_master.finc = line: 566, var: 'spacecomm' [12_hide_mpi]
xmpi_sum_master.finc = line: 566, var: 'xval' [12_hide_mpi]
xmpi_sum_master.finc = line: 497, var: 'master' [12_hide_mpi]
xmpi_sum_master.finc = line: 497, var: 'spacecomm' [12_hide_mpi]
xmpi_sum_master.finc = line: 497, var: 'xval' [12_hide_mpi]
xmpi_sum_master.finc = line: 429, var: 'master' [12_hide_mpi]
xmpi_sum_master.finc = line: 429, var: 'spacecomm' [12_hide_mpi]
xmpi_sum_master.finc = line: 429, var: 'xval' [12_hide_mpi]
xmpi_sum_master.finc = line: 361, var: 'master' [12_hide_mpi]
xmpi_sum_master.finc = line: 361, var: 'spacecomm' [12_hide_mpi]
xmpi_sum_master.finc = line: 361, var: 'xval' [12_hide_mpi]
xmpi_sum_master.finc = line: 296, var: 'master' [12_hide_mpi]
xmpi_sum_master.finc = line: 296, var: 'spacecomm' [12_hide_mpi]
xmpi_sum_master.finc = line: 296, var: 'xval' [12_hide_mpi]
xmpi_sum_master.finc = line: 231, var: 'master' [12_hide_mpi]
xmpi_sum_master.finc = line: 231, var: 'spacecomm' [12_hide_mpi]
xmpi_sum_master.finc = line: 231, var: 'xval' [12_hide_mpi]
xmpi_sum_master.finc = line: 165, var: 'master' [12_hide_mpi]
xmpi_sum_master.finc = line: 165, var: 'spacecomm' [12_hide_mpi]
xmpi_sum_master.finc = line: 165, var: 'xval' [12_hide_mpi]
xmpi_sum_master.finc = line: 105, var: 'master' [12_hide_mpi]
xmpi_sum_master.finc = line: 105, var: 'spacecomm' [12_hide_mpi]
xmpi_sum_master.finc = line: 105, var: 'xval' [12_hide_mpi]
xmpi_sum_master.finc = line: 47, var: 'master' [12_hide_mpi]
xmpi_sum_master.finc = line: 47, var: 'spacecomm' [12_hide_mpi]
xmpi_sum_master.finc = line: 47, var: 'xval' [12_hide_mpi]
xmpi_isend.finc = line: 101, var: 'dest' [12_hide_mpi]
xmpi_isend.finc = line: 101, var: 'spacecomm' [12_hide_mpi]
xmpi_isend.finc = line: 101, var: 'tag' [12_hide_mpi]
xmpi_isend.finc = line: 101, var: 'xval' [12_hide_mpi]
xmpi_isend.finc = line: 44, var: 'dest' [12_hide_mpi]
xmpi_isend.finc = line: 44, var: 'spacecomm' [12_hide_mpi]
xmpi_isend.finc = line: 44, var: 'tag' [12_hide_mpi]
xmpi_isend.finc = line: 44, var: 'xval' [12_hide_mpi]
xmpi_send.finc = line: 523, var: 'dest' [12_hide_mpi]
xmpi_send.finc = line: 523, var: 'spacecomm' [12_hide_mpi]
xmpi_send.finc = line: 523, var: 'tag' [12_hide_mpi]
xmpi_send.finc = line: 523, var: 'xval' [12_hide_mpi]
xmpi_send.finc = line: 465, var: 'dest' [12_hide_mpi]
xmpi_send.finc = line: 465, var: 'spacecomm' [12_hide_mpi]
xmpi_send.finc = line: 465, var: 'tag' [12_hide_mpi]
xmpi_send.finc = line: 465, var: 'xval' [12_hide_mpi]
xmpi_send.finc = line: 409, var: 'dest' [12_hide_mpi]
xmpi_send.finc = line: 409, var: 'spacecomm' [12_hide_mpi]
xmpi_send.finc = line: 409, var: 'tag' [12_hide_mpi]
xmpi_send.finc = line: 409, var: 'xval' [12_hide_mpi]
xmpi_send.finc = line: 353, var: 'dest' [12_hide_mpi]
xmpi_send.finc = line: 353, var: 'spacecomm' [12_hide_mpi]
xmpi_send.finc = line: 353, var: 'tag' [12_hide_mpi]
xmpi_send.finc = line: 353, var: 'xval' [12_hide_mpi]
xmpi_send.finc = line: 286, var: 'dest' [12_hide_mpi]
xmpi_send.finc = line: 286, var: 'spacecomm' [12_hide_mpi]
xmpi_send.finc = line: 286, var: 'tag' [12_hide_mpi]
xmpi_send.finc = line: 286, var: 'xval' [12_hide_mpi]
xmpi_send.finc = line: 216, var: 'dest' [12_hide_mpi]
xmpi_send.finc = line: 216, var: 'spacecomm' [12_hide_mpi]
xmpi_send.finc = line: 216, var: 'tag' [12_hide_mpi]
xmpi_send.finc = line: 216, var: 'xval' [12_hide_mpi]
xmpi_send.finc = line: 155, var: 'dest' [12_hide_mpi]
xmpi_send.finc = line: 155, var: 'spacecomm' [12_hide_mpi]
xmpi_send.finc = line: 155, var: 'tag' [12_hide_mpi]
xmpi_send.finc = line: 155, var: 'xval' [12_hide_mpi]
xmpi_send.finc = line: 98, var: 'dest' [12_hide_mpi]
xmpi_send.finc = line: 98, var: 'spacecomm' [12_hide_mpi]
xmpi_send.finc = line: 98, var: 'tag' [12_hide_mpi]
xmpi_send.finc = line: 98, var: 'xval' [12_hide_mpi]
xmpi_send.finc = line: 42, var: 'dest' [12_hide_mpi]
xmpi_send.finc = line: 42, var: 'spacecomm' [12_hide_mpi]
xmpi_send.finc = line: 42, var: 'tag' [12_hide_mpi]
xmpi_send.finc = line: 42, var: 'xval' [12_hide_mpi]
xmpi_scatterv.finc = line: 368, var: 'root' [12_hide_mpi]
xmpi_scatterv.finc = line: 368, var: 'sendcounts' [12_hide_mpi]
xmpi_scatterv.finc = line: 368, var: 'spacecomm' [12_hide_mpi]
xmpi_scatterv.finc = line: 303, var: 'root' [12_hide_mpi]
xmpi_scatterv.finc = line: 303, var: 'sendcounts' [12_hide_mpi]
xmpi_scatterv.finc = line: 303, var: 'spacecomm' [12_hide_mpi]
xmpi_scatterv.finc = line: 239, var: 'root' [12_hide_mpi]
xmpi_scatterv.finc = line: 239, var: 'sendcounts' [12_hide_mpi]
xmpi_scatterv.finc = line: 239, var: 'spacecomm' [12_hide_mpi]
xmpi_scatterv.finc = line: 176, var: 'root' [12_hide_mpi]
xmpi_scatterv.finc = line: 176, var: 'sendcounts' [12_hide_mpi]
xmpi_scatterv.finc = line: 176, var: 'spacecomm' [12_hide_mpi]
xmpi_scatterv.finc = line: 110, var: 'root' [12_hide_mpi]
xmpi_scatterv.finc = line: 110, var: 'sendcounts' [12_hide_mpi]
xmpi_scatterv.finc = line: 110, var: 'spacecomm' [12_hide_mpi]
xmpi_scatterv.finc = line: 45, var: 'root' [12_hide_mpi]
xmpi_scatterv.finc = line: 45, var: 'sendcounts' [12_hide_mpi]
xmpi_scatterv.finc = line: 45, var: 'spacecomm' [12_hide_mpi]
xmpi_irecv.finc = line: 180, var: 'source' [12_hide_mpi]
xmpi_irecv.finc = line: 180, var: 'spacecomm' [12_hide_mpi]
xmpi_irecv.finc = line: 180, var: 'tag' [12_hide_mpi]
xmpi_irecv.finc = line: 180, var: 'xval' [12_hide_mpi]
xmpi_irecv.finc = line: 114, var: 'source' [12_hide_mpi]
xmpi_irecv.finc = line: 114, var: 'spacecomm' [12_hide_mpi]
xmpi_irecv.finc = line: 114, var: 'tag' [12_hide_mpi]
xmpi_irecv.finc = line: 114, var: 'xval' [12_hide_mpi]
xmpi_irecv.finc = line: 52, var: 'source' [12_hide_mpi]
xmpi_irecv.finc = line: 52, var: 'spacecomm' [12_hide_mpi]
xmpi_irecv.finc = line: 52, var: 'tag' [12_hide_mpi]
xmpi_irecv.finc = line: 52, var: 'xval' [12_hide_mpi]
xmpi_recv.finc = line: 564, var: 'source' [12_hide_mpi]
xmpi_recv.finc = line: 564, var: 'spacecomm' [12_hide_mpi]
xmpi_recv.finc = line: 564, var: 'tag' [12_hide_mpi]
xmpi_recv.finc = line: 564, var: 'xval' [12_hide_mpi]
xmpi_recv.finc = line: 503, var: 'source' [12_hide_mpi]
xmpi_recv.finc = line: 503, var: 'spacecomm' [12_hide_mpi]
xmpi_recv.finc = line: 503, var: 'tag' [12_hide_mpi]
xmpi_recv.finc = line: 503, var: 'xval' [12_hide_mpi]
xmpi_recv.finc = line: 444, var: 'source' [12_hide_mpi]
xmpi_recv.finc = line: 444, var: 'spacecomm' [12_hide_mpi]
xmpi_recv.finc = line: 444, var: 'tag' [12_hide_mpi]
xmpi_recv.finc = line: 444, var: 'xval' [12_hide_mpi]
xmpi_recv.finc = line: 386, var: 'source' [12_hide_mpi]
xmpi_recv.finc = line: 386, var: 'spacecomm' [12_hide_mpi]
xmpi_recv.finc = line: 386, var: 'tag' [12_hide_mpi]
xmpi_recv.finc = line: 386, var: 'xval' [12_hide_mpi]
xmpi_recv.finc = line: 316, var: 'source' [12_hide_mpi]
xmpi_recv.finc = line: 316, var: 'spacecomm' [12_hide_mpi]
xmpi_recv.finc = line: 316, var: 'tag' [12_hide_mpi]
xmpi_recv.finc = line: 316, var: 'xval' [12_hide_mpi]
xmpi_recv.finc = line: 243, var: 'source' [12_hide_mpi]
xmpi_recv.finc = line: 243, var: 'spacecomm' [12_hide_mpi]
xmpi_recv.finc = line: 243, var: 'tag' [12_hide_mpi]
xmpi_recv.finc = line: 243, var: 'xval' [12_hide_mpi]
xmpi_recv.finc = line: 179, var: 'source' [12_hide_mpi]
xmpi_recv.finc = line: 179, var: 'spacecomm' [12_hide_mpi]
xmpi_recv.finc = line: 179, var: 'tag' [12_hide_mpi]
xmpi_recv.finc = line: 179, var: 'xval' [12_hide_mpi]
xmpi_recv.finc = line: 105, var: 'source' [12_hide_mpi]
xmpi_recv.finc = line: 105, var: 'spacecomm' [12_hide_mpi]
xmpi_recv.finc = line: 105, var: 'tag' [12_hide_mpi]
xmpi_recv.finc = line: 105, var: 'xval' [12_hide_mpi]
xmpi_recv.finc = line: 47, var: 'source' [12_hide_mpi]
xmpi_recv.finc = line: 47, var: 'spacecomm' [12_hide_mpi]
xmpi_recv.finc = line: 47, var: 'tag' [12_hide_mpi]
xmpi_recv.finc = line: 47, var: 'xval' [12_hide_mpi]
xmpi_min.finc = line: 87, var: 'spacecomm' [12_hide_mpi]
xmpi_min.finc = line: 24, var: 'spacecomm' [12_hide_mpi]
xmpi_max.finc = line: 226, var: 'comm' [12_hide_mpi]
xmpi_max.finc = line: 226, var: 'ioval' [12_hide_mpi]
xmpi_max.finc = line: 172, var: 'comm' [12_hide_mpi]
xmpi_max.finc = line: 114, var: 'comm' [12_hide_mpi]
xmpi_max.finc = line: 71, var: 'comm' [12_hide_mpi]
xmpi_max.finc = line: 22, var: 'comm' [12_hide_mpi]
xmpi_gatherv.finc = line: 718, var: 'nelem' [12_hide_mpi]
xmpi_gatherv.finc = line: 718, var: 'root' [12_hide_mpi]
xmpi_gatherv.finc = line: 718, var: 'spacecomm' [12_hide_mpi]
xmpi_gatherv.finc = line: 653, var: 'nelem' [12_hide_mpi]
xmpi_gatherv.finc = line: 653, var: 'root' [12_hide_mpi]
xmpi_gatherv.finc = line: 653, var: 'spacecomm' [12_hide_mpi]
xmpi_gatherv.finc = line: 588, var: 'nelem' [12_hide_mpi]
xmpi_gatherv.finc = line: 588, var: 'root' [12_hide_mpi]
xmpi_gatherv.finc = line: 588, var: 'spacecomm' [12_hide_mpi]
xmpi_gatherv.finc = line: 523, var: 'nelem' [12_hide_mpi]
xmpi_gatherv.finc = line: 523, var: 'root' [12_hide_mpi]
xmpi_gatherv.finc = line: 523, var: 'spacecomm' [12_hide_mpi]
xmpi_gatherv.finc = line: 458, var: 'nelem' [12_hide_mpi]
xmpi_gatherv.finc = line: 458, var: 'root' [12_hide_mpi]
xmpi_gatherv.finc = line: 458, var: 'spacecomm' [12_hide_mpi]
xmpi_gatherv.finc = line: 395, var: 'nelem' [12_hide_mpi]
xmpi_gatherv.finc = line: 395, var: 'root' [12_hide_mpi]
xmpi_gatherv.finc = line: 395, var: 'spacecomm' [12_hide_mpi]
xmpi_gatherv.finc = line: 330, var: 'nelem' [12_hide_mpi]
xmpi_gatherv.finc = line: 330, var: 'root' [12_hide_mpi]
xmpi_gatherv.finc = line: 330, var: 'spacecomm' [12_hide_mpi]
xmpi_gatherv.finc = line: 111, var: 'root' [12_hide_mpi]
xmpi_gatherv.finc = line: 112, var: 'spacecomm' [12_hide_mpi]
xmpi_gatherv.finc = line: 44, var: 'nelem' [12_hide_mpi]
xmpi_gatherv.finc = line: 44, var: 'root' [12_hide_mpi]
xmpi_gatherv.finc = line: 44, var: 'spacecomm' [12_hide_mpi]
xmpi_gather.finc = line: 325, var: 'recvcount' [12_hide_mpi]
xmpi_gather.finc = line: 325, var: 'root' [12_hide_mpi]
xmpi_gather.finc = line: 325, var: 'sendcount' [12_hide_mpi]
xmpi_gather.finc = line: 325, var: 'spacecomm' [12_hide_mpi]
xmpi_gather.finc = line: 267, var: 'recvcount' [12_hide_mpi]
xmpi_gather.finc = line: 267, var: 'root' [12_hide_mpi]
xmpi_gather.finc = line: 267, var: 'sendcount' [12_hide_mpi]
xmpi_gather.finc = line: 267, var: 'spacecomm' [12_hide_mpi]
xmpi_gather.finc = line: 212, var: 'recvcount' [12_hide_mpi]
xmpi_gather.finc = line: 212, var: 'root' [12_hide_mpi]
xmpi_gather.finc = line: 212, var: 'sendcount' [12_hide_mpi]
xmpi_gather.finc = line: 212, var: 'spacecomm' [12_hide_mpi]
xmpi_gather.finc = line: 154, var: 'recvcount' [12_hide_mpi]
xmpi_gather.finc = line: 154, var: 'root' [12_hide_mpi]
xmpi_gather.finc = line: 154, var: 'sendcount' [12_hide_mpi]
xmpi_gather.finc = line: 154, var: 'spacecomm' [12_hide_mpi]
xmpi_gather.finc = line: 98, var: 'recvcount' [12_hide_mpi]
xmpi_gather.finc = line: 98, var: 'root' [12_hide_mpi]
xmpi_gather.finc = line: 98, var: 'sendcount' [12_hide_mpi]
xmpi_gather.finc = line: 98, var: 'spacecomm' [12_hide_mpi]
xmpi_gather.finc = line: 44, var: 'recvcount' [12_hide_mpi]
xmpi_gather.finc = line: 44, var: 'root' [12_hide_mpi]
xmpi_gather.finc = line: 44, var: 'sendcount' [12_hide_mpi]
xmpi_gather.finc = line: 44, var: 'spacecomm' [12_hide_mpi]
xmpi_exch.finc = line: 607, var: 'nt' [12_hide_mpi]
xmpi_exch.finc = line: 607, var: 'recever' [12_hide_mpi]
xmpi_exch.finc = line: 607, var: 'sender' [12_hide_mpi]
xmpi_exch.finc = line: 607, var: 'spacecomm' [12_hide_mpi]
xmpi_exch.finc = line: 607, var: 'vrecv' [12_hide_mpi]
xmpi_exch.finc = line: 607, var: 'vsend' [12_hide_mpi]
xmpi_exch.finc = line: 552, var: 'n1' [12_hide_mpi]
xmpi_exch.finc = line: 552, var: 'recever' [12_hide_mpi]
xmpi_exch.finc = line: 552, var: 'sender' [12_hide_mpi]
xmpi_exch.finc = line: 552, var: 'spacecomm' [12_hide_mpi]
xmpi_exch.finc = line: 552, var: 'vrecv' [12_hide_mpi]
xmpi_exch.finc = line: 552, var: 'vsend' [12_hide_mpi]
xmpi_exch.finc = line: 497, var: 'n1' [12_hide_mpi]
xmpi_exch.finc = line: 497, var: 'recever' [12_hide_mpi]
xmpi_exch.finc = line: 497, var: 'sender' [12_hide_mpi]
xmpi_exch.finc = line: 497, var: 'spacecomm' [12_hide_mpi]
xmpi_exch.finc = line: 497, var: 'vrecv' [12_hide_mpi]
xmpi_exch.finc = line: 497, var: 'vsend' [12_hide_mpi]
xmpi_exch.finc = line: 437, var: 'mtag' [12_hide_mpi]
xmpi_exch.finc = line: 437, var: 'recever' [12_hide_mpi]
xmpi_exch.finc = line: 437, var: 'sender' [12_hide_mpi]
xmpi_exch.finc = line: 437, var: 'spacecomm' [12_hide_mpi]
xmpi_exch.finc = line: 437, var: 'vrecv' [12_hide_mpi]
xmpi_exch.finc = line: 437, var: 'vsend' [12_hide_mpi]
xmpi_exch.finc = line: 366, var: 'mtag' [12_hide_mpi]
xmpi_exch.finc = line: 366, var: 'recever' [12_hide_mpi]
xmpi_exch.finc = line: 366, var: 'sender' [12_hide_mpi]
xmpi_exch.finc = line: 366, var: 'spacecomm' [12_hide_mpi]
xmpi_exch.finc = line: 366, var: 'vrecv' [12_hide_mpi]
xmpi_exch.finc = line: 366, var: 'vsend' [12_hide_mpi]
xmpi_exch.finc = line: 299, var: 'nt' [12_hide_mpi]
xmpi_exch.finc = line: 299, var: 'recever' [12_hide_mpi]
xmpi_exch.finc = line: 299, var: 'sender' [12_hide_mpi]
xmpi_exch.finc = line: 299, var: 'spacecomm' [12_hide_mpi]
xmpi_exch.finc = line: 299, var: 'vrecv' [12_hide_mpi]
xmpi_exch.finc = line: 299, var: 'vsend' [12_hide_mpi]
xmpi_exch.finc = line: 232, var: 'nt' [12_hide_mpi]
xmpi_exch.finc = line: 232, var: 'recever' [12_hide_mpi]
xmpi_exch.finc = line: 232, var: 'sender' [12_hide_mpi]
xmpi_exch.finc = line: 232, var: 'spacecomm' [12_hide_mpi]
xmpi_exch.finc = line: 232, var: 'vrecv' [12_hide_mpi]
xmpi_exch.finc = line: 232, var: 'vsend' [12_hide_mpi]
xmpi_exch.finc = line: 165, var: 'n1' [12_hide_mpi]
xmpi_exch.finc = line: 165, var: 'recever' [12_hide_mpi]
xmpi_exch.finc = line: 165, var: 'sender' [12_hide_mpi]
xmpi_exch.finc = line: 165, var: 'spacecomm' [12_hide_mpi]
xmpi_exch.finc = line: 165, var: 'vrecv' [12_hide_mpi]
xmpi_exch.finc = line: 165, var: 'vsend' [12_hide_mpi]
xmpi_exch.finc = line: 98, var: 'nt' [12_hide_mpi]
xmpi_exch.finc = line: 98, var: 'recever' [12_hide_mpi]
xmpi_exch.finc = line: 98, var: 'sender' [12_hide_mpi]
xmpi_exch.finc = line: 98, var: 'spacecomm' [12_hide_mpi]
xmpi_exch.finc = line: 98, var: 'vrecv' [12_hide_mpi]
xmpi_exch.finc = line: 98, var: 'vsend' [12_hide_mpi]
xmpi_exch.finc = line: 31, var: 'n1' [12_hide_mpi]
xmpi_exch.finc = line: 31, var: 'recever' [12_hide_mpi]
xmpi_exch.finc = line: 31, var: 'sender' [12_hide_mpi]
xmpi_exch.finc = line: 31, var: 'spacecomm' [12_hide_mpi]
xmpi_exch.finc = line: 31, var: 'vrecv' [12_hide_mpi]
xmpi_exch.finc = line: 31, var: 'vsend' [12_hide_mpi]
xmpi_bcast.finc = line: 1721, var: 'master' [12_hide_mpi]
xmpi_bcast.finc = line: 1721, var: 'spacecomm' [12_hide_mpi]
xmpi_bcast.finc = line: 1721, var: 'xval' [12_hide_mpi]
xmpi_bcast.finc = line: 1618, var: 'master' [12_hide_mpi]
xmpi_bcast.finc = line: 1618, var: 'spacecomm' [12_hide_mpi]
xmpi_bcast.finc = line: 1618, var: 'xval' [12_hide_mpi]
xmpi_bcast.finc = line: 1569, var: 'master' [12_hide_mpi]
xmpi_bcast.finc = line: 1569, var: 'spacecomm' [12_hide_mpi]
xmpi_bcast.finc = line: 1569, var: 'xval' [12_hide_mpi]
xmpi_bcast.finc = line: 1515, var: 'master' [12_hide_mpi]
xmpi_bcast.finc = line: 1515, var: 'spacecomm' [12_hide_mpi]
xmpi_bcast.finc = line: 1515, var: 'xval' [12_hide_mpi]
xmpi_bcast.finc = line: 1460, var: 'master' [12_hide_mpi]
xmpi_bcast.finc = line: 1460, var: 'spacecomm' [12_hide_mpi]
xmpi_bcast.finc = line: 1460, var: 'xval' [12_hide_mpi]
xmpi_bcast.finc = line: 1404, var: 'master' [12_hide_mpi]
xmpi_bcast.finc = line: 1404, var: 'spacecomm' [12_hide_mpi]
xmpi_bcast.finc = line: 1404, var: 'xval' [12_hide_mpi]
xmpi_bcast.finc = line: 1348, var: 'master' [12_hide_mpi]
xmpi_bcast.finc = line: 1348, var: 'spacecomm' [12_hide_mpi]
xmpi_bcast.finc = line: 1348, var: 'xval' [12_hide_mpi]
xmpi_bcast.finc = line: 1294, var: 'master' [12_hide_mpi]
xmpi_bcast.finc = line: 1294, var: 'spacecomm' [12_hide_mpi]
xmpi_bcast.finc = line: 1294, var: 'xval' [12_hide_mpi]
xmpi_bcast.finc = line: 1239, var: 'master' [12_hide_mpi]
xmpi_bcast.finc = line: 1239, var: 'spacecomm' [12_hide_mpi]
xmpi_bcast.finc = line: 1239, var: 'xval' [12_hide_mpi]
xmpi_bcast.finc = line: 1190, var: 'master' [12_hide_mpi]
xmpi_bcast.finc = line: 1190, var: 'spacecomm' [12_hide_mpi]
xmpi_bcast.finc = line: 1190, var: 'xval' [12_hide_mpi]
xmpi_bcast.finc = line: 1134, var: 'master' [12_hide_mpi]
xmpi_bcast.finc = line: 1134, var: 'spacecomm' [12_hide_mpi]
xmpi_bcast.finc = line: 1134, var: 'xval' [12_hide_mpi]
xmpi_bcast.finc = line: 1078, var: 'master' [12_hide_mpi]
xmpi_bcast.finc = line: 1078, var: 'spacecomm' [12_hide_mpi]
xmpi_bcast.finc = line: 1078, var: 'xval' [12_hide_mpi]
xmpi_bcast.finc = line: 1024, var: 'master' [12_hide_mpi]
xmpi_bcast.finc = line: 1024, var: 'spacecomm' [12_hide_mpi]
xmpi_bcast.finc = line: 1024, var: 'xval' [12_hide_mpi]
xmpi_bcast.finc = line: 969, var: 'master' [12_hide_mpi]
xmpi_bcast.finc = line: 969, var: 'spacecomm' [12_hide_mpi]
xmpi_bcast.finc = line: 969, var: 'xval' [12_hide_mpi]
xmpi_bcast.finc = line: 914, var: 'master' [12_hide_mpi]
xmpi_bcast.finc = line: 914, var: 'spacecomm' [12_hide_mpi]
xmpi_bcast.finc = line: 914, var: 'xval' [12_hide_mpi]
xmpi_bcast.finc = line: 852, var: 'master' [12_hide_mpi]
xmpi_bcast.finc = line: 852, var: 'spacecomm' [12_hide_mpi]
xmpi_bcast.finc = line: 852, var: 'xval' [12_hide_mpi]
xmpi_bcast.finc = line: 795, var: 'master' [12_hide_mpi]
xmpi_bcast.finc = line: 795, var: 'spacecomm' [12_hide_mpi]
xmpi_bcast.finc = line: 795, var: 'xval' [12_hide_mpi]
xmpi_bcast.finc = line: 739, var: 'master' [12_hide_mpi]
xmpi_bcast.finc = line: 739, var: 'spacecomm' [12_hide_mpi]
xmpi_bcast.finc = line: 739, var: 'xval' [12_hide_mpi]
xmpi_bcast.finc = line: 685, var: 'master' [12_hide_mpi]
xmpi_bcast.finc = line: 685, var: 'spacecomm' [12_hide_mpi]
xmpi_bcast.finc = line: 685, var: 'xval' [12_hide_mpi]
xmpi_bcast.finc = line: 636, var: 'master' [12_hide_mpi]
xmpi_bcast.finc = line: 636, var: 'spacecomm' [12_hide_mpi]
xmpi_bcast.finc = line: 636, var: 'xval' [12_hide_mpi]
xmpi_bcast.finc = line: 578, var: 'master' [12_hide_mpi]
xmpi_bcast.finc = line: 578, var: 'spacecomm' [12_hide_mpi]
xmpi_bcast.finc = line: 578, var: 'xval' [12_hide_mpi]
xmpi_bcast.finc = line: 521, var: 'master' [12_hide_mpi]
xmpi_bcast.finc = line: 521, var: 'spacecomm' [12_hide_mpi]
xmpi_bcast.finc = line: 521, var: 'xval' [12_hide_mpi]
xmpi_bcast.finc = line: 465, var: 'master' [12_hide_mpi]
xmpi_bcast.finc = line: 465, var: 'spacecomm' [12_hide_mpi]
xmpi_bcast.finc = line: 465, var: 'xval' [12_hide_mpi]
xmpi_bcast.finc = line: 408, var: 'master' [12_hide_mpi]
xmpi_bcast.finc = line: 408, var: 'spacecomm' [12_hide_mpi]
xmpi_bcast.finc = line: 408, var: 'xval' [12_hide_mpi]
xmpi_bcast.finc = line: 354, var: 'master' [12_hide_mpi]
xmpi_bcast.finc = line: 354, var: 'spacecomm' [12_hide_mpi]
xmpi_bcast.finc = line: 354, var: 'xval' [12_hide_mpi]
xmpi_bcast.finc = line: 299, var: 'master' [12_hide_mpi]
xmpi_bcast.finc = line: 299, var: 'spacecomm' [12_hide_mpi]
xmpi_bcast.finc = line: 299, var: 'xval' [12_hide_mpi]
xmpi_bcast.finc = line: 245, var: 'master' [12_hide_mpi]
xmpi_bcast.finc = line: 245, var: 'spacecomm' [12_hide_mpi]
xmpi_bcast.finc = line: 245, var: 'xval' [12_hide_mpi]
xmpi_bcast.finc = line: 184, var: 'master' [12_hide_mpi]
xmpi_bcast.finc = line: 184, var: 'spacecomm' [12_hide_mpi]
xmpi_bcast.finc = line: 184, var: 'xval' [12_hide_mpi]
xmpi_bcast.finc = line: 125, var: 'master' [12_hide_mpi]
xmpi_bcast.finc = line: 125, var: 'spacecomm' [12_hide_mpi]
xmpi_bcast.finc = line: 125, var: 'xval' [12_hide_mpi]
xmpi_bcast.finc = line: 70, var: 'master' [12_hide_mpi]
xmpi_bcast.finc = line: 70, var: 'spacecomm' [12_hide_mpi]
xmpi_bcast.finc = line: 70, var: 'xval' [12_hide_mpi]
xmpi_bcast.finc = line: 19, var: 'master' [12_hide_mpi]
xmpi_bcast.finc = line: 19, var: 'spacecomm' [12_hide_mpi]
xmpi_bcast.finc = line: 19, var: 'xval' [12_hide_mpi]
xmpi_alltoallv.finc = line: 206, var: 'comm' [12_hide_mpi]
xmpi_alltoallv.finc = line: 206, var: 'recvcnts' [12_hide_mpi]
xmpi_alltoallv.finc = line: 146, var: 'comm' [12_hide_mpi]
xmpi_alltoallv.finc = line: 146, var: 'recvcnts' [12_hide_mpi]
xmpi_alltoallv.finc = line: 94, var: 'comm' [12_hide_mpi]
xmpi_alltoallv.finc = line: 94, var: 'recvcnts' [12_hide_mpi]
xmpi_alltoallv.finc = line: 37, var: 'comm' [12_hide_mpi]
xmpi_alltoallv.finc = line: 37, var: 'recvcnts' [12_hide_mpi]
xmpi_alltoall.finc = line: 127, var: 'recvsize' [12_hide_mpi]
xmpi_alltoall.finc = line: 127, var: 'sendsize' [12_hide_mpi]
xmpi_alltoall.finc = line: 127, var: 'spacecomm' [12_hide_mpi]
xmpi_alltoall.finc = line: 80, var: 'recvsize' [12_hide_mpi]
xmpi_alltoall.finc = line: 80, var: 'sendsize' [12_hide_mpi]
xmpi_alltoall.finc = line: 80, var: 'spacecomm' [12_hide_mpi]
xmpi_alltoall.finc = line: 31, var: 'recvsize' [12_hide_mpi]
xmpi_alltoall.finc = line: 31, var: 'sendsize' [12_hide_mpi]
xmpi_alltoall.finc = line: 31, var: 'spacecomm' [12_hide_mpi]
xmpi_allgatherv.finc = line: 929, var: 'spacecomm' [12_hide_mpi]
xmpi_allgatherv.finc = line: 769, var: 'spacecomm' [12_hide_mpi]
xmpi_allgatherv.finc = line: 704, var: 'nelem' [12_hide_mpi]
xmpi_allgatherv.finc = line: 704, var: 'spacecomm' [12_hide_mpi]
xmpi_allgatherv.finc = line: 636, var: 'nelem' [12_hide_mpi]
xmpi_allgatherv.finc = line: 636, var: 'spacecomm' [12_hide_mpi]
xmpi_allgatherv.finc = line: 569, var: 'nelem' [12_hide_mpi]
xmpi_allgatherv.finc = line: 569, var: 'spacecomm' [12_hide_mpi]
xmpi_allgatherv.finc = line: 502, var: 'nelem' [12_hide_mpi]
xmpi_allgatherv.finc = line: 502, var: 'spacecomm' [12_hide_mpi]
xmpi_allgatherv.finc = line: 435, var: 'nelem' [12_hide_mpi]
xmpi_allgatherv.finc = line: 435, var: 'spacecomm' [12_hide_mpi]
xmpi_allgatherv.finc = line: 369, var: 'nelem' [12_hide_mpi]
xmpi_allgatherv.finc = line: 369, var: 'spacecomm' [12_hide_mpi]
xmpi_allgatherv.finc = line: 161, var: 'spacecomm' [12_hide_mpi]
xmpi_allgatherv.finc = line: 93, var: 'nelem' [12_hide_mpi]
xmpi_allgatherv.finc = line: 93, var: 'spacecomm' [12_hide_mpi]
xmpi_allgatherv.finc = line: 26, var: 'nelem' [12_hide_mpi]
xmpi_allgatherv.finc = line: 26, var: 'spacecomm' [12_hide_mpi]
xmpi_allgather.finc = line: 464, var: 'nelem' [12_hide_mpi]
xmpi_allgather.finc = line: 464, var: 'spacecomm' [12_hide_mpi]
xmpi_allgather.finc = line: 404, var: 'nelem' [12_hide_mpi]
xmpi_allgather.finc = line: 404, var: 'spacecomm' [12_hide_mpi]
xmpi_allgather.finc = line: 345, var: 'nelem' [12_hide_mpi]
xmpi_allgather.finc = line: 345, var: 'spacecomm' [12_hide_mpi]
xmpi_allgather.finc = line: 286, var: 'spacecomm' [12_hide_mpi]
xmpi_allgather.finc = line: 226, var: 'nelem' [12_hide_mpi]
xmpi_allgather.finc = line: 226, var: 'spacecomm' [12_hide_mpi]
xmpi_allgather.finc = line: 167, var: 'spacecomm' [12_hide_mpi]
xmpi_allgather.finc = line: 107, var: 'spacecomm' [12_hide_mpi]
xmpi_allgather.finc = line: 46, var: 'spacecomm' [12_hide_mpi]
m_xmpi.F90 = line: 2229, var: 'new_err_handler' [12_hide_mpi]
m_xmpi.F90 = line: 2176, var: 'mpierr' [12_hide_mpi]
m_xmpi.F90 = line: 2123, var: 'requests' [12_hide_mpi]
m_xmpi.F90 = line: 2069, var: 'array_of_requests' [12_hide_mpi]
m_xmpi.F90 = line: 2014, var: 'request' [12_hide_mpi]
m_xmpi.F90 = line: 1957, var: 'mpicomm' [12_hide_mpi]
m_xmpi.F90 = line: 1957, var: 'source' [12_hide_mpi]
m_xmpi.F90 = line: 1957, var: 'tag' [12_hide_mpi]
m_xmpi.F90 = line: 1838, var: 'comm' [12_hide_mpi]
m_xmpi.F90 = line: 1712, var: 'ranks1' [12_hide_mpi]
m_xmpi.F90 = line: 1712, var: 'spacegroup1' [12_hide_mpi]
m_xmpi.F90 = line: 1713, var: 'spacegroup2' [12_hide_mpi]
m_xmpi.F90 = line: 1656, var: 'color' [12_hide_mpi]
m_xmpi.F90 = line: 1656, var: 'key' [12_hide_mpi]
m_xmpi.F90 = line: 1603, var: 'comm' [12_hide_mpi]
m_xmpi.F90 = line: 1526, var: 'comm' [12_hide_mpi]
m_xmpi.F90 = line: 1470, var: 'comm' [12_hide_mpi]
m_xmpi.F90 = line: 1470, var: 'group' [12_hide_mpi]
m_xmpi.F90 = line: 1415, var: 'group' [12_hide_mpi]
m_xmpi.F90 = line: 1415, var: 'ranks' [12_hide_mpi]
m_xmpi.F90 = line: 1045, var: 'comm' [12_hide_mpi]
m_xmpi.F90 = line: 993, var: 'comm' [12_hide_mpi]
m_xmpi.F90 = line: 785, var: 'mpierr' [12_hide_mpi]
m_tetrahedron.F90 = line: 1557, var: 'nkpt' [17_libtetra_ext]
m_tetrahedron.F90 = line: 1499, var: 'comm' [17_libtetra_ext]
m_dummy.F90 = line: 35, var: 'unused_arg' [32_util]
m_libxc_functionals.F90 = line: 1662, var: 'hyb_mixing' [41_xc_lowlevel]
m_libxc_functionals.F90 = line: 1662, var: 'hyb_mixing_sr' [41_xc_lowlevel]
m_libxc_functionals.F90 = line: 1662, var: 'hyb_range' [41_xc_lowlevel]
m_libpaw_mpi.F90 = line: 3648, var: 'comm' [42_libpaw]
m_libpaw_mpi.F90 = line: 3648, var: 'xval' [42_libpaw]
m_libpaw_mpi.F90 = line: 3582, var: 'comm' [42_libpaw]
m_libpaw_mpi.F90 = line: 3582, var: 'xval' [42_libpaw]
m_libpaw_mpi.F90 = line: 3516, var: 'comm' [42_libpaw]
m_libpaw_mpi.F90 = line: 3516, var: 'xval' [42_libpaw]
m_libpaw_mpi.F90 = line: 3450, var: 'comm' [42_libpaw]
m_libpaw_mpi.F90 = line: 3450, var: 'xval' [42_libpaw]
m_libpaw_mpi.F90 = line: 3385, var: 'comm' [42_libpaw]
m_libpaw_mpi.F90 = line: 3385, var: 'xval' [42_libpaw]
m_libpaw_mpi.F90 = line: 3320, var: 'nt' [42_libpaw]
m_libpaw_mpi.F90 = line: 3320, var: 'recever' [42_libpaw]
m_libpaw_mpi.F90 = line: 3320, var: 'sender' [42_libpaw]
m_libpaw_mpi.F90 = line: 3320, var: 'spacecomm' [42_libpaw]
m_libpaw_mpi.F90 = line: 3320, var: 'vrecv' [42_libpaw]
m_libpaw_mpi.F90 = line: 3320, var: 'vsend' [42_libpaw]
m_libpaw_mpi.F90 = line: 3253, var: 'nt' [42_libpaw]
m_libpaw_mpi.F90 = line: 3253, var: 'recever' [42_libpaw]
m_libpaw_mpi.F90 = line: 3253, var: 'sender' [42_libpaw]
m_libpaw_mpi.F90 = line: 3253, var: 'spacecomm' [42_libpaw]
m_libpaw_mpi.F90 = line: 3253, var: 'vrecv' [42_libpaw]
m_libpaw_mpi.F90 = line: 3253, var: 'vsend' [42_libpaw]
m_libpaw_mpi.F90 = line: 3186, var: 'n1' [42_libpaw]
m_libpaw_mpi.F90 = line: 3186, var: 'recever' [42_libpaw]
m_libpaw_mpi.F90 = line: 3186, var: 'sender' [42_libpaw]
m_libpaw_mpi.F90 = line: 3186, var: 'spacecomm' [42_libpaw]
m_libpaw_mpi.F90 = line: 3186, var: 'vrecv' [42_libpaw]
m_libpaw_mpi.F90 = line: 3186, var: 'vsend' [42_libpaw]
m_libpaw_mpi.F90 = line: 3119, var: 'n1' [42_libpaw]
m_libpaw_mpi.F90 = line: 3119, var: 'recever' [42_libpaw]
m_libpaw_mpi.F90 = line: 3119, var: 'sender' [42_libpaw]
m_libpaw_mpi.F90 = line: 3119, var: 'spacecomm' [42_libpaw]
m_libpaw_mpi.F90 = line: 3119, var: 'vrecv' [42_libpaw]
m_libpaw_mpi.F90 = line: 3119, var: 'vsend' [42_libpaw]
m_libpaw_mpi.F90 = line: 3056, var: 'dest' [42_libpaw]
m_libpaw_mpi.F90 = line: 3056, var: 'spacecomm' [42_libpaw]
m_libpaw_mpi.F90 = line: 3056, var: 'tag' [42_libpaw]
m_libpaw_mpi.F90 = line: 3056, var: 'xval' [42_libpaw]
m_libpaw_mpi.F90 = line: 2997, var: 'dest' [42_libpaw]
m_libpaw_mpi.F90 = line: 2997, var: 'spacecomm' [42_libpaw]
m_libpaw_mpi.F90 = line: 2997, var: 'tag' [42_libpaw]
m_libpaw_mpi.F90 = line: 2997, var: 'xval' [42_libpaw]
m_libpaw_mpi.F90 = line: 2938, var: 'dest' [42_libpaw]
m_libpaw_mpi.F90 = line: 2938, var: 'spacecomm' [42_libpaw]
m_libpaw_mpi.F90 = line: 2938, var: 'tag' [42_libpaw]
m_libpaw_mpi.F90 = line: 2938, var: 'xval' [42_libpaw]
m_libpaw_mpi.F90 = line: 2878, var: 'dest' [42_libpaw]
m_libpaw_mpi.F90 = line: 2878, var: 'spacecomm' [42_libpaw]
m_libpaw_mpi.F90 = line: 2878, var: 'tag' [42_libpaw]
m_libpaw_mpi.F90 = line: 2878, var: 'xval' [42_libpaw]
m_libpaw_mpi.F90 = line: 2820, var: 'dest' [42_libpaw]
m_libpaw_mpi.F90 = line: 2820, var: 'spacecomm' [42_libpaw]
m_libpaw_mpi.F90 = line: 2820, var: 'tag' [42_libpaw]
m_libpaw_mpi.F90 = line: 2820, var: 'xval' [42_libpaw]
m_libpaw_mpi.F90 = line: 2762, var: 'dest' [42_libpaw]
m_libpaw_mpi.F90 = line: 2762, var: 'spacecomm' [42_libpaw]
m_libpaw_mpi.F90 = line: 2762, var: 'tag' [42_libpaw]
m_libpaw_mpi.F90 = line: 2762, var: 'xval' [42_libpaw]
m_libpaw_mpi.F90 = line: 2704, var: 'dest' [42_libpaw]
m_libpaw_mpi.F90 = line: 2704, var: 'spacecomm' [42_libpaw]
m_libpaw_mpi.F90 = line: 2704, var: 'tag' [42_libpaw]
m_libpaw_mpi.F90 = line: 2704, var: 'xval' [42_libpaw]
m_libpaw_mpi.F90 = line: 2643, var: 'source' [42_libpaw]
m_libpaw_mpi.F90 = line: 2643, var: 'spacecomm' [42_libpaw]
m_libpaw_mpi.F90 = line: 2643, var: 'tag' [42_libpaw]
m_libpaw_mpi.F90 = line: 2643, var: 'xval' [42_libpaw]
m_libpaw_mpi.F90 = line: 2581, var: 'source' [42_libpaw]
m_libpaw_mpi.F90 = line: 2581, var: 'spacecomm' [42_libpaw]
m_libpaw_mpi.F90 = line: 2581, var: 'tag' [42_libpaw]
m_libpaw_mpi.F90 = line: 2581, var: 'xval' [42_libpaw]
m_libpaw_mpi.F90 = line: 2520, var: 'source' [42_libpaw]
m_libpaw_mpi.F90 = line: 2520, var: 'spacecomm' [42_libpaw]
m_libpaw_mpi.F90 = line: 2520, var: 'tag' [42_libpaw]
m_libpaw_mpi.F90 = line: 2520, var: 'xval' [42_libpaw]
m_libpaw_mpi.F90 = line: 2457, var: 'source' [42_libpaw]
m_libpaw_mpi.F90 = line: 2457, var: 'spacecomm' [42_libpaw]
m_libpaw_mpi.F90 = line: 2457, var: 'tag' [42_libpaw]
m_libpaw_mpi.F90 = line: 2457, var: 'xval' [42_libpaw]
m_libpaw_mpi.F90 = line: 2396, var: 'source' [42_libpaw]
m_libpaw_mpi.F90 = line: 2396, var: 'spacecomm' [42_libpaw]
m_libpaw_mpi.F90 = line: 2396, var: 'tag' [42_libpaw]
m_libpaw_mpi.F90 = line: 2396, var: 'xval' [42_libpaw]
m_libpaw_mpi.F90 = line: 2335, var: 'source' [42_libpaw]
m_libpaw_mpi.F90 = line: 2335, var: 'spacecomm' [42_libpaw]
m_libpaw_mpi.F90 = line: 2335, var: 'tag' [42_libpaw]
m_libpaw_mpi.F90 = line: 2335, var: 'xval' [42_libpaw]
m_libpaw_mpi.F90 = line: 2274, var: 'source' [42_libpaw]
m_libpaw_mpi.F90 = line: 2274, var: 'spacecomm' [42_libpaw]
m_libpaw_mpi.F90 = line: 2274, var: 'tag' [42_libpaw]
m_libpaw_mpi.F90 = line: 2274, var: 'xval' [42_libpaw]
m_libpaw_mpi.F90 = line: 2205, var: 'nelem' [42_libpaw]
m_libpaw_mpi.F90 = line: 2205, var: 'root' [42_libpaw]
m_libpaw_mpi.F90 = line: 2205, var: 'spacecomm' [42_libpaw]
m_libpaw_mpi.F90 = line: 2139, var: 'nelem' [42_libpaw]
m_libpaw_mpi.F90 = line: 2139, var: 'root' [42_libpaw]
m_libpaw_mpi.F90 = line: 2139, var: 'spacecomm' [42_libpaw]
m_libpaw_mpi.F90 = line: 2073, var: 'nelem' [42_libpaw]
m_libpaw_mpi.F90 = line: 2073, var: 'root' [42_libpaw]
m_libpaw_mpi.F90 = line: 2073, var: 'spacecomm' [42_libpaw]
m_libpaw_mpi.F90 = line: 2010, var: 'recvcount' [42_libpaw]
m_libpaw_mpi.F90 = line: 2010, var: 'root' [42_libpaw]
m_libpaw_mpi.F90 = line: 2010, var: 'sendcount' [42_libpaw]
m_libpaw_mpi.F90 = line: 2010, var: 'spacecomm' [42_libpaw]
m_libpaw_mpi.F90 = line: 1950, var: 'recvcount' [42_libpaw]
m_libpaw_mpi.F90 = line: 1950, var: 'root' [42_libpaw]
m_libpaw_mpi.F90 = line: 1950, var: 'sendcount' [42_libpaw]
m_libpaw_mpi.F90 = line: 1950, var: 'spacecomm' [42_libpaw]
m_libpaw_mpi.F90 = line: 1891, var: 'recvcount' [42_libpaw]
m_libpaw_mpi.F90 = line: 1891, var: 'root' [42_libpaw]
m_libpaw_mpi.F90 = line: 1891, var: 'sendcount' [42_libpaw]
m_libpaw_mpi.F90 = line: 1891, var: 'spacecomm' [42_libpaw]
m_libpaw_mpi.F90 = line: 1830, var: 'master' [42_libpaw]
m_libpaw_mpi.F90 = line: 1830, var: 'spacecomm' [42_libpaw]
m_libpaw_mpi.F90 = line: 1830, var: 'xval' [42_libpaw]
m_libpaw_mpi.F90 = line: 1774, var: 'master' [42_libpaw]
m_libpaw_mpi.F90 = line: 1774, var: 'spacecomm' [42_libpaw]
m_libpaw_mpi.F90 = line: 1774, var: 'xval' [42_libpaw]
m_libpaw_mpi.F90 = line: 1718, var: 'master' [42_libpaw]
m_libpaw_mpi.F90 = line: 1718, var: 'spacecomm' [42_libpaw]
m_libpaw_mpi.F90 = line: 1718, var: 'xval' [42_libpaw]
m_libpaw_mpi.F90 = line: 1665, var: 'master' [42_libpaw]
m_libpaw_mpi.F90 = line: 1665, var: 'spacecomm' [42_libpaw]
m_libpaw_mpi.F90 = line: 1665, var: 'xval' [42_libpaw]
m_libpaw_mpi.F90 = line: 1613, var: 'master' [42_libpaw]
m_libpaw_mpi.F90 = line: 1613, var: 'spacecomm' [42_libpaw]
m_libpaw_mpi.F90 = line: 1613, var: 'xval' [42_libpaw]
m_libpaw_mpi.F90 = line: 1547, var: 'comm' [42_libpaw]
m_libpaw_mpi.F90 = line: 1547, var: 'recvcnts' [42_libpaw]
m_libpaw_mpi.F90 = line: 1480, var: 'comm' [42_libpaw]
m_libpaw_mpi.F90 = line: 1480, var: 'recvcnts' [42_libpaw]
m_libpaw_mpi.F90 = line: 1410, var: 'comm' [42_libpaw]
m_libpaw_mpi.F90 = line: 1410, var: 'recvcnts' [42_libpaw]
m_libpaw_mpi.F90 = line: 1347, var: 'recvsize' [42_libpaw]
m_libpaw_mpi.F90 = line: 1347, var: 'sendsize' [42_libpaw]
m_libpaw_mpi.F90 = line: 1347, var: 'spacecomm' [42_libpaw]
m_libpaw_mpi.F90 = line: 1288, var: 'recvsize' [42_libpaw]
m_libpaw_mpi.F90 = line: 1288, var: 'sendsize' [42_libpaw]
m_libpaw_mpi.F90 = line: 1288, var: 'spacecomm' [42_libpaw]
m_libpaw_mpi.F90 = line: 1227, var: 'recvsize' [42_libpaw]
m_libpaw_mpi.F90 = line: 1227, var: 'sendsize' [42_libpaw]
m_libpaw_mpi.F90 = line: 1227, var: 'spacecomm' [42_libpaw]
m_libpaw_mpi.F90 = line: 1161, var: 'root' [42_libpaw]
m_libpaw_mpi.F90 = line: 1161, var: 'sendcounts' [42_libpaw]
m_libpaw_mpi.F90 = line: 1161, var: 'spacecomm' [42_libpaw]
m_libpaw_mpi.F90 = line: 1096, var: 'root' [42_libpaw]
m_libpaw_mpi.F90 = line: 1096, var: 'sendcounts' [42_libpaw]
m_libpaw_mpi.F90 = line: 1096, var: 'spacecomm' [42_libpaw]
m_libpaw_mpi.F90 = line: 1031, var: 'root' [42_libpaw]
m_libpaw_mpi.F90 = line: 1031, var: 'sendcounts' [42_libpaw]
m_libpaw_mpi.F90 = line: 1031, var: 'spacecomm' [42_libpaw]
m_libpaw_mpi.F90 = line: 962, var: 'nelem' [42_libpaw]
m_libpaw_mpi.F90 = line: 962, var: 'spacecomm' [42_libpaw]
m_libpaw_mpi.F90 = line: 897, var: 'nelem' [42_libpaw]
m_libpaw_mpi.F90 = line: 897, var: 'spacecomm' [42_libpaw]
m_libpaw_mpi.F90 = line: 832, var: 'nelem' [42_libpaw]
m_libpaw_mpi.F90 = line: 832, var: 'spacecomm' [42_libpaw]
m_libpaw_mpi.F90 = line: 772, var: 'nelem' [42_libpaw]
m_libpaw_mpi.F90 = line: 772, var: 'spacecomm' [42_libpaw]
m_libpaw_mpi.F90 = line: 716, var: 'nelem' [42_libpaw]
m_libpaw_mpi.F90 = line: 716, var: 'spacecomm' [42_libpaw]
m_libpaw_mpi.F90 = line: 660, var: 'spacecomm' [42_libpaw]
m_libpaw_mpi.F90 = line: 604, var: 'spacecomm' [42_libpaw]
m_libpaw_mpi.F90 = line: 545, var: 'mpicomm' [42_libpaw]
m_libpaw_mpi.F90 = line: 545, var: 'source' [42_libpaw]
m_libpaw_mpi.F90 = line: 545, var: 'tag' [42_libpaw]
m_libpaw_mpi.F90 = line: 489, var: 'array_of_requests' [42_libpaw]
m_libpaw_mpi.F90 = line: 436, var: 'request' [42_libpaw]
m_libpaw_mpi.F90 = line: 379, var: 'comm' [42_libpaw]
m_libpaw_mpi.F90 = line: 329, var: 'comm' [42_libpaw]
m_libpaw_mpi.F90 = line: 279, var: 'comm' [42_libpaw]
m_libpaw_mpi.F90 = line: 203, var: 'mpierr' [42_libpaw]
m_libpaw_libxc.F90 = line: 1589, var: 'hyb_mixing' [42_libpaw]
m_libpaw_libxc.F90 = line: 1589, var: 'hyb_mixing_sr' [42_libpaw]
m_libpaw_libxc.F90 = line: 1589, var: 'hyb_range' [42_libpaw]
m_pawcprj.F90 = line: 778, var: 'atindx' [42_libpaw]
m_pawxc.F90 = line: 4499, var: 'xclevel' [42_libpaw]
m_abi2big.F90 = line: 1063, var: 'shift' [43_wvl_wrappers]
m_abi2big.F90 = line: 1002, var: 'shift' [43_wvl_wrappers]
m_abi2big.F90 = line: 937, var: 'shift' [43_wvl_wrappers]
m_abi2big.F90 = line: 871, var: 'shift' [43_wvl_wrappers]
m_abi2big.F90 = line: 806, var: 'shift' [43_wvl_wrappers]
m_abi2big.F90 = line: 740, var: 'shift' [43_wvl_wrappers]
predict_copy.F90 = line: 62, var: 'itimimage' [45_geomoptim]
m_use_ga.F90 = line: 85, var: 'itimimage' [45_geomoptim]
m_abihist.F90 = line: 1767, var: 'filename' [45_geomoptim]
m_abihist.F90 = line: 1125, var: 'store_all' [45_geomoptim]
m_xredistribute.F90 = line: 175, var: 'me' [51_manage_mpi]
m_xredistribute.F90 = line: 175, var: 'rec_counts' [51_manage_mpi]
m_xredistribute.F90 = line: 175, var: 'rec_displs' [51_manage_mpi]
m_xredistribute.F90 = line: 174, var: 'recvbuf' [51_manage_mpi]
m_xredistribute.F90 = line: 174, var: 'send_counts' [51_manage_mpi]
m_xredistribute.F90 = line: 174, var: 'send_displs' [51_manage_mpi]
m_xredistribute.F90 = line: 175, var: 'spacecomm' [51_manage_mpi]
m_xredistribute.F90 = line: 174, var: 'xval' [51_manage_mpi]
m_xredistribute.F90 = line: 93, var: 'me' [51_manage_mpi]
m_xredistribute.F90 = line: 93, var: 'rec_counts' [51_manage_mpi]
m_xredistribute.F90 = line: 93, var: 'rec_displs' [51_manage_mpi]
m_xredistribute.F90 = line: 92, var: 'recvbuf' [51_manage_mpi]
m_xredistribute.F90 = line: 92, var: 'send_counts' [51_manage_mpi]
m_xredistribute.F90 = line: 92, var: 'send_displs' [51_manage_mpi]
m_xredistribute.F90 = line: 93, var: 'spacecomm' [51_manage_mpi]
m_xredistribute.F90 = line: 92, var: 'xval' [51_manage_mpi]
m_wffile.F90 = line: 610, var: 'wff' [51_manage_mpi]
indirect_parallel_Fourier.F90 = line: 56, var: 'paral_kgb' [52_fft_mpi_noabirule]
m_dens.F90 = line: 81, var: 'znucl' [54_abiutil]
m_abi_etsf.F90 = line: 455, var: 'ncid' [56_io_mpi]
m_abi_etsf.F90 = line: 455, var: 'usewvl' [56_io_mpi]
m_abi_etsf.F90 = line: 311, var: 'dtset' [56_io_mpi]
m_abi_etsf.F90 = line: 311, var: 'filapp' [56_io_mpi]
m_abi_etsf.F90 = line: 311, var: 'itype' [56_io_mpi]
m_abi_etsf.F90 = line: 311, var: 'kdep' [56_io_mpi]
m_abi_etsf.F90 = line: 311, var: 'lmn_size' [56_io_mpi]
m_abi_etsf.F90 = line: 311, var: 'wfs' [56_io_mpi]
m_skw.F90 = line: 582, var: 'cryst' [56_recipspace]
m_skw.F90 = line: 482, var: 'cryst' [56_recipspace]
dfpt_mkvxc_noncoll.F90 = line: 73, var: 'nhat1gr' [56_xc]
dfpt_mkvxc_noncoll.F90 = line: 73, var: 'nkxc_cur' [56_xc]
dos_hdr_write.F90 = line: 55, var: 'buffer' [61_occeig]
dos_hdr_write.F90 = line: 55, var: 'dosdeltae' [61_occeig]
m_ebands.F90 = line: 4763, var: 'natom' [61_occeig]
psp9in.F90 = line: 81, var: 'mpsang' [64_psp]
psp9in.F90 = line: 82, var: 'nctab' [64_psp]
psp9in.F90 = line: 81, var: 'pspso' [64_psp]
psp9in.F90 = line: 81, var: 'qgrid_vl' [64_psp]
pspini.F90 = line: 72, var: 'level' [64_psp]
nonlop_gpu.F90 = line: 159, var: 'nnlout' [66_nonlocal]
m_fock.F90 = line: 1710, var: 'istep' [66_nonlocal]
m_fock.F90 = line: 1567, var: 'fock_energy' [66_nonlocal]
m_fock.F90 = line: 351, var: 'natom' [66_nonlocal]
m_hamiltonian.F90 = line: 1891, var: 'gs_ham' [66_nonlocal]
ctocprj.F90 = line: 96, var: 'mband' [66_nonlocal]
nonlop_pl.F90 = line: 146, var: 'nnlout' [66_nonlocal]
fock2ACE.F90 = line: 87, var: 'symrec' [66_wfs]
m_iowf.F90 = line: 114, var: 'psps' [67_common]
mkcore_inner.F90 = line: 40, var: 'rprimd' [67_common]
mlwfovlp_setup.F90 = line: 67, var: 'gamma_only' [67_common]
mlwfovlp_setup.F90 = line: 71, var: 'real_lattice' [67_common]
mlwfovlp_setup.F90 = line: 71, var: 'recip_lattice' [67_common]
mlwfovlp_setup.F90 = line: 71, var: 'spinors' [67_common]
m_ioarr.F90 = line: 137, var: 'wvl_den' [67_common]
mkcore_wvl.F90 = line: 74, var: 'xcccrc' [67_common]
mlwfovlp.F90 = line: 75, var: 'occ' [67_common]
m_io_kss.F90 = line: 502, var: 'kg_k' [69_wfdesc]
m_shirley.F90 = line: 1683, var: 'paw_ij' [69_wfdesc]
calc_vhxc_me.F90 = line: 87, var: 'rhog' [70_gw]
m_chi0.F90 = line: 1162, var: 'nspinor' [70_gw]
m_chi0.F90 = line: 118, var: 'nspinor' [70_gw]
m_bse_io.F90 = line: 300, var: 'at_option' [71_bse]
m_exc_itdiago.F90 = line: 669, var: 'comm' [71_bse]
m_hexc.F90 = line: 1812, var: 'hexc_i' [71_bse]
m_haydock.F90 = line: 2265, var: 'ket0' [71_bse]
m_rf2.F90 = line: 400, var: 'dtfil' [72_response]
m_rf2.F90 = line: 401, var: 'ikpt' [72_response]
m_rf2.F90 = line: 401, var: 'isppol' [72_response]
m_rf2.F90 = line: 401, var: 'mband' [72_response]
m_rf2.F90 = line: 401, var: 'mkmem' [72_response]
m_rf2.F90 = line: 401, var: 'nsppol' [72_response]
dfpt_etot.F90 = line: 74, var: 'elmag1' [72_response]
m_ddk.F90 = line: 401, var: 'comm' [72_response]
m_dvdb.F90 = line: 4248, var: 'mpi_enreg' [72_response]
m_dvdb.F90 = line: 2672, var: 'cryst' [72_response]
m_dvdb.F90 = line: 2672, var: 'nspden' [72_response]
dfpt_rhotov.F90 = line: 88, var: 'gmet' [72_response]
dfpt_rhotov.F90 = line: 88, var: 'gprimd' [72_response]
m_ddb.F90 = line: 3330, var: 'psps' [72_response]
m_ddb.F90 = line: 1137, var: 'dimekb' [72_response]
m_ddb.F90 = line: 1138, var: 'lmnmax' [72_response]
m_ddb.F90 = line: 1140, var: 'occopt' [72_response]
m_ddb.F90 = line: 1141, var: 'usepaw' [72_response]
dfpt_nstpaw.F90 = line: 159, var: 'nkpt' [72_response]
ddb_internalstr.F90 = line: 54, var: 'asrq0' [77_ddb]
ddb_internalstr.F90 = line: 54, var: 'crystal' [77_ddb]
ddb_internalstr.F90 = line: 54, var: 'msize' [77_ddb]
ddb_elast.F90 = line: 62, var: 'msize' [77_ddb]
ddb_interpolate.F90 = line: 40, var: 'asrq0' [77_ddb]
m_phonons.F90 = line: 2509, var: 'qpoints' [77_ddb]
m_phonons.F90 = line: 2509, var: 'weights' [77_ddb]
m_polynomial_conf.F90 = line: 265, var: 'factor_strain' [78_effpot]
m_polynomial_conf.F90 = line: 267, var: 'index_cells' [78_effpot]
m_polynomial_conf.F90 = line: 266, var: 'power_strain' [78_effpot]
m_polynomial_conf.F90 = line: 266, var: 'strain' [78_effpot]
m_polynomial_conf.F90 = line: 266, var: 'strain_ref' [78_effpot]
m_polynomial_coeff.F90 = line: 2400, var: 'cutoff_in' [78_effpot]
m_polynomial_coeff.F90 = line: 2400, var: 'list_symstr' [78_effpot]
m_polynomial_coeff.F90 = line: 2402, var: 'rprimd' [78_effpot]
m_polynomial_coeff.F90 = line: 2402, var: 'xcart' [78_effpot]
m_polynomial_coeff.F90 = line: 2319, var: 'weight' [78_effpot]
m_polynomial_coeff.F90 = line: 1755, var: 'comm' [78_effpot]
m_polynomial_coeff.F90 = line: 401, var: 'natom' [78_effpot]
m_effective_potential.F90 = line: 3320, var: 'filename' [78_effpot]
m_effective_potential.F90 = line: 3143, var: 'n_cell' [78_effpot]
m_effective_potential.F90 = line: 3143, var: 'qph1l' [78_effpot]
m_effective_potential_file.F90 = line: 603, var: 'comm' [78_effpot]
m_fit_polynomial_coeff.F90 = line: 1418, var: 'ucvol' [78_effpot]
m_fit_polynomial_coeff.F90 = line: 1229, var: 'ucvol' [78_effpot]
m_sigmaph.F90 = line: 1809, var: 'ebands' [78_eph]
m_sigmaph.F90 = line: 1809, var: 'ikcalc' [78_eph]
m_sigmaph.F90 = line: 1809, var: 'spin' [78_eph]
wfsinp.F90 = line: 125, var: 'localrdwf' [79_seqpar_mpi]
wfsinp.F90 = line: 128, var: 'occ' [79_seqpar_mpi]
tddft.F90 = line: 84, var: 'gmet' [79_seqpar_mpi]
m_tdep_phij.F90 = line: 661, var: 'lattice' [80_tdep]
m_tdep_phij.F90 = line: 581, var: 'eatom' [80_tdep]
m_tdep_phij.F90 = line: 581, var: 'fatom' [80_tdep]
m_tdep_phij.F90 = line: 581, var: 'invar' [80_tdep]
m_tdep_abitypes.F90 = line: 180, var: 'crystal' [80_tdep]
m_tdep_phdos.F90 = line: 39, var: 'ddb' [80_tdep]
afterscfloop.F90 = line: 214, var: 'usexcnhat' [94_scfcv]
outscfcv.F90 = line: 129, var: 'fermie' [94_scfcv]
**********************************************************************
Warning count = 850
**********************************************************************
