 #calculated the component:  1  2  3
 #tolerence:    2.000000E-03
 #broadening:    2.000000E-03Ha
 #scissors shift:    0.000000E+00Ha
 #energy window:    4.062113E+01eV    1.492799E+00Ha
 # Energy      Tot-Im Chi(-2w,w,w)  Tot-Im Chi(-2w,w,w)
 # eV          *10^-7 esu        *10^-12 m/V SI units
 #
       0.008163   3.683438E-02   1.542915E+00
       0.016327   3.725412E-02   1.560497E+00
       0.024490   3.768116E-02   1.578385E+00
       0.032654   3.811571E-02   1.596587E+00
       0.040817   3.855793E-02   1.615111E+00
       0.048980   3.900802E-02   1.633964E+00
       0.057144   3.946618E-02   1.653155E+00
       0.065307   3.993261E-02   1.672693E+00
       0.073471   4.040754E-02   1.692587E+00
       0.081634   4.089116E-02   1.712845E+00
       0.089798   4.138372E-02   1.733477E+00
       0.097961   4.188544E-02   1.754493E+00
       0.106124   4.239658E-02   1.775904E+00
       0.114288   4.291738E-02   1.797719E+00
       0.122451   4.344810E-02   1.819950E+00
       0.130615   4.398902E-02   1.842608E+00
       0.138778   4.454041E-02   1.865704E+00
       0.146941   4.510257E-02   1.889252E+00
       0.155105   4.567580E-02   1.913264E+00
       0.163268   4.626042E-02   1.937752E+00
       0.171432   4.685675E-02   1.962731E+00
       0.179595   4.746513E-02   1.988215E+00
       0.187759   4.808592E-02   2.014218E+00
       0.195922   4.871948E-02   2.040757E+00
       0.204085   4.936619E-02   2.067846E+00
       0.212249   5.002646E-02   2.095503E+00
       0.220412   5.070069E-02   2.123746E+00
       0.228576   5.138933E-02   2.152591E+00
       0.236739   5.209282E-02   2.182059E+00
       0.244902   5.281164E-02   2.212169E+00
       0.253066   5.354627E-02   2.242941E+00
       0.261229   5.429723E-02   2.274397E+00
       0.269393   5.506506E-02   2.306560E+00
       0.277556   5.585032E-02   2.339453E+00
       0.285720   5.665360E-02   2.373100E+00
       0.293883   5.747552E-02   2.407529E+00
       0.302046   5.831671E-02   2.442765E+00
       0.310210   5.917787E-02   2.478837E+00
       0.318373   6.005970E-02   2.515775E+00
       0.326537   6.096295E-02   2.553610E+00
       0.334700   6.188841E-02   2.592376E+00
       0.342863   6.283690E-02   2.632106E+00
       0.351027   6.380929E-02   2.672837E+00
       0.359190   6.480651E-02   2.714609E+00
       0.367354   6.582951E-02   2.757460E+00
       0.375517   6.687933E-02   2.801435E+00
       0.383681   6.795705E-02   2.846578E+00
       0.391844   6.906381E-02   2.892938E+00
       0.400007   7.020081E-02   2.940565E+00
       0.408171   7.136935E-02   2.989512E+00
       0.416334   7.257079E-02   3.039838E+00
       0.424498   7.380658E-02   3.091603E+00
       0.432661   7.507825E-02   3.144870E+00
       0.440824   7.638746E-02   3.199710E+00
       0.448988   7.773594E-02   3.256196E+00
       0.457151   7.912558E-02   3.314405E+00
       0.465315   8.055838E-02   3.374421E+00
       0.473478   8.203647E-02   3.436336E+00
       0.481641   8.356217E-02   3.500244E+00
       0.489805   8.513794E-02   3.566250E+00
       0.497968   8.676645E-02   3.634465E+00
       0.506132   8.845057E-02   3.705009E+00
       0.514295   9.019340E-02   3.778012E+00
       0.522459   9.199831E-02   3.853616E+00
       0.530622   9.386895E-02   3.931973E+00
       0.538785   9.580927E-02   4.013249E+00
       0.546949   9.782360E-02   4.097625E+00
       0.555112   9.991666E-02   4.185299E+00
       0.563276   1.020936E-01   4.276488E+00
       0.571439   1.043602E-01   4.371429E+00
       0.579602   1.067226E-01   4.470386E+00
       0.587766   1.091878E-01   4.573646E+00
       0.595929   1.117634E-01   4.681533E+00
       0.604093   1.144579E-01   4.794402E+00
       0.612256   1.172809E-01   4.912651E+00
       0.620420   1.202430E-01   5.036729E+00
       0.628583   1.233563E-01   5.167135E+00
       0.636746   1.266341E-01   5.304438E+00
       0.644910   1.300920E-01   5.449281E+00
       0.653073   1.337474E-01   5.602396E+00
       0.661237   1.376203E-01   5.764624E+00
       0.669400   1.417338E-01   5.936932E+00
       0.677563   1.461147E-01   6.120440E+00
       0.685727   1.507941E-01   6.316450E+00
       0.693890   1.558085E-01   6.526491E+00
       0.702054   1.612007E-01   6.752360E+00
       0.710217   1.670217E-01   6.996187E+00
       0.718381   1.733320E-01   7.260512E+00
       0.726544   1.802042E-01   7.548376E+00
       0.734707   1.877257E-01   7.863435E+00
       0.742871   1.960017E-01   8.210099E+00
       0.751034   2.051591E-01   8.593683E+00
       0.759198   2.153501E-01   9.020565E+00
       0.767361   2.267554E-01   9.498307E+00
       0.775524   2.395834E-01   1.003565E+01
       0.783688   2.540642E-01   1.064221E+01
       0.791851   2.704269E-01   1.132762E+01
       0.800015   2.888523E-01   1.209942E+01
       0.808178   3.093819E-01   1.295936E+01
       0.816342   3.317778E-01   1.389748E+01
       0.824505   3.553615E-01   1.488535E+01
       0.832668   3.789420E-01   1.587309E+01
       0.840832   4.010271E-01   1.679818E+01
       0.848995   4.204246E-01   1.761070E+01
       0.857159   4.369728E-01   1.830387E+01
       0.865322   4.518283E-01   1.892614E+01
       0.873485   4.670433E-01   1.956347E+01
       0.881649   4.848164E-01   2.030794E+01
       0.889812   5.069555E-01   2.123530E+01
       0.897976   5.347291E-01   2.239868E+01
       0.906139   5.689825E-01   2.383349E+01
       0.914302   6.103757E-01   2.556736E+01
       0.922466   6.596247E-01   2.763029E+01
       0.930629   7.175772E-01   3.005780E+01
       0.938793   7.849034E-01   3.287796E+01
       0.946956   8.613152E-01   3.607869E+01
       0.955120   9.444617E-01   3.956152E+01
       0.963283   1.028925E+00   4.309949E+01
       0.971446   1.106123E+00   4.633318E+01
       0.979610   1.166110E+00   4.884588E+01
       0.987773   1.201285E+00   5.031929E+01
       0.995937   1.209993E+00   5.068408E+01
       1.004100   1.197102E+00   5.014411E+01
       1.012263   1.170989E+00   4.905027E+01
       1.020427   1.139559E+00   4.773375E+01
       1.028590   1.108216E+00   4.642083E+01
       1.036754   1.080274E+00   4.525043E+01
       1.044917   1.058238E+00   4.432737E+01
       1.053081   1.044380E+00   4.374688E+01
       1.061244   1.040518E+00   4.358511E+01
       1.069407   1.047705E+00   4.388615E+01
       1.077571   1.066244E+00   4.466274E+01
       1.085734   1.095972E+00   4.590795E+01
       1.093898   1.136733E+00   4.761534E+01
       1.102061   1.188995E+00   4.980449E+01
       1.110224   1.254124E+00   5.253264E+01
       1.118388   1.333719E+00   5.586668E+01
       1.126551   1.427925E+00   5.981278E+01
       1.134715   1.533373E+00   6.422980E+01
       1.142878   1.641748E+00   6.876936E+01
       1.151042   1.740276E+00   7.289649E+01
       1.159205   1.815126E+00   7.603180E+01
       1.167368   1.856735E+00   7.777474E+01
       1.175532   1.863696E+00   7.806631E+01
       1.183695   1.842552E+00   7.718063E+01
       1.191859   1.804473E+00   7.558560E+01
       1.200022   1.761391E+00   7.378098E+01
       1.208185   1.722971E+00   7.217166E+01
       1.216349   1.694849E+00   7.099365E+01
       1.224512   1.678478E+00   7.030794E+01
       1.232676   1.672629E+00   7.006293E+01
       1.240839   1.675736E+00   7.019306E+01
       1.249003   1.687822E+00   7.069932E+01
       1.257166   1.711120E+00   7.167521E+01
       1.265329   1.749480E+00   7.328205E+01
       1.273493   1.807150E+00   7.569771E+01
       1.281656   1.887469E+00   7.906212E+01
       1.289820   1.991797E+00   8.343221E+01
       1.297983   2.118504E+00   8.873970E+01
       1.306146   2.261624E+00   9.473468E+01
       1.314310   2.409459E+00   1.009272E+02
       1.322473   2.544884E+00   1.065999E+02
       1.330637   2.649537E+00   1.109835E+02
       1.338800   2.711394E+00   1.135746E+02
       1.346963   2.730853E+00   1.143897E+02
       1.355127   2.720096E+00   1.139391E+02
       1.363290   2.696599E+00   1.129549E+02
       1.371454   2.676534E+00   1.121144E+02
       1.379617   2.671800E+00   1.119161E+02
       1.387781   2.689923E+00   1.126752E+02
       1.395944   2.734644E+00   1.145485E+02
       1.404107   2.806177E+00   1.175449E+02
       1.412271   2.901295E+00   1.215292E+02
       1.420434   3.013862E+00   1.262444E+02
       1.428598   3.136264E+00   1.313715E+02
       1.436761   3.261369E+00   1.366119E+02
       1.444924   3.384168E+00   1.417557E+02
       1.453088   3.502605E+00   1.467168E+02
       1.461251   3.617573E+00   1.515326E+02
       1.469415   3.732063E+00   1.563283E+02
       1.477578   3.849441E+00   1.612450E+02
       1.485742   3.970958E+00   1.663351E+02
       1.493905   4.093247E+00   1.714575E+02
       1.502068   4.207713E+00   1.762523E+02
       1.510232   4.303505E+00   1.802648E+02
       1.518395   4.372918E+00   1.831724E+02
       1.526559   4.415243E+00   1.849453E+02
       1.534722   4.436218E+00   1.858238E+02
       1.542885   4.444369E+00   1.861653E+02
       1.551049   4.447287E+00   1.862875E+02
       1.559212   4.449451E+00   1.863782E+02
       1.567376   4.452041E+00   1.864866E+02
       1.575539   4.454641E+00   1.865956E+02
       1.583703   4.457752E+00   1.867259E+02
       1.591866   4.464168E+00   1.869946E+02
       1.600029   4.478265E+00   1.875851E+02
       1.608193   4.504248E+00   1.886735E+02
       1.616356   4.544822E+00   1.903731E+02
       1.624520   4.600414E+00   1.927017E+02
       1.632683   4.668112E+00   1.955374E+02
       1.640846   4.740373E+00   1.985643E+02
       1.649010   4.805493E+00   2.012920E+02
       1.657173   4.851601E+00   2.032234E+02
       1.665337   4.872448E+00   2.040966E+02
       1.673500   4.870823E+00   2.040285E+02
       1.681664   4.857246E+00   2.034599E+02
       1.689827   4.845238E+00   2.029569E+02
       1.697990   4.846389E+00   2.030051E+02
       1.706154   4.867563E+00   2.038920E+02
       1.714317   4.910483E+00   2.056898E+02
       1.722481   4.972981E+00   2.083078E+02
       1.730644   5.051068E+00   2.115786E+02
       1.738807   5.140904E+00   2.153417E+02
       1.746971   5.240159E+00   2.194993E+02
       1.755134   5.348626E+00   2.240427E+02
       1.763298   5.468198E+00   2.290513E+02
       1.771461   5.602643E+00   2.346829E+02
       1.779625   5.757513E+00   2.411701E+02
       1.787788   5.939883E+00   2.488092E+02
       1.795951   6.157602E+00   2.579290E+02
       1.804115   6.418307E+00   2.688494E+02
       1.812278   6.728264E+00   2.818329E+02
       1.820442   7.090574E+00   2.970093E+02
       1.828605   7.502395E+00   3.142596E+02
       1.836768   7.952012E+00   3.330931E+02
       1.844932   8.418032E+00   3.526137E+02
       1.853095   8.872542E+00   3.716522E+02
       1.861259   9.287345E+00   3.890274E+02
       1.869422   9.639861E+00   4.037936E+02
       1.877585   9.916156E+00   4.153670E+02
       1.885749   1.011220E+01   4.235790E+02
       1.893912   1.023589E+01   4.287598E+02
       1.902076   1.030887E+01   4.318170E+02
       1.910239   1.036438E+01   4.341420E+02
       1.918403   1.043851E+01   4.372475E+02
       1.926566   1.055750E+01   4.422315E+02
       1.934729   1.072634E+01   4.493039E+02
       1.942893   1.092545E+01   4.576441E+02
       1.951056   1.111878E+01   4.657422E+02
       1.959220   1.127141E+01   4.721357E+02
       1.967383   1.136784E+01   4.761748E+02
       1.975546   1.141965E+01   4.783452E+02
       1.983710   1.145793E+01   4.799488E+02
       1.991873   1.151643E+01   4.823993E+02
       2.000037   1.161559E+01   4.865526E+02
       2.008200   1.175471E+01   4.923803E+02
       2.016364   1.191564E+01   4.991213E+02
       2.024527   1.207476E+01   5.057865E+02
       2.032690   1.221450E+01   5.116397E+02
       2.040854   1.232718E+01   5.163597E+02
       2.049017   1.241219E+01   5.199206E+02
       2.057181   1.247152E+01   5.224059E+02
       2.065344   1.250722E+01   5.239014E+02
       2.073507   1.252058E+01   5.244608E+02
       2.081671   1.251125E+01   5.240702E+02
       2.089834   1.247615E+01   5.225998E+02
       2.097998   1.240969E+01   5.198158E+02
       2.106161   1.230660E+01   5.154976E+02
       2.114325   1.216552E+01   5.095879E+02
       2.122488   1.198949E+01   5.022145E+02
       2.130651   1.178237E+01   4.935390E+02
       2.138815   1.154558E+01   4.836202E+02
       2.146978   1.127981E+01   4.724877E+02
       2.155142   1.098961E+01   4.603319E+02
       2.163305   1.068407E+01   4.475332E+02
       2.171468   1.037223E+01   4.344708E+02
       2.179632   1.005938E+01   4.213664E+02
       2.187795   9.748744E+00   4.083544E+02
       2.195959   9.446088E+00   3.956768E+02
       2.204122   9.162477E+00   3.837969E+02
       2.212286   8.912553E+00   3.733282E+02
       2.220449   8.708827E+00   3.647945E+02
       2.228612   8.554476E+00   3.583291E+02
       2.236776   8.438602E+00   3.534753E+02
       2.244939   8.337419E+00   3.492370E+02
       2.253103   8.221916E+00   3.443988E+02
       2.261266   8.068514E+00   3.379731E+02
       2.269429   7.867432E+00   3.295502E+02
       2.277593   7.624837E+00   3.193884E+02
       2.285756   7.357562E+00   3.081928E+02
       2.293920   7.082544E+00   2.966729E+02
       2.302083   6.806821E+00   2.851234E+02
       2.310246   6.524804E+00   2.733103E+02
       2.318410   6.224742E+00   2.607414E+02
       2.326573   5.899229E+00   2.471063E+02
       2.334737   5.551366E+00   2.325351E+02
       2.342900   5.192133E+00   2.174876E+02
       2.351064   4.832539E+00   2.024249E+02
       2.359227   4.478023E+00   1.875750E+02
       2.367390   4.129078E+00   1.729584E+02
       2.375554   3.785978E+00   1.585867E+02
       2.383717   3.453149E+00   1.446452E+02
       2.391881   3.140443E+00   1.315466E+02
       2.400044   2.860783E+00   1.198322E+02
       2.408207   2.624864E+00   1.099500E+02
       2.416371   2.435007E+00   1.019974E+02
       2.424534   2.281759E+00   9.557809E+01
       2.432698   2.146237E+00   8.990136E+01
       2.440861   2.007170E+00   8.407614E+01
       2.449025   1.847849E+00   7.740251E+01
       2.457188   1.659315E+00   6.950523E+01
       2.465351   1.439677E+00   6.030503E+01
       2.473515   1.191282E+00   4.990030E+01
       2.481678   9.179767E-01   3.845212E+01
       2.489842   6.240564E-01   2.614041E+01
       2.498005   3.145158E-01   1.317441E+01
       2.506168  -4.750460E-03  -1.989868E-01
       2.514332  -3.275195E-01  -1.371911E+01
       2.522495  -6.488480E-01  -2.717888E+01
       2.530659  -9.670448E-01  -4.050748E+01
       2.538822  -1.284050E+00  -5.378615E+01
       2.546986  -1.603056E+00  -6.714866E+01
       2.555149  -1.924905E+00  -8.063024E+01
       2.563312  -2.246103E+00  -9.408453E+01
       2.571476  -2.559545E+00  -1.072140E+02
       2.579639  -2.856497E+00  -1.196527E+02
       2.587803  -3.127936E+00  -1.310227E+02
       2.595966  -3.364897E+00  -1.409485E+02
       2.604129  -3.559243E+00  -1.490892E+02
       2.612293  -3.706403E+00  -1.552534E+02
       2.620456  -3.809313E+00  -1.595641E+02
       2.628620  -3.880862E+00  -1.625612E+02
       2.636783  -3.943419E+00  -1.651816E+02
       2.644947  -4.025965E+00  -1.686392E+02
       2.653110  -4.159050E+00  -1.742139E+02
       2.661273  -4.367255E+00  -1.829352E+02
       2.669437  -4.660931E+00  -1.952366E+02
       2.677600  -5.031628E+00  -2.107644E+02
       2.685764  -5.454200E+00  -2.284650E+02
       2.693927  -5.893693E+00  -2.468744E+02
       2.702090  -6.312494E+00  -2.644171E+02
       2.710254  -6.675376E+00  -2.796175E+02
       2.718417  -6.953847E+00  -2.912821E+02
       2.726581  -7.132131E+00  -2.987500E+02
       2.734744  -7.213965E+00  -3.021779E+02
       2.742907  -7.224812E+00  -3.026322E+02
       2.751071  -7.203931E+00  -3.017576E+02
       2.759234  -7.188539E+00  -3.011128E+02
       2.767398  -7.199749E+00  -3.015824E+02
       2.775561  -7.237969E+00  -3.031834E+02
       2.783725  -7.287224E+00  -3.052465E+02
       2.791888  -7.322982E+00  -3.067443E+02
       2.800051  -7.319752E+00  -3.066090E+02
       2.808215  -7.257998E+00  -3.040223E+02
       2.816378  -7.129654E+00  -2.986462E+02
       2.824542  -6.939512E+00  -2.906816E+02
       2.832705  -6.701610E+00  -2.807164E+02
       2.840868  -6.434209E+00  -2.695155E+02
       2.849032  -6.157054E+00  -2.579061E+02
       2.857195  -5.890326E+00  -2.467334E+02
       2.865359  -5.652614E+00  -2.367761E+02
       2.873522  -5.456965E+00  -2.285808E+02
       2.881686  -5.306600E+00  -2.222824E+02
       2.889849  -5.192859E+00  -2.175180E+02
       2.898012  -5.097376E+00  -2.135184E+02
       2.906176  -4.998545E+00  -2.093786E+02
       2.914339  -4.879839E+00  -2.044062E+02
       2.922503  -4.736186E+00  -1.983889E+02
       2.930666  -4.575399E+00  -1.916539E+02
       2.938829  -4.413891E+00  -1.848886E+02
       2.946993  -4.268857E+00  -1.788135E+02
       2.955156  -4.151685E+00  -1.739054E+02
       2.963320  -4.066865E+00  -1.703525E+02
       2.971483  -4.015984E+00  -1.682211E+02
       2.979647  -4.001702E+00  -1.676229E+02
       2.987810  -4.027077E+00  -1.686858E+02
       2.995973  -4.090723E+00  -1.713518E+02
       3.004137  -4.182694E+00  -1.752043E+02
       3.012300  -4.285599E+00  -1.795147E+02
       3.020464  -4.381006E+00  -1.835111E+02
       3.028627  -4.456944E+00  -1.866920E+02
       3.036790  -4.511688E+00  -1.889851E+02
       3.044954  -4.552120E+00  -1.906788E+02
       3.053117  -4.588944E+00  -1.922213E+02
       3.061281  -4.631708E+00  -1.940125E+02
       3.069444  -4.684809E+00  -1.962368E+02
       3.077608  -4.745685E+00  -1.987868E+02
       3.085771  -4.806906E+00  -2.013512E+02
       3.093934  -4.861107E+00  -2.036216E+02
       3.102098  -4.904720E+00  -2.054484E+02
       3.110261  -4.938114E+00  -2.068472E+02
       3.118425  -4.963446E+00  -2.079084E+02
       3.126588  -4.982237E+00  -2.086954E+02
       3.134751  -4.993562E+00  -2.091698E+02
       3.142915  -4.993906E+00  -2.091842E+02
       3.151078  -4.979573E+00  -2.085839E+02
       3.159242  -4.950225E+00  -2.073545E+02
       3.167405  -4.910331E+00  -2.056835E+02
       3.175568  -4.867316E+00  -2.038816E+02
       3.183732  -4.828620E+00  -2.022608E+02
       3.191895  -4.799951E+00  -2.010599E+02
       3.200059  -4.784715E+00  -2.004217E+02
       3.208222  -4.784033E+00  -2.003931E+02
       3.216386  -4.797453E+00  -2.009552E+02
       3.224549  -4.824549E+00  -2.020902E+02
       3.232712  -4.866324E+00  -2.038401E+02
       3.240876  -4.924696E+00  -2.062852E+02
       3.249039  -4.999914E+00  -2.094359E+02
       3.257203  -5.088297E+00  -2.131381E+02
       3.265366  -5.182855E+00  -2.170989E+02
       3.273529  -5.276400E+00  -2.210173E+02
       3.281693  -5.364087E+00  -2.246903E+02
       3.289856  -5.443508E+00  -2.280171E+02
       3.298020  -5.513163E+00  -2.309348E+02
       3.306183  -5.570719E+00  -2.333458E+02
       3.314347  -5.611505E+00  -2.350542E+02
       3.322510  -5.627538E+00  -2.357258E+02
       3.330673  -5.608419E+00  -2.349249E+02
       3.338837  -5.545143E+00  -2.322744E+02
       3.347000  -5.434701E+00  -2.276482E+02
       3.355164  -5.282078E+00  -2.212552E+02
       3.363327  -5.099615E+00  -2.136122E+02
       3.371490  -4.905748E+00  -2.054915E+02
       3.379654  -4.722889E+00  -1.978319E+02
       3.387817  -4.573047E+00  -1.915553E+02
       3.395981  -4.472192E+00  -1.873307E+02
       3.404144  -4.426495E+00  -1.854166E+02
       3.412308  -4.432769E+00  -1.856794E+02
       3.420471  -4.482507E+00  -1.877628E+02
       3.428634  -4.566190E+00  -1.912681E+02
       3.436798  -4.674955E+00  -1.958241E+02
       3.444961  -4.800122E+00  -2.010670E+02
       3.453125  -4.932920E+00  -2.066297E+02
       3.461288  -5.065118E+00  -2.121672E+02
       3.469451  -5.189784E+00  -2.173892E+02
       3.477615  -5.301950E+00  -2.220876E+02
       3.485778  -5.398942E+00  -2.261503E+02
       3.493942  -5.479604E+00  -2.295291E+02
       3.502105  -5.542876E+00  -2.321794E+02
       3.510269  -5.587110E+00  -2.340323E+02
       3.518432  -5.610222E+00  -2.350004E+02
       3.526595  -5.610142E+00  -2.349971E+02
       3.534759  -5.586133E+00  -2.339914E+02
       3.542922  -5.541364E+00  -2.321161E+02
       3.551086  -5.485152E+00  -2.297615E+02
       3.559249  -5.432191E+00  -2.275431E+02
       3.567412  -5.397978E+00  -2.261100E+02
       3.575576  -5.392753E+00  -2.258911E+02
       3.583739  -5.417262E+00  -2.269177E+02
       3.591903  -5.461998E+00  -2.287916E+02
       3.600066  -5.509885E+00  -2.307975E+02
       3.608229  -5.541435E+00  -2.321191E+02
       3.616393  -5.540783E+00  -2.320918E+02
       3.624556  -5.501048E+00  -2.304274E+02
       3.632720  -5.427646E+00  -2.273527E+02
       3.640883  -5.337420E+00  -2.235733E+02
       3.649047  -5.252796E+00  -2.200286E+02
       3.657210  -5.194001E+00  -2.175658E+02
       3.665373  -5.173520E+00  -2.167079E+02
       3.673537  -5.194511E+00  -2.175872E+02
       3.681700  -5.252377E+00  -2.200111E+02
       3.689864  -5.337273E+00  -2.235672E+02
       3.698027  -5.435131E+00  -2.276662E+02
       3.706190  -5.527538E+00  -2.315370E+02
       3.714354  -5.594019E+00  -2.343217E+02
       3.722517  -5.618002E+00  -2.353263E+02
       3.730681  -5.592526E+00  -2.342592E+02
       3.738844  -5.521508E+00  -2.312844E+02
       3.747008  -5.416516E+00  -2.268865E+02
       3.755171  -5.291823E+00  -2.216634E+02
       3.763334  -5.161127E+00  -2.161888E+02
       3.771498  -5.036968E+00  -2.109880E+02
       3.779661  -4.930044E+00  -2.065092E+02
       3.787825  -4.846346E+00  -2.030033E+02
       3.795988  -4.784903E+00  -2.004295E+02
       3.804151  -4.739538E+00  -1.985293E+02
       3.812315  -4.703033E+00  -1.970002E+02
       3.820478  -4.669460E+00  -1.955939E+02
       3.828642  -4.633201E+00  -1.940751E+02
       3.836805  -4.587033E+00  -1.921412E+02
       3.844969  -4.521679E+00  -1.894036E+02
       3.853132  -4.426702E+00  -1.854253E+02
       3.861295  -4.292343E+00  -1.797972E+02
       3.869459  -4.113249E+00  -1.722954E+02
       3.877622  -3.894332E+00  -1.631254E+02
       3.885786  -3.655874E+00  -1.531369E+02
       3.893949  -3.433226E+00  -1.438106E+02
       3.902112  -3.268768E+00  -1.369218E+02
       3.910276  -3.198005E+00  -1.339577E+02
       3.918439  -3.235021E+00  -1.355082E+02
       3.926603  -3.365044E+00  -1.409546E+02
       3.934766  -3.549371E+00  -1.486757E+02
       3.942930  -3.738738E+00  -1.566079E+02
       3.951093  -3.885631E+00  -1.627609E+02
       3.959256  -3.951121E+00  -1.655042E+02
       3.967420  -3.909028E+00  -1.637410E+02
       3.975583  -3.750347E+00  -1.570942E+02
       3.983747  -3.486301E+00  -1.460338E+02
       3.991910  -3.146990E+00  -1.318208E+02
       4.000073  -2.775444E+00  -1.162575E+02
       4.008237  -2.418968E+00  -1.013255E+02
       4.016400  -2.119590E+00  -8.878517E+01
       4.024564  -1.904916E+00  -7.979292E+01
       4.032727  -1.782041E+00  -7.464596E+01
       4.040890  -1.738436E+00  -7.281945E+01
       4.049054  -1.750556E+00  -7.332713E+01
       4.057217  -1.794330E+00  -7.516073E+01
       4.065381  -1.849431E+00  -7.746880E+01
       4.073544  -1.895399E+00  -7.939428E+01
       4.081708  -1.906391E+00  -7.985473E+01
       4.089871  -1.852732E+00  -7.760707E+01
       4.098034  -1.709884E+00  -7.162344E+01
       4.106198  -1.468443E+00  -6.151000E+01
       4.114361  -1.138797E+00  -4.770181E+01
       4.122525  -7.480466E-01  -3.133410E+01
       4.130688  -3.309958E-01  -1.386472E+01
       4.138851   8.038579E-02   3.367192E+00
       4.147015   4.653688E-01   1.949332E+01
       4.155178   8.191854E-01   3.431396E+01
       4.163342   1.152314E+00   4.826802E+01
       4.171505   1.482158E+00   6.208450E+01
       4.179669   1.819140E+00   7.619997E+01
       4.187832   2.156532E+00   9.033260E+01
       4.195995   2.473577E+00   1.036130E+02
       4.204159   2.750102E+00   1.151960E+02
       4.212322   2.980318E+00   1.248393E+02
       4.220486   3.175572E+00   1.330181E+02
       4.228649   3.355922E+00   1.405725E+02
       4.236812   3.539633E+00   1.482678E+02
       4.244976   3.740148E+00   1.566669E+02
       4.253139   3.970027E+00   1.662961E+02
       4.261303   4.242914E+00   1.777268E+02
       4.269466   4.567614E+00   1.913278E+02
       4.277630   4.937262E+00   2.068116E+02
       4.285793   5.322001E+00   2.229275E+02
       4.293956   5.672392E+00   2.376046E+02
       4.302120   5.934170E+00   2.485699E+02
       4.310283   6.067164E+00   2.541408E+02
       4.318447   6.057887E+00   2.537522E+02
       4.326610   5.919826E+00   2.479691E+02
       4.334773   5.683815E+00   2.380831E+02
       4.342937   5.385482E+00   2.255865E+02
       4.351100   5.056113E+00   2.117900E+02
       4.359264   4.719647E+00   1.976961E+02
       4.367427   4.393859E+00   1.840496E+02
       4.375591   4.091676E+00   1.713917E+02
       4.383754   3.820316E+00   1.600250E+02
       4.391917   3.579494E+00   1.499375E+02
       4.400081   3.362089E+00   1.408309E+02
       4.408244   3.159653E+00   1.323512E+02
       4.416408   2.970445E+00   1.244257E+02
       4.424571   2.803420E+00   1.174294E+02
       4.432734   2.674388E+00   1.120245E+02
       4.440898   2.598132E+00   1.088303E+02
       4.449061   2.582786E+00   1.081875E+02
       4.457225   2.628430E+00   1.100994E+02
       4.465388   2.728220E+00   1.142794E+02
       4.473551   2.870261E+00   1.202292E+02
       4.481715   3.039332E+00   1.273113E+02
       4.489878   3.218222E+00   1.348046E+02
       4.498042   3.388671E+00   1.419443E+02
       4.506205   3.531972E+00   1.479469E+02
       4.514369   3.630017E+00   1.520538E+02
       4.522532   3.667989E+00   1.536443E+02
       4.530695   3.638263E+00   1.523992E+02
       4.538859   3.543574E+00   1.484329E+02
       4.547022   3.397686E+00   1.423219E+02
       4.555186   3.222731E+00   1.349935E+02
       4.563349   3.043514E+00   1.274864E+02
       4.571512   2.880551E+00   1.206602E+02
       4.579676   2.744242E+00   1.149506E+02
       4.587839   2.632360E+00   1.102640E+02
       4.596003   2.531971E+00   1.060589E+02
       4.604166   2.425058E+00   1.015806E+02
       4.612330   2.295796E+00   9.616608E+01
       4.620493   2.136832E+00   8.950741E+01
       4.628656   1.951793E+00   8.175651E+01
       4.636820   1.752884E+00   7.342462E+01
       4.644983   1.555459E+00   6.515491E+01
       4.653147   1.372758E+00   5.750197E+01
       4.661310   1.212719E+00   5.079824E+01
       4.669473   1.077107E+00   4.511774E+01
       4.677637   9.626685E-01   4.032416E+01
       4.685800   8.637026E-01   3.617869E+01
       4.693964   7.747488E-01   3.245260E+01
       4.702127   6.921136E-01   2.899119E+01
       4.710291   6.141431E-01   2.572516E+01
       4.718454   5.410548E-01   2.266365E+01
       4.726617   4.749134E-01   1.989313E+01
       4.734781   4.195769E-01   1.757520E+01
       4.742944   3.802637E-01   1.592845E+01
       4.751108   3.631288E-01   1.521070E+01
       4.759271   3.754043E-01   1.572490E+01
       4.767434   4.250759E-01   1.780554E+01
       4.775598   5.179153E-01   2.169439E+01
       4.783761   6.519094E-01   2.730712E+01
       4.791925   8.132458E-01   3.406516E+01
       4.800088   9.785554E-01   4.098963E+01
       4.808252   1.123312E+00   4.705319E+01
       4.816415   1.231061E+00   5.156657E+01
       4.824578   1.297223E+00   5.433794E+01
       4.832742   1.325838E+00   5.553656E+01
       4.840905   1.323893E+00   5.545509E+01
       4.849069   1.298506E+00   5.439168E+01
       4.857232   1.257232E+00   5.266281E+01
       4.865395   1.208334E+00   5.061460E+01
       4.873559   1.159235E+00   4.855792E+01
       4.881722   1.114088E+00   4.666682E+01
       4.889886   1.072188E+00   4.491169E+01
       4.898049   1.028365E+00   4.307603E+01
       4.906213   9.758717E-01   4.087722E+01
       4.914376   9.106180E-01   3.814388E+01
       4.922539   8.340005E-01   3.493453E+01
       4.930703   7.523761E-01   3.151546E+01
       4.938866   6.738976E-01   2.822816E+01
       4.947030   6.050761E-01   2.534537E+01
       4.955193   5.488831E-01   2.299156E+01
       4.963356   5.046640E-01   2.113932E+01
       4.971520   4.692860E-01   1.965741E+01
       4.979683   4.387904E-01   1.838001E+01
       4.987847   4.096225E-01   1.715823E+01
       4.996010   3.789078E-01   1.587165E+01
       5.004173   3.443106E-01   1.442245E+01
       5.012337   3.043547E-01   1.274878E+01
       5.020500   2.592391E-01   1.085898E+01
       5.028664   2.113118E-01   8.851410E+00
       5.036827   1.646205E-01   6.895609E+00
       5.044991   1.238076E-01   5.186042E+00
       5.053154   9.265217E-02   3.881005E+00
       5.061317   7.256953E-02   3.039785E+00
       5.069481   6.227164E-02   2.608428E+00
       5.077644   5.940783E-02   2.488469E+00
       5.085808   6.275709E-02   2.628763E+00
       5.093971   7.290210E-02   3.053716E+00
       5.102134   9.118108E-02   3.819384E+00
       5.110298   1.178635E-01   4.937054E+00
       5.118461   1.502685E-01   6.294434E+00
       5.126625   1.819469E-01   7.621373E+00
       5.134788   2.042385E-01   8.555121E+00
       5.142952   2.097445E-01   8.785756E+00
       5.151115   1.954436E-01   8.186723E+00
       5.159278   1.636131E-01   6.853411E+00
       5.167442   1.202529E-01   5.037143E+00
       5.175605   7.206965E-02   3.018846E+00
       5.183769   2.410282E-02   1.009617E+00
       5.191932  -2.021134E-02  -8.466106E-01
       5.200095  -5.658163E-02  -2.370086E+00
       5.208259  -7.706772E-02  -3.228205E+00
       5.216422  -6.989382E-02  -2.927705E+00
       5.224586  -2.366121E-02  -9.911185E-01
       5.232749   6.565520E-02   2.750158E+00
       5.240913   1.900824E-01   7.962151E+00
       5.249076   3.319019E-01   1.390268E+01
       5.257239   4.716643E-01   1.975703E+01
       5.265403   5.959647E-01   2.496371E+01
       5.273566   6.997411E-01   2.931069E+01
       5.281730   7.829576E-01   3.279645E+01
       5.289893   8.457838E-01   3.542811E+01
       5.298056   8.862293E-01   3.712229E+01
       5.306220   9.012142E-01   3.774997E+01
       5.314383   8.893989E-01   3.725505E+01
       5.322547   8.531693E-01   3.573747E+01
       5.330710   7.983699E-01   3.344204E+01
       5.338874   7.325977E-01   3.068698E+01
       5.347037   6.638371E-01   2.780674E+01
       5.355200   6.001657E-01   2.513968E+01
       5.363364   5.497197E-01   2.302660E+01
       5.371527   5.198311E-01   2.177464E+01
       5.379691   5.152520E-01   2.158283E+01
       5.387854   5.364856E-01   2.247226E+01
       5.396017   5.795466E-01   2.427599E+01
       5.404181   6.374270E-01   2.670048E+01
       5.412344   7.021132E-01   2.941005E+01
       5.420508   7.660450E-01   3.208802E+01
       5.428671   8.229654E-01   3.447229E+01
       5.436834   8.684658E-01   3.637821E+01
       5.444998   9.001622E-01   3.770591E+01
       5.453161   9.175429E-01   3.843395E+01
       5.461325   9.218490E-01   3.861432E+01
       5.469488   9.159254E-01   3.836619E+01
       5.477652   9.034733E-01   3.784460E+01
       5.485815   8.876188E-01   3.718049E+01
       5.493978   8.696810E-01   3.642911E+01
       5.502142   8.490553E-01   3.556515E+01
       5.510305   8.240125E-01   3.451615E+01
       5.518469   7.925686E-01   3.319904E+01
       5.526632   7.532399E-01   3.155164E+01
       5.534795   7.059654E-01   2.957141E+01
       5.542959   6.528172E-01   2.734514E+01
       5.551122   5.977984E-01   2.504052E+01
       5.559286   5.458316E-01   2.286374E+01
       5.567449   5.015983E-01   2.101090E+01
       5.575613   4.686157E-01   1.962933E+01
       5.583776   4.486195E-01   1.879173E+01
       5.591939   4.412224E-01   1.848188E+01
       5.600103   4.438269E-01   1.859098E+01
       5.608266   4.519777E-01   1.893240E+01
       5.616430   4.604203E-01   1.928604E+01
       5.624593   4.646824E-01   1.946457E+01
       5.632756   4.624678E-01   1.937180E+01
       5.640920   4.541591E-01   1.902377E+01
       5.649083   4.422460E-01   1.852476E+01
       5.657247   4.300129E-01   1.801234E+01
       5.665410   4.200764E-01   1.759612E+01
       5.673574   4.134000E-01   1.731646E+01
       5.681737   4.091914E-01   1.714017E+01
       5.689900   4.056439E-01   1.699157E+01
       5.698064   4.011839E-01   1.680475E+01
       5.706227   3.956943E-01   1.657480E+01
       5.714391   3.909126E-01   1.637451E+01
       5.722554   3.894693E-01   1.631405E+01
       5.730717   3.929946E-01   1.646172E+01
       5.738881   4.005227E-01   1.677706E+01
       5.747044   4.083264E-01   1.710394E+01
       5.755208   4.113569E-01   1.723088E+01
       5.763371   4.054240E-01   1.698236E+01
       5.771535   3.889608E-01   1.629275E+01
       5.779698   3.636408E-01   1.523215E+01
       5.787861   3.337312E-01   1.397930E+01
       5.796025   3.047077E-01   1.276357E+01
       5.804188   2.820287E-01   1.181359E+01
       5.812352   2.704782E-01   1.132977E+01
       5.820515   2.736330E-01   1.146191E+01
       5.828678   2.929952E-01   1.227295E+01
       5.836842   3.270687E-01   1.370022E+01
       5.845005   3.710858E-01   1.554401E+01
       5.853169   4.179618E-01   1.750754E+01
       5.861332   4.604163E-01   1.928587E+01
       5.869495   4.930755E-01   2.065390E+01
       5.877659   5.131573E-01   2.149508E+01
       5.885822   5.198312E-01   2.177464E+01
       5.893986   5.135266E-01   2.151055E+01
       5.902149   4.958015E-01   2.076809E+01
       5.910313   4.692841E-01   1.965732E+01
       5.918476   4.372889E-01   1.831711E+01
       5.926639   4.033278E-01   1.689456E+01
       5.934803   3.706832E-01   1.552714E+01
       5.942966   3.419034E-01   1.432162E+01
       5.951130   3.183151E-01   1.333355E+01
       5.959293   3.000160E-01   1.256704E+01
       5.967456   2.865077E-01   1.200121E+01
       5.975620   2.774467E-01   1.162166E+01
       5.983783   2.729441E-01   1.143305E+01
       5.991947   2.734377E-01   1.145373E+01
       6.000110   2.794397E-01   1.170514E+01
       6.008274   2.912631E-01   1.220040E+01
       6.016437   3.087536E-01   1.293304E+01
       6.024600   3.310953E-01   1.386889E+01
       6.032764   3.566829E-01   1.494070E+01
       6.040927   3.830739E-01   1.604616E+01
       6.049091   4.072408E-01   1.705846E+01
       6.057254   4.262745E-01   1.785575E+01
       6.065417   4.382433E-01   1.835709E+01
       6.073581   4.426361E-01   1.854110E+01
       6.081744   4.401574E-01   1.843727E+01
       6.089908   4.321246E-01   1.810079E+01
       6.098071   4.198589E-01   1.758701E+01
       6.106235   4.043341E-01   1.693671E+01
       6.114398   3.860739E-01   1.617183E+01
       6.122561   3.650256E-01   1.529016E+01
       6.130725   3.403744E-01   1.425757E+01
       6.138888   3.107763E-01   1.301777E+01
       6.147052   2.752867E-01   1.153118E+01
       6.155215   2.344839E-01   9.822037E+00
       6.163378   1.909897E-01   8.000157E+00
       6.171542   1.490565E-01   6.243663E+00
       6.179705   1.134731E-01   4.753149E+00
       6.187869   8.828487E-02   3.698068E+00
       6.196032   7.569874E-02   3.170861E+00
       6.204196   7.541205E-02   3.158853E+00
       6.212359   8.465444E-02   3.545997E+00
       6.220522   9.906310E-02   4.149545E+00
       6.228686   1.140576E-01   4.777633E+00
       6.236849   1.261809E-01   5.285451E+00
       6.245013   1.339356E-01   5.610280E+00
       6.253176   1.377890E-01   5.771694E+00
       6.261339   1.394271E-01   5.840309E+00
       6.269503   1.407451E-01   5.895519E+00
       6.277666   1.430382E-01   5.991570E+00
       6.285830   1.465482E-01   6.138596E+00
       6.293993   1.503560E-01   6.298096E+00
       6.302156   1.526652E-01   6.394827E+00
       6.310320   1.514888E-01   6.345546E+00
       6.318483   1.454644E-01   6.093198E+00
       6.326647   1.343907E-01   5.629344E+00
       6.334810   1.192754E-01   4.996195E+00
       6.342974   1.019481E-01   4.270394E+00
       6.351137   8.443758E-02   3.536913E+00
       6.359300   6.836742E-02   2.863768E+00
       6.367464   5.453900E-02   2.284524E+00
       6.375627   4.277803E-02   1.791882E+00
       6.383791   3.215570E-02   1.346935E+00
       6.391954   2.157128E-02   9.035758E-01
       6.400117   1.035607E-02   4.337940E-01
       6.408281  -1.516350E-03  -6.351670E-02
       6.416444  -1.367886E-02  -5.729789E-01
       6.424608  -2.575313E-02  -1.078745E+00
       6.432771  -3.749785E-02  -1.570706E+00
       6.440935  -4.869857E-02  -2.039881E+00
       6.449098  -5.912656E-02  -2.476687E+00
       6.457261  -6.878758E-02  -2.881367E+00
       6.465425  -7.818149E-02  -3.274858E+00
       6.473588  -8.810753E-02  -3.690640E+00
       6.481752  -9.901949E-02  -4.147719E+00
       6.489915  -1.104171E-01  -4.625139E+00
       6.498078  -1.206836E-01  -5.055185E+00
       6.506242  -1.274046E-01  -5.336710E+00
       6.514405  -1.279952E-01  -5.361449E+00
       6.522569  -1.204982E-01  -5.047417E+00
       6.530732  -1.043901E-01  -4.372680E+00
       6.538896  -8.106420E-02  -3.395609E+00
       6.547059  -5.366276E-02  -2.247820E+00
       6.555222  -2.627745E-02  -1.100707E+00
       6.563386  -2.920978E-03  -1.223536E-01
       6.571549   1.330960E-02   5.575114E-01
       6.579713   2.070722E-02   8.673820E-01
       6.587876   1.905570E-02   7.982032E-01
       6.596039   9.382051E-03   3.929944E-01
       6.604203  -6.532074E-03  -2.736149E-01
       6.612366  -2.667858E-02  -1.117510E+00
       6.620530  -4.919882E-02  -2.060835E+00
       6.628693  -7.251733E-02  -3.037599E+00
       6.636857  -9.526549E-02  -3.990472E+00
       6.645020  -1.160722E-01  -4.862022E+00
       6.653183  -1.333125E-01  -5.584183E+00
       6.661347  -1.450062E-01  -6.074007E+00
       6.669510  -1.490333E-01  -6.242690E+00
       6.677674  -1.436091E-01  -6.015485E+00
       6.685837  -1.278613E-01  -5.355842E+00
       6.694000  -1.023073E-01  -4.285440E+00
       6.702164  -6.894165E-02  -2.887821E+00
       6.710327  -3.084417E-02  -1.291998E+00
       6.718491   8.363168E-03   3.503156E-01
       6.726654   4.488030E-02   1.879942E+00
       6.734817   7.498859E-02   3.141115E+00
       6.742981   9.547041E-02   3.999055E+00
       6.751144   1.041476E-01   4.362523E+00
       6.759308   1.002214E-01   4.198062E+00
       6.767471   8.429815E-02   3.531073E+00
       6.775635   5.830828E-02   2.442412E+00
       6.783798   2.539727E-02   1.063838E+00
       6.791961  -1.052144E-02  -4.407211E-01
       6.800125  -4.572114E-02  -1.915163E+00
       6.808288  -7.769138E-02  -3.254329E+00
       6.816452  -1.056443E-01  -4.425219E+00
       6.824615  -1.303068E-01  -5.458279E+00
       6.832778  -1.532727E-01  -6.420273E+00
       6.840942  -1.763032E-01  -7.384972E+00
       6.849105  -2.006663E-01  -8.405491E+00
       6.857269  -2.264604E-01  -9.485950E+00
       6.865432  -2.522127E-01  -1.056466E+01
       6.873596  -2.752189E-01  -1.152834E+01
       6.881759  -2.925391E-01  -1.225385E+01
       6.889922  -3.019555E-01  -1.264828E+01
       6.898086  -3.024698E-01  -1.266983E+01
       6.906249  -2.946482E-01  -1.234220E+01
       6.914413  -2.810438E-01  -1.177234E+01
       6.922576  -2.660898E-01  -1.114594E+01
       6.930739  -2.547691E-01  -1.067174E+01
       6.938903  -2.505606E-01  -1.049546E+01
       6.947066  -2.541610E-01  -1.064627E+01
       6.955230  -2.638883E-01  -1.105373E+01
       6.963393  -2.771500E-01  -1.160923E+01
       6.971557  -2.916543E-01  -1.221679E+01
       6.979720  -3.056524E-01  -1.280314E+01
       6.987883  -3.174818E-01  -1.329864E+01
       6.996047  -3.251317E-01  -1.361909E+01
       7.004210  -3.264052E-01  -1.367243E+01
       7.012374  -3.197289E-01  -1.339277E+01
       7.020537  -3.050799E-01  -1.277916E+01
       7.028700  -2.843992E-01  -1.191288E+01
       7.036864  -2.612597E-01  -1.094362E+01
       7.045027  -2.398613E-01  -1.004729E+01
       7.053191  -2.236457E-01  -9.368047E+00
       7.061354  -2.141414E-01  -8.969936E+00
       7.069518  -2.106117E-01  -8.822081E+00
       7.077681  -2.105734E-01  -8.820479E+00
       7.085844  -2.108031E-01  -8.830098E+00
       7.094008  -2.083516E-01  -8.727412E+00
       7.102171  -2.012292E-01  -8.429069E+00
       7.110335  -1.885879E-01  -7.899552E+00
       7.118498  -1.704867E-01  -7.141330E+00
       7.126661  -1.476281E-01  -6.183831E+00
       7.134825  -1.213894E-01  -5.084749E+00
       7.142988  -9.393826E-02  -3.934877E+00
       7.151152  -6.798140E-02  -2.847598E+00
       7.159315  -4.607264E-02  -1.929886E+00
       7.167478  -2.983908E-02  -1.249896E+00
       7.175642  -1.958577E-02  -8.204067E-01
       7.183805  -1.447144E-02  -6.061781E-01
       7.191969  -1.304179E-02  -5.462934E-01
       7.200132  -1.377904E-02  -5.771749E-01
       7.208296  -1.553014E-02  -6.505249E-01
       7.216459  -1.781106E-02  -7.460677E-01
       7.224622  -2.086873E-02  -8.741472E-01
       7.232786  -2.537797E-02  -1.063030E+00
       7.240949  -3.195575E-02  -1.338559E+00
       7.249113  -4.087096E-02  -1.711999E+00
       7.257276  -5.211752E-02  -2.183093E+00
       7.265439  -6.569303E-02  -2.751743E+00
       7.273603  -8.184957E-02  -3.428507E+00
       7.281766  -1.011722E-01  -4.237892E+00
       7.289930  -1.243354E-01  -5.208147E+00
       7.298093  -1.514503E-01  -6.343935E+00
       7.306257  -1.812864E-01  -7.593707E+00
       7.314420  -2.110083E-01  -8.838694E+00
       7.322583  -2.368599E-01  -9.921563E+00
       7.330747  -2.555424E-01  -1.070414E+01
       7.338910  -2.656050E-01  -1.112564E+01
       7.347074  -2.682022E-01  -1.123443E+01
       7.355237  -2.667471E-01  -1.117347E+01
       7.363400  -2.654282E-01  -1.111823E+01
       7.371564  -2.673595E-01  -1.119913E+01
       7.379727  -2.734732E-01  -1.145522E+01
       7.387891  -2.825795E-01  -1.183666E+01
       7.396054  -2.922133E-01  -1.224020E+01
       7.404218  -2.997921E-01  -1.255766E+01
       7.412381  -3.036540E-01  -1.271943E+01
       7.420544  -3.034552E-01  -1.271110E+01
       7.428708  -2.997853E-01  -1.255738E+01
       7.436871  -2.934718E-01  -1.229292E+01
       7.445035  -2.851261E-01  -1.194334E+01
       7.453198  -2.750862E-01  -1.152278E+01
       7.461361  -2.635953E-01  -1.104146E+01
       7.469525  -2.510156E-01  -1.051452E+01
       7.477688  -2.379365E-01  -9.966663E+00
       7.485852  -2.250794E-01  -9.428103E+00
       7.494015  -2.130269E-01  -8.923252E+00
       7.502179  -2.020054E-01  -8.461582E+00
       7.510342  -1.919050E-01  -8.038497E+00
       7.518505  -1.824458E-01  -7.642271E+00
       7.526669  -1.732845E-01  -7.258526E+00
       7.534832  -1.640632E-01  -6.872264E+00
       7.542996  -1.545668E-01  -6.474481E+00
       7.551159  -1.450335E-01  -6.075147E+00
       7.559322  -1.364057E-01  -5.713748E+00
       7.567486  -1.302160E-01  -5.454474E+00
       7.575649  -1.279816E-01  -5.360880E+00
       7.583813  -1.303732E-01  -5.461058E+00
       7.591976  -1.367090E-01  -5.726454E+00
       7.600140  -1.451940E-01  -6.081873E+00
       7.608303  -1.538647E-01  -6.445068E+00
       7.616466  -1.617268E-01  -6.774398E+00
       7.624630  -1.693010E-01  -7.091662E+00
       7.632793  -1.781046E-01  -7.460429E+00
       7.640957  -1.894729E-01  -7.936620E+00
       7.649120  -2.035772E-01  -8.527422E+00
       7.657283  -2.191077E-01  -9.177964E+00
       7.665447  -2.335873E-01  -9.784483E+00
       7.673610  -2.441464E-01  -1.022678E+01
       7.681774  -2.485097E-01  -1.040955E+01
       7.689937  -2.458649E-01  -1.029876E+01
       7.698100  -2.373405E-01  -9.941696E+00
       7.706264  -2.259140E-01  -9.463062E+00
       7.714427  -2.156606E-01  -9.033570E+00
       7.722591  -2.104683E-01  -8.816076E+00
       7.730754  -2.126604E-01  -8.907900E+00
       7.738918  -2.221780E-01  -9.306568E+00
       7.747081  -2.367304E-01  -9.916139E+00
       7.755244  -2.527869E-01  -1.058871E+01
       7.763408  -2.669470E-01  -1.118185E+01
       7.771571  -2.771610E-01  -1.160969E+01
       7.779735  -2.832789E-01  -1.186596E+01
       7.787898  -2.866222E-01  -1.200600E+01
       7.796061  -2.888811E-01  -1.210062E+01
       7.804225  -2.911597E-01  -1.219607E+01
       7.812388  -2.937461E-01  -1.230441E+01
       7.820552  -2.964504E-01  -1.241769E+01
       7.828715  -2.989365E-01  -1.252182E+01
       7.836879  -3.006976E-01  -1.259559E+01
       7.845042  -3.008749E-01  -1.260302E+01
       7.853205  -2.983343E-01  -1.249660E+01
       7.861369  -2.920700E-01  -1.223420E+01
       7.869532  -2.816163E-01  -1.179632E+01
       7.877696  -2.672317E-01  -1.119378E+01
       7.885859  -2.498718E-01  -1.046661E+01
       7.894022  -2.309712E-01  -9.674898E+00
       7.902186  -2.120331E-01  -8.881621E+00
       7.910349  -1.942486E-01  -8.136665E+00
       7.918513  -1.784066E-01  -7.473078E+00
       7.926676  -1.650100E-01  -6.911923E+00
       7.934840  -1.543108E-01  -6.463754E+00
       7.943003  -1.461847E-01  -6.123371E+00
       7.951166  -1.400148E-01  -5.864928E+00
       7.959330  -1.347825E-01  -5.645756E+00
       7.967493  -1.294158E-01  -5.420958E+00
       7.975657  -1.232345E-01  -5.162034E+00
       7.983820  -1.162438E-01  -4.869209E+00
       7.991983  -1.091312E-01  -4.571276E+00
       8.000147  -1.029811E-01  -4.313662E+00
       8.008310  -9.885069E-02  -4.140648E+00
       8.016474  -9.740627E-02  -4.080144E+00
       8.024637  -9.879326E-02  -4.138243E+00
       8.032801  -1.027749E-01  -4.305026E+00
       8.040964  -1.089799E-01  -4.564940E+00
       8.049127  -1.170421E-01  -4.902646E+00
       8.057291  -1.265617E-01  -5.301406E+00
       8.065454  -1.369591E-01  -5.736931E+00
       8.073618  -1.473350E-01  -6.171556E+00
       8.081781  -1.564942E-01  -6.555216E+00
       8.089944  -1.632405E-01  -6.837804E+00
       8.098108  -1.667903E-01  -6.986494E+00
       8.106271  -1.669462E-01  -6.993025E+00
       8.114435  -1.639009E-01  -6.865464E+00
       8.122598  -1.579336E-01  -6.615509E+00
       8.130761  -1.492800E-01  -6.253028E+00
       8.138925  -1.381641E-01  -5.787402E+00
       8.147088  -1.248471E-01  -5.229584E+00
       8.155252  -1.096407E-01  -4.592620E+00
