 # Energy(eV)         Im(chi1(w))
 #calculated the component:  1  1of linear susceptibility
 #broadening:    0.000000E+00    2.000000E-03
 #scissors shift:    0.000000E+00
 #energy window:    2.502881E+01eV    9.197918E-01Ha
    8.163415E-03    4.385633E-02
    1.632683E-02    4.404644E-02
    2.449025E-02    4.423790E-02
    3.265366E-02    4.443073E-02
    4.081708E-02    4.462494E-02
    4.898049E-02    4.482055E-02
    5.714391E-02    4.501757E-02
    6.530732E-02    4.521601E-02
    7.347074E-02    4.541590E-02
    8.163415E-02    4.561723E-02
    8.979757E-02    4.582004E-02
    9.796098E-02    4.602434E-02
    1.061244E-01    4.623014E-02
    1.142878E-01    4.643747E-02
    1.224512E-01    4.664632E-02
    1.306146E-01    4.685673E-02
    1.387781E-01    4.706871E-02
    1.469415E-01    4.728228E-02
    1.551049E-01    4.749746E-02
    1.632683E-01    4.771425E-02
    1.714317E-01    4.793269E-02
    1.795951E-01    4.815279E-02
    1.877585E-01    4.837456E-02
    1.959220E-01    4.859803E-02
    2.040854E-01    4.882322E-02
    2.122488E-01    4.905015E-02
    2.204122E-01    4.927883E-02
    2.285756E-01    4.950929E-02
    2.367390E-01    4.974154E-02
    2.449025E-01    4.997562E-02
    2.530659E-01    5.021153E-02
    2.612293E-01    5.044930E-02
    2.693927E-01    5.068895E-02
    2.775561E-01    5.093051E-02
    2.857195E-01    5.117400E-02
    2.938829E-01    5.141944E-02
    3.020464E-01    5.166685E-02
    3.102098E-01    5.191626E-02
    3.183732E-01    5.216770E-02
    3.265366E-01    5.242118E-02
    3.347000E-01    5.267673E-02
    3.428634E-01    5.293438E-02
    3.510269E-01    5.319415E-02
    3.591903E-01    5.345608E-02
    3.673537E-01    5.372018E-02
    3.755171E-01    5.398648E-02
    3.836805E-01    5.425502E-02
    3.918439E-01    5.452582E-02
    4.000073E-01    5.479891E-02
    4.081708E-01    5.507431E-02
    4.163342E-01    5.535207E-02
    4.244976E-01    5.563220E-02
    4.326610E-01    5.591475E-02
    4.408244E-01    5.619974E-02
    4.489878E-01    5.648720E-02
    4.571512E-01    5.677717E-02
    4.653147E-01    5.706968E-02
    4.734781E-01    5.736477E-02
    4.816415E-01    5.766247E-02
    4.898049E-01    5.796281E-02
    4.979683E-01    5.826583E-02
    5.061317E-01    5.857157E-02
    5.142952E-01    5.888007E-02
    5.224586E-01    5.919137E-02
    5.306220E-01    5.950549E-02
    5.387854E-01    5.982249E-02
    5.469488E-01    6.014241E-02
    5.551122E-01    6.046528E-02
    5.632756E-01    6.079115E-02
    5.714391E-01    6.112006E-02
    5.796025E-01    6.145206E-02
    5.877659E-01    6.178719E-02
    5.959293E-01    6.212549E-02
    6.040927E-01    6.246703E-02
    6.122561E-01    6.281183E-02
    6.204196E-01    6.315996E-02
    6.285830E-01    6.351146E-02
    6.367464E-01    6.386638E-02
    6.449098E-01    6.422478E-02
    6.530732E-01    6.458672E-02
    6.612366E-01    6.495223E-02
    6.694000E-01    6.532140E-02
    6.775635E-01    6.569426E-02
    6.857269E-01    6.607088E-02
    6.938903E-01    6.645131E-02
    7.020537E-01    6.683564E-02
    7.102171E-01    6.722390E-02
    7.183805E-01    6.761617E-02
    7.265439E-01    6.801253E-02
    7.347074E-01    6.841302E-02
    7.428708E-01    6.881773E-02
    7.510342E-01    6.922672E-02
    7.591976E-01    6.964008E-02
    7.673610E-01    7.005787E-02
    7.755244E-01    7.048017E-02
    7.836879E-01    7.090706E-02
    7.918513E-01    7.133862E-02
    8.000147E-01    7.177494E-02
    8.081781E-01    7.221610E-02
    8.163415E-01    7.266220E-02
    8.245049E-01    7.311331E-02
    8.326683E-01    7.356954E-02
    8.408318E-01    7.403098E-02
    8.489952E-01    7.449772E-02
    8.571586E-01    7.496988E-02
    8.653220E-01    7.544755E-02
    8.734854E-01    7.593084E-02
    8.816488E-01    7.641987E-02
    8.898123E-01    7.691474E-02
    8.979757E-01    7.741558E-02
    9.061391E-01    7.792251E-02
    9.143025E-01    7.843564E-02
    9.224659E-01    7.895511E-02
    9.306293E-01    7.948106E-02
    9.387927E-01    8.001362E-02
    9.469562E-01    8.055293E-02
    9.551196E-01    8.109914E-02
    9.632830E-01    8.165240E-02
    9.714464E-01    8.221288E-02
    9.796098E-01    8.278072E-02
    9.877732E-01    8.335610E-02
    9.959366E-01    8.393919E-02
    1.004100E+00    8.453018E-02
    1.012263E+00    8.512925E-02
    1.020427E+00    8.573660E-02
    1.028590E+00    8.635242E-02
    1.036754E+00    8.697693E-02
    1.044917E+00    8.761034E-02
    1.053081E+00    8.825289E-02
    1.061244E+00    8.890480E-02
    1.069407E+00    8.956632E-02
    1.077571E+00    9.023772E-02
    1.085734E+00    9.091924E-02
    1.093898E+00    9.161118E-02
    1.102061E+00    9.231381E-02
    1.110224E+00    9.302746E-02
    1.118388E+00    9.375242E-02
    1.126551E+00    9.448903E-02
    1.134715E+00    9.523765E-02
    1.142878E+00    9.599863E-02
    1.151042E+00    9.677236E-02
    1.159205E+00    9.755923E-02
    1.167368E+00    9.835967E-02
    1.175532E+00    9.917412E-02
    1.183695E+00    1.000031E-01
    1.191859E+00    1.008470E-01
    1.200022E+00    1.017063E-01
    1.208185E+00    1.025818E-01
    1.216349E+00    1.034738E-01
    1.224512E+00    1.043831E-01
    1.232676E+00    1.053103E-01
    1.240839E+00    1.062561E-01
    1.249003E+00    1.072211E-01
    1.257166E+00    1.082063E-01
    1.265329E+00    1.092125E-01
    1.273493E+00    1.102405E-01
    1.281656E+00    1.112913E-01
    1.289820E+00    1.123659E-01
    1.297983E+00    1.134655E-01
    1.306146E+00    1.145912E-01
    1.314310E+00    1.157443E-01
    1.322473E+00    1.169263E-01
    1.330637E+00    1.181386E-01
    1.338800E+00    1.193829E-01
    1.346963E+00    1.206610E-01
    1.355127E+00    1.219748E-01
    1.363290E+00    1.233265E-01
    1.371454E+00    1.247184E-01
    1.379617E+00    1.261532E-01
    1.387781E+00    1.276338E-01
    1.395944E+00    1.291634E-01
    1.404107E+00    1.307456E-01
    1.412271E+00    1.323844E-01
    1.420434E+00    1.340845E-01
    1.428598E+00    1.358509E-01
    1.436761E+00    1.376895E-01
    1.444924E+00    1.396071E-01
    1.453088E+00    1.416114E-01
    1.461251E+00    1.437115E-01
    1.469415E+00    1.459178E-01
    1.477578E+00    1.482426E-01
    1.485742E+00    1.507004E-01
    1.493905E+00    1.533085E-01
    1.502068E+00    1.560874E-01
    1.510232E+00    1.590618E-01
    1.518395E+00    1.622614E-01
    1.526559E+00    1.657216E-01
    1.534722E+00    1.694848E-01
    1.542885E+00    1.736006E-01
    1.551049E+00    1.781253E-01
    1.559212E+00    1.831189E-01
    1.567376E+00    1.886369E-01
    1.575539E+00    1.947143E-01
    1.583703E+00    2.013369E-01
    1.591866E+00    2.084015E-01
    1.600029E+00    2.156798E-01
    1.608193E+00    2.228232E-01
    1.616356E+00    2.294581E-01
    1.624520E+00    2.353646E-01
    1.632683E+00    2.406269E-01
    1.640846E+00    2.456208E-01
    1.649010E+00    2.508434E-01
    1.657173E+00    2.567252E-01
    1.665337E+00    2.635368E-01
    1.673500E+00    2.714097E-01
    1.681664E+00    2.804336E-01
    1.689827E+00    2.907748E-01
    1.697990E+00    3.027438E-01
    1.706154E+00    3.167751E-01
    1.714317E+00    3.333418E-01
    1.722481E+00    3.528513E-01
    1.730644E+00    3.755275E-01
    1.738807E+00    4.012582E-01
    1.746971E+00    4.294114E-01
    1.755134E+00    4.587130E-01
    1.763298E+00    4.873505E-01
    1.771461E+00    5.133838E-01
    1.779625E+00    5.352602E-01
    1.787788E+00    5.520847E-01
    1.795951E+00    5.635814E-01
    1.804115E+00    5.699579E-01
    1.812278E+00    5.718370E-01
    1.820442E+00    5.703254E-01
    1.828605E+00    5.671503E-01
    1.836768E+00    5.645703E-01
    1.844932E+00    5.649329E-01
    1.853095E+00    5.701680E-01
    1.861259E+00    5.815363E-01
    1.869422E+00    5.996583E-01
    1.877585E+00    6.246790E-01
    1.885749E+00    6.564234E-01
    1.893912E+00    6.944305E-01
    1.902076E+00    7.378228E-01
    1.910239E+00    7.850665E-01
    1.918403E+00    8.336949E-01
    1.926566E+00    8.800875E-01
    1.934729E+00    9.196371E-01
    1.942893E+00    9.477701E-01
    1.951056E+00    9.617286E-01
    1.959220E+00    9.619846E-01
    1.967383E+00    9.520342E-01
    1.975546E+00    9.367888E-01
    1.983710E+00    9.209721E-01
    1.991873E+00    9.082690E-01
    2.000037E+00    9.009342E-01
    2.008200E+00    8.996212E-01
    2.016364E+00    9.035789E-01
    2.024527E+00    9.112207E-01
    2.032690E+00    9.207524E-01
    2.040854E+00    9.306362E-01
    2.049017E+00    9.399759E-01
    2.057181E+00    9.488606E-01
    2.065344E+00    9.584226E-01
    2.073507E+00    9.703470E-01
    2.081671E+00    9.858507E-01
    2.089834E+00    1.004582E+00
    2.097998E+00    1.024197E+00
    2.106161E+00    1.041223E+00
    2.114325E+00    1.053110E+00
    2.122488E+00    1.060204E+00
    2.130651E+00    1.066123E+00
    2.138815E+00    1.076297E+00
    2.146978E+00    1.096003E+00
    2.155142E+00    1.129061E+00
    2.163305E+00    1.177310E+00
    2.171468E+00    1.240341E+00
    2.179632E+00    1.315145E+00
    2.187795E+00    1.395856E+00
    2.195959E+00    1.474134E+00
    2.204122E+00    1.540641E+00
    2.212286E+00    1.587270E+00
    2.220449E+00    1.609128E+00
    2.228612E+00    1.605467E+00
    2.236776E+00    1.579413E+00
    2.244939E+00    1.536795E+00
    2.253103E+00    1.484607E+00
    2.261266E+00    1.429614E+00
    2.269429E+00    1.377257E+00
    2.277593E+00    1.330980E+00
    2.285756E+00    1.292202E+00
    2.293920E+00    1.261070E+00
    2.302083E+00    1.237500E+00
    2.310246E+00    1.221792E+00
    2.318410E+00    1.214537E+00
    2.326573E+00    1.216202E+00
    2.334737E+00    1.226766E+00
    2.342900E+00    1.245566E+00
    2.351064E+00    1.271407E+00
    2.359227E+00    1.302947E+00
    2.367390E+00    1.339229E+00
    2.375554E+00    1.380261E+00
    2.383717E+00    1.427492E+00
    2.391881E+00    1.483866E+00
    2.400044E+00    1.553127E+00
    2.408207E+00    1.638455E+00
    2.416371E+00    1.740973E+00
    2.424534E+00    1.858595E+00
    2.432698E+00    1.985583E+00
    2.440861E+00    2.113190E+00
    2.449025E+00    2.231430E+00
    2.457188E+00    2.331415E+00
    2.465351E+00    2.407483E+00
    2.473515E+00    2.458479E+00
    2.481678E+00    2.487456E+00
    2.489842E+00    2.499521E+00
    2.498005E+00    2.498960E+00
    2.506168E+00    2.487486E+00
    2.514332E+00    2.464802E+00
    2.522495E+00    2.431322E+00
    2.530659E+00    2.391056E+00
    2.538822E+00    2.351987E+00
    2.546986E+00    2.323376E+00
    2.555149E+00    2.312124E+00
    2.563312E+00    2.320552E+00
    2.571476E+00    2.346335E+00
    2.579639E+00    2.384124E+00
    2.587803E+00    2.427954E+00
    2.595966E+00    2.473366E+00
    2.604129E+00    2.518268E+00
    2.612293E+00    2.562553E+00
    2.620456E+00    2.607405E+00
    2.628620E+00    2.655108E+00
    2.636783E+00    2.709057E+00
    2.644947E+00    2.773073E+00
    2.653110E+00    2.849931E+00
    2.661273E+00    2.940064E+00
    2.669437E+00    3.041380E+00
    2.677600E+00    3.150044E+00
    2.685764E+00    3.261200E+00
    2.693927E+00    3.369256E+00
    2.702090E+00    3.468384E+00
    2.710254E+00    3.553652E+00
    2.718417E+00    3.622211E+00
    2.726581E+00    3.674110E+00
    2.734744E+00    3.712613E+00
    2.742907E+00    3.743517E+00
    2.751071E+00    3.773417E+00
    2.759234E+00    3.808027E+00
    2.767398E+00    3.851722E+00
    2.775561E+00    3.908112E+00
    2.783725E+00    3.980293E+00
    2.791888E+00    4.070383E+00
    2.800051E+00    4.179317E+00
    2.808215E+00    4.307307E+00
    2.816378E+00    4.453994E+00
    2.824542E+00    4.617949E+00
    2.832705E+00    4.796199E+00
    2.840868E+00    4.984361E+00
    2.849032E+00    5.177058E+00
    2.857195E+00    5.368015E+00
    2.865359E+00    5.550059E+00
    2.873522E+00    5.715891E+00
    2.881686E+00    5.859542E+00
    2.889849E+00    5.977290E+00
    2.898012E+00    6.067318E+00
    2.906176E+00    6.128955E+00
    2.914339E+00    6.163073E+00
    2.922503E+00    6.173649E+00
    2.930666E+00    6.168563E+00
    2.938829E+00    6.158466E+00
    2.946993E+00    6.154585E+00
    2.955156E+00    6.166622E+00
    2.963320E+00    6.201064E+00
    2.971483E+00    6.260119E+00
    2.979647E+00    6.341852E+00
    2.987810E+00    6.441506E+00
    2.995973E+00    6.553059E+00
    3.004137E+00    6.670056E+00
    3.012300E+00    6.785681E+00
    3.020464E+00    6.893074E+00
    3.028627E+00    6.986674E+00
    3.036790E+00    7.063840E+00
    3.044954E+00    7.125475E+00
    3.053117E+00    7.175266E+00
    3.061281E+00    7.218133E+00
    3.069444E+00    7.258745E+00
    3.077608E+00    7.300464E+00
    3.085771E+00    7.344476E+00
    3.093934E+00    7.389002E+00
    3.102098E+00    7.429142E+00
    3.110261E+00    7.457947E+00
    3.118425E+00    7.468824E+00
    3.126588E+00    7.458556E+00
    3.134751E+00    7.428982E+00
    3.142915E+00    7.385780E+00
    3.151078E+00    7.335360E+00
    3.159242E+00    7.282686E+00
    3.167405E+00    7.231625E+00
    3.175568E+00    7.186599E+00
    3.183732E+00    7.152989E+00
    3.191895E+00    7.135176E+00
    3.200059E+00    7.133939E+00
    3.208222E+00    7.146072E+00
    3.216386E+00    7.167041E+00
    3.224549E+00    7.194446E+00
    3.232712E+00    7.229352E+00
    3.240876E+00    7.274583E+00
    3.249039E+00    7.331371E+00
    3.257203E+00    7.396689E+00
    3.265366E+00    7.463222E+00
    3.273529E+00    7.522470E+00
    3.281693E+00    7.569143E+00
    3.289856E+00    7.603280E+00
    3.298020E+00    7.627769E+00
    3.306183E+00    7.643404E+00
    3.314347E+00    7.646529E+00
    3.322510E+00    7.631525E+00
    3.330673E+00    7.595028E+00
    3.338837E+00    7.537667E+00
    3.347000E+00    7.463108E+00
    3.355164E+00    7.376945E+00
    3.363327E+00    7.286365E+00
    3.371490E+00    7.199396E+00
    3.379654E+00    7.123246E+00
    3.387817E+00    7.062821E+00
    3.395981E+00    7.020522E+00
    3.404144E+00    6.997102E+00
    3.412308E+00    6.992536E+00
    3.420471E+00    7.006340E+00
    3.428634E+00    7.037748E+00
    3.436798E+00    7.086051E+00
    3.444961E+00    7.150762E+00
    3.453125E+00    7.230988E+00
    3.461288E+00    7.323909E+00
    3.469451E+00    7.423351E+00
    3.477615E+00    7.520127E+00
    3.485778E+00    7.605018E+00
    3.493942E+00    7.672980E+00
    3.502105E+00    7.725295E+00
    3.510269E+00    7.767671E+00
    3.518432E+00    7.806054E+00
    3.526595E+00    7.843974E+00
    3.534759E+00    7.883231E+00
    3.542922E+00    7.925827E+00
    3.551086E+00    7.973998E+00
    3.559249E+00    8.028313E+00
    3.567412E+00    8.086718E+00
    3.575576E+00    8.146445E+00
    3.583739E+00    8.207057E+00
    3.591903E+00    8.271337E+00
    3.600066E+00    8.343399E+00
    3.608229E+00    8.426711E+00
    3.616393E+00    8.524257E+00
    3.624556E+00    8.639874E+00
    3.632720E+00    8.778532E+00
    3.640883E+00    8.944651E+00
    3.649047E+00    9.139701E+00
    3.657210E+00    9.360980E+00
    3.665373E+00    9.602285E+00
    3.673537E+00    9.855591E+00
    3.681700E+00    1.011266E+01
    3.689864E+00    1.036644E+01
    3.698027E+00    1.061258E+01
    3.706190E+00    1.085078E+01
    3.714354E+00    1.108547E+01
    3.722517E+00    1.132455E+01
    3.730681E+00    1.157643E+01
    3.738844E+00    1.184695E+01
    3.747008E+00    1.213786E+01
    3.755171E+00    1.244689E+01
    3.763334E+00    1.276808E+01
    3.771498E+00    1.309230E+01
    3.779661E+00    1.340871E+01
    3.787825E+00    1.370729E+01
    3.795988E+00    1.398112E+01
    3.804151E+00    1.422645E+01
    3.812315E+00    1.444051E+01
    3.820478E+00    1.461984E+01
    3.828642E+00    1.476146E+01
    3.836805E+00    1.486569E+01
    3.844969E+00    1.493753E+01
    3.853132E+00    1.498519E+01
    3.861295E+00    1.501770E+01
    3.869459E+00    1.504411E+01
    3.877622E+00    1.507433E+01
    3.885786E+00    1.511986E+01
    3.893949E+00    1.519273E+01
    3.902112E+00    1.530210E+01
    3.910276E+00    1.545058E+01
    3.918439E+00    1.563306E+01
    3.926603E+00    1.583952E+01
    3.934766E+00    1.605884E+01
    3.942930E+00    1.628097E+01
    3.951093E+00    1.649778E+01
    3.959256E+00    1.670456E+01
    3.967420E+00    1.690159E+01
    3.975583E+00    1.709377E+01
    3.983747E+00    1.728808E+01
    3.991910E+00    1.749022E+01
    4.000073E+00    1.770212E+01
    4.008237E+00    1.792172E+01
    4.016400E+00    1.814558E+01
    4.024564E+00    1.837265E+01
    4.032727E+00    1.860604E+01
    4.040890E+00    1.885184E+01
    4.049054E+00    1.911658E+01
    4.057217E+00    1.940517E+01
    4.065381E+00    1.971971E+01
    4.073544E+00    2.005889E+01
    4.081708E+00    2.041786E+01
    4.089871E+00    2.078946E+01
    4.098034E+00    2.116649E+01
    4.106198E+00    2.154353E+01
    4.114361E+00    2.191683E+01
    4.122525E+00    2.228295E+01
    4.130688E+00    2.263861E+01
    4.138851E+00    2.298330E+01
    4.147015E+00    2.332273E+01
    4.155178E+00    2.366958E+01
    4.163342E+00    2.403942E+01
    4.171505E+00    2.444342E+01
    4.179669E+00    2.488191E+01
    4.187832E+00    2.534205E+01
    4.195995E+00    2.579996E+01
    4.204159E+00    2.622516E+01
    4.212322E+00    2.658611E+01
    4.220486E+00    2.685599E+01
    4.228649E+00    2.701617E+01
    4.236812E+00    2.705531E+01
    4.244976E+00    2.696693E+01
    4.253139E+00    2.675126E+01
    4.261303E+00    2.642129E+01
    4.269466E+00    2.600522E+01
    4.277630E+00    2.553997E+01
    4.285793E+00    2.505953E+01
    4.293956E+00    2.458723E+01
    4.302120E+00    2.413501E+01
    4.310283E+00    2.370602E+01
    4.318447E+00    2.329655E+01
    4.326610E+00    2.289643E+01
    4.334773E+00    2.248938E+01
    4.342937E+00    2.205560E+01
    4.351100E+00    2.157706E+01
    4.359264E+00    2.104419E+01
    4.367427E+00    2.046079E+01
    4.375591E+00    1.984345E+01
    4.383754E+00    1.921553E+01
    4.391917E+00    1.859946E+01
    4.400081E+00    1.801246E+01
    4.408244E+00    1.746716E+01
    4.416408E+00    1.697478E+01
    4.424571E+00    1.654703E+01
    4.432734E+00    1.619498E+01
    4.440898E+00    1.592651E+01
    4.449061E+00    1.574387E+01
    4.457225E+00    1.564214E+01
    4.465388E+00    1.560845E+01
    4.473551E+00    1.562299E+01
    4.481715E+00    1.566172E+01
    4.489878E+00    1.569986E+01
    4.498042E+00    1.571467E+01
    4.506205E+00    1.568748E+01
    4.514369E+00    1.560542E+01
    4.522532E+00    1.546248E+01
    4.530695E+00    1.525989E+01
    4.538859E+00    1.500614E+01
    4.547022E+00    1.471549E+01
    4.555186E+00    1.440400E+01
    4.563349E+00    1.408432E+01
    4.571512E+00    1.376291E+01
    4.579676E+00    1.344154E+01
    4.587839E+00    1.312187E+01
    4.596003E+00    1.280942E+01
    4.604166E+00    1.251369E+01
    4.612330E+00    1.224525E+01
    4.620493E+00    1.201211E+01
    4.628656E+00    1.181704E+01
    4.636820E+00    1.165669E+01
    4.644983E+00    1.152309E+01
    4.653147E+00    1.140729E+01
    4.661310E+00    1.130369E+01
    4.669473E+00    1.121250E+01
    4.677637E+00    1.113858E+01
    4.685800E+00    1.108725E+01
    4.693964E+00    1.106059E+01
    4.702127E+00    1.105671E+01
    4.710291E+00    1.107100E+01
    4.718454E+00    1.109706E+01
    4.726617E+00    1.112687E+01
    4.734781E+00    1.115123E+01
    4.742944E+00    1.116111E+01
    4.751108E+00    1.114913E+01
    4.759271E+00    1.111039E+01
    4.767434E+00    1.104243E+01
    4.775598E+00    1.094525E+01
    4.783761E+00    1.082170E+01
    4.791925E+00    1.067767E+01
    4.800088E+00    1.052108E+01
    4.808252E+00    1.036010E+01
    4.816415E+00    1.020233E+01
    4.824578E+00    1.005511E+01
    4.832742E+00    9.925348E+00
    4.840905E+00    9.818034E+00
    4.849069E+00    9.734923E+00
    4.857232E+00    9.674752E+00
    4.865395E+00    9.634142E+00
    4.873559E+00    9.608015E+00
    4.881722E+00    9.589727E+00
    4.889886E+00    9.571856E+00
    4.898049E+00    9.547943E+00
    4.906213E+00    9.514523E+00
    4.914376E+00    9.472076E+00
    4.922539E+00    9.424106E+00
    4.930703E+00    9.375378E+00
    4.938866E+00    9.330856E+00
    4.947030E+00    9.295023E+00
    4.955193E+00    9.270435E+00
    4.963356E+00    9.256268E+00
    4.971520E+00    9.248874E+00
    4.979683E+00    9.244297E+00
    4.987847E+00    9.240148E+00
    4.996010E+00    9.235172E+00
    5.004173E+00    9.227924E+00
    5.012337E+00    9.216853E+00
    5.020500E+00    9.201478E+00
    5.028664E+00    9.182445E+00
    5.036827E+00    9.160062E+00
    5.044991E+00    9.133139E+00
    5.053154E+00    9.099575E+00
    5.061317E+00    9.058051E+00
    5.069481E+00    9.009078E+00
    5.077644E+00    8.954444E+00
    5.085808E+00    8.895826E+00
    5.093971E+00    8.834084E+00
    5.102134E+00    8.769861E+00
    5.110298E+00    8.704841E+00
    5.118461E+00    8.642560E+00
    5.126625E+00    8.587986E+00
    5.134788E+00    8.546025E+00
    5.142952E+00    8.519965E+00
    5.151115E+00    8.510954E+00
    5.159278E+00    8.518756E+00
    5.167442E+00    8.542890E+00
    5.175605E+00    8.582888E+00
    5.183769E+00    8.637450E+00
    5.191932E+00    8.703613E+00
    5.200095E+00    8.777023E+00
    5.208259E+00    8.853019E+00
    5.216422E+00    8.927457E+00
    5.224586E+00    8.996930E+00
    5.232749E+00    9.058797E+00
    5.240913E+00    9.111097E+00
    5.249076E+00    9.152165E+00
    5.257239E+00    9.180437E+00
    5.265403E+00    9.195192E+00
    5.273566E+00    9.197908E+00
    5.281730E+00    9.192755E+00
    5.289893E+00    9.185513E+00
    5.298056E+00    9.181709E+00
    5.306220E+00    9.184987E+00
    5.314383E+00    9.196348E+00
    5.322547E+00    9.214622E+00
    5.330710E+00    9.237783E+00
    5.338874E+00    9.264198E+00
    5.347037E+00    9.293499E+00
    5.355200E+00    9.327091E+00
    5.363364E+00    9.367642E+00
    5.371527E+00    9.417209E+00
    5.379691E+00    9.475088E+00
    5.387854E+00    9.537019E+00
    5.396017E+00    9.596070E+00
    5.404181E+00    9.644283E+00
    5.412344E+00    9.674397E+00
    5.420508E+00    9.681270E+00
    5.428671E+00    9.662727E+00
    5.436834E+00    9.619585E+00
    5.444998E+00    9.554794E+00
    5.453161E+00    9.472162E+00
    5.461325E+00    9.375758E+00
    5.469488E+00    9.270247E+00
    5.477652E+00    9.161097E+00
    5.485815E+00    9.053675E+00
    5.493978E+00    8.951636E+00
    5.502142E+00    8.855867E+00
    5.510305E+00    8.764859E+00
    5.518469E+00    8.676238E+00
    5.526632E+00    8.588254E+00
    5.534795E+00    8.500183E+00
    5.542959E+00    8.411985E+00
    5.551122E+00    8.324339E+00
    5.559286E+00    8.239052E+00
    5.567449E+00    8.158739E+00
    5.575613E+00    8.085549E+00
    5.583776E+00    8.019935E+00
    5.591939E+00    7.960249E+00
    5.600103E+00    7.903378E+00
    5.608266E+00    7.846021E+00
    5.616430E+00    7.785796E+00
    5.624593E+00    7.721522E+00
    5.632756E+00    7.652800E+00
    5.640920E+00    7.579551E+00
    5.649083E+00    7.501960E+00
    5.657247E+00    7.420720E+00
    5.665410E+00    7.337158E+00
    5.673574E+00    7.252892E+00
    5.681737E+00    7.169229E+00
    5.689900E+00    7.087046E+00
    5.698064E+00    7.007350E+00
    5.706227E+00    6.931670E+00
    5.714391E+00    6.861529E+00
    5.722554E+00    6.797533E+00
    5.730717E+00    6.739124E+00
    5.738881E+00    6.685179E+00
    5.747044E+00    6.634815E+00
    5.755208E+00    6.587839E+00
    5.763371E+00    6.544681E+00
    5.771535E+00    6.505715E+00
    5.779698E+00    6.470377E+00
    5.787861E+00    6.437070E+00
    5.796025E+00    6.404264E+00
    5.804188E+00    6.371628E+00
    5.812352E+00    6.339730E+00
    5.820515E+00    6.308361E+00
    5.828678E+00    6.275164E+00
    5.836842E+00    6.235949E+00
    5.845005E+00    6.186516E+00
    5.853169E+00    6.124594E+00
    5.861332E+00    6.050612E+00
    5.869495E+00    5.967223E+00
    5.877659E+00    5.878312E+00
    5.885822E+00    5.787992E+00
    5.893986E+00    5.699661E+00
    5.902149E+00    5.615309E+00
    5.910313E+00    5.535498E+00
    5.918476E+00    5.460085E+00
    5.926639E+00    5.389181E+00
    5.934803E+00    5.323650E+00
    5.942966E+00    5.264876E+00
    5.951130E+00    5.214226E+00
    5.959293E+00    5.172698E+00
    5.967456E+00    5.140898E+00
    5.975620E+00    5.119094E+00
    5.983783E+00    5.107007E+00
    5.991947E+00    5.103281E+00
    6.000110E+00    5.105077E+00
    6.008274E+00    5.108378E+00
    6.016437E+00    5.109145E+00
    6.024600E+00    5.104640E+00
    6.032764E+00    5.094100E+00
    6.040927E+00    5.078552E+00
    6.049091E+00    5.060042E+00
    6.057254E+00    5.040751E+00
    6.065417E+00    5.022293E+00
    6.073581E+00    5.005321E+00
    6.081744E+00    4.989386E+00
    6.089908E+00    4.973090E+00
    6.098071E+00    4.954624E+00
    6.106235E+00    4.932561E+00
    6.114398E+00    4.906451E+00
    6.122561E+00    4.876931E+00
    6.130725E+00    4.845386E+00
    6.138888E+00    4.813509E+00
    6.147052E+00    4.783190E+00
    6.155215E+00    4.756628E+00
    6.163378E+00    4.736111E+00
    6.171542E+00    4.723323E+00
    6.179705E+00    4.718578E+00
    6.187869E+00    4.720345E+00
    6.196032E+00    4.725349E+00
    6.204196E+00    4.729465E+00
    6.212359E+00    4.728998E+00
    6.220522E+00    4.721486E+00
    6.228686E+00    4.705563E+00
    6.236849E+00    4.680318E+00
    6.245013E+00    4.644942E+00
    6.253176E+00    4.599017E+00
    6.261339E+00    4.543161E+00
    6.269503E+00    4.479296E+00
    6.277666E+00    4.410253E+00
    6.285830E+00    4.339070E+00
    6.293993E+00    4.268424E+00
    6.302156E+00    4.200266E+00
    6.310320E+00    4.135751E+00
    6.318483E+00    4.075397E+00
    6.326647E+00    4.019263E+00
    6.334810E+00    3.967161E+00
    6.342974E+00    3.919178E+00
    6.351137E+00    3.876297E+00
    6.359300E+00    3.840466E+00
    6.367464E+00    3.813900E+00
    6.375627E+00    3.798231E+00
    6.383791E+00    3.794118E+00
    6.391954E+00    3.801296E+00
    6.400117E+00    3.818628E+00
    6.408281E+00    3.844002E+00
    6.416444E+00    3.874337E+00
    6.424608E+00    3.905873E+00
    6.432771E+00    3.934655E+00
    6.440935E+00    3.957106E+00
    6.449098E+00    3.970666E+00
    6.457261E+00    3.974267E+00
    6.465425E+00    3.968344E+00
    6.473588E+00    3.954439E+00
    6.481752E+00    3.934662E+00
    6.489915E+00    3.911201E+00
    6.498078E+00    3.885934E+00
    6.506242E+00    3.860234E+00
    6.514405E+00    3.835030E+00
    6.522569E+00    3.810954E+00
    6.530732E+00    3.788462E+00
    6.538896E+00    3.767940E+00
    6.547059E+00    3.749703E+00
    6.555222E+00    3.733758E+00
    6.563386E+00    3.719396E+00
    6.571549E+00    3.704995E+00
    6.579713E+00    3.688259E+00
    6.587876E+00    3.666753E+00
    6.596039E+00    3.638368E+00
    6.604203E+00    3.601637E+00
    6.612366E+00    3.556143E+00
    6.620530E+00    3.502977E+00
    6.628693E+00    3.444876E+00
    6.636857E+00    3.385771E+00
    6.645020E+00    3.329909E+00
    6.653183E+00    3.281017E+00
    6.661347E+00    3.241847E+00
    6.669510E+00    3.214021E+00
    6.677674E+00    3.197848E+00
    6.685837E+00    3.192051E+00
    6.694000E+00    3.193891E+00
    6.702164E+00    3.199962E+00
    6.710327E+00    3.207228E+00
    6.718491E+00    3.213598E+00
    6.726654E+00    3.217850E+00
    6.734817E+00    3.219238E+00
    6.742981E+00    3.217182E+00
    6.751144E+00    3.211225E+00
    6.759308E+00    3.201260E+00
    6.767471E+00    3.187874E+00
    6.775635E+00    3.172467E+00
    6.783798E+00    3.156854E+00
    6.791961E+00    3.142411E+00
    6.800125E+00    3.129264E+00
    6.808288E+00    3.116217E+00
    6.816452E+00    3.101598E+00
    6.824615E+00    3.084302E+00
    6.832778E+00    3.064138E+00
    6.840942E+00    3.041402E+00
    6.849105E+00    3.016374E+00
    6.857269E+00    2.989206E+00
    6.865432E+00    2.960151E+00
    6.873596E+00    2.929880E+00
    6.881759E+00    2.899658E+00
    6.889922E+00    2.871202E+00
    6.898086E+00    2.846126E+00
    6.906249E+00    2.825366E+00
    6.914413E+00    2.809063E+00
    6.922576E+00    2.796891E+00
    6.930739E+00    2.788379E+00
    6.938903E+00    2.782965E+00
    6.947066E+00    2.779995E+00
    6.955230E+00    2.778857E+00
    6.963393E+00    2.779130E+00
    6.971557E+00    2.780521E+00
    6.979720E+00    2.782525E+00
    6.987883E+00    2.784021E+00
    6.996047E+00    2.783216E+00
    7.004210E+00    2.778077E+00
    7.012374E+00    2.766976E+00
    7.020537E+00    2.749236E+00
    7.028700E+00    2.725419E+00
    7.036864E+00    2.697354E+00
    7.045027E+00    2.667870E+00
    7.053191E+00    2.640154E+00
    7.061354E+00    2.616897E+00
    7.069518E+00    2.599633E+00
    7.077681E+00    2.588642E+00
    7.085844E+00    2.583328E+00
    7.094008E+00    2.582689E+00
    7.102171E+00    2.585592E+00
    7.110335E+00    2.590820E+00
    7.118498E+00    2.597053E+00
    7.126661E+00    2.602949E+00
    7.134825E+00    2.607242E+00
    7.142988E+00    2.608736E+00
    7.151152E+00    2.606258E+00
    7.159315E+00    2.598747E+00
    7.167478E+00    2.585540E+00
    7.175642E+00    2.566643E+00
    7.183805E+00    2.542812E+00
    7.191969E+00    2.515359E+00
    7.200132E+00    2.485817E+00
    7.208296E+00    2.455626E+00
    7.216459E+00    2.426024E+00
    7.224622E+00    2.398118E+00
    7.232786E+00    2.372916E+00
    7.240949E+00    2.351165E+00
    7.249113E+00    2.333143E+00
    7.257276E+00    2.318532E+00
    7.265439E+00    2.306426E+00
    7.273603E+00    2.295527E+00
    7.281766E+00    2.284595E+00
    7.289930E+00    2.272915E+00
    7.298093E+00    2.260487E+00
    7.306257E+00    2.247904E+00
    7.314420E+00    2.236096E+00
    7.322583E+00    2.226034E+00
    7.330747E+00    2.218399E+00
    7.338910E+00    2.213359E+00
    7.347074E+00    2.210710E+00
    7.355237E+00    2.210303E+00
    7.363400E+00    2.212383E+00
    7.371564E+00    2.217481E+00
    7.379727E+00    2.225929E+00
    7.387891E+00    2.237389E+00
    7.396054E+00    2.250679E+00
    7.404218E+00    2.263996E+00
    7.412381E+00    2.275458E+00
    7.420544E+00    2.283675E+00
    7.428708E+00    2.288042E+00
    7.436871E+00    2.288731E+00
    7.445035E+00    2.286549E+00
    7.453198E+00    2.282759E+00
    7.461361E+00    2.278821E+00
    7.469525E+00    2.275993E+00
    7.477688E+00    2.274902E+00
    7.485852E+00    2.275394E+00
    7.494015E+00    2.276759E+00
    7.502179E+00    2.278142E+00
    7.510342E+00    2.278742E+00
    7.518505E+00    2.277666E+00
    7.526669E+00    2.273653E+00
    7.534832E+00    2.265170E+00
    7.542996E+00    2.251064E+00
    7.551159E+00    2.231336E+00
    7.559322E+00    2.207325E+00
    7.567486E+00    2.181108E+00
    7.575649E+00    2.154565E+00
    7.583813E+00    2.128651E+00
    7.591976E+00    2.103170E+00
    7.600140E+00    2.077123E+00
    7.608303E+00    2.049490E+00
    7.616466E+00    2.020018E+00
    7.624630E+00    1.989557E+00
    7.632793E+00    1.959792E+00
    7.640957E+00    1.932645E+00
    7.649120E+00    1.909715E+00
    7.657283E+00    1.892003E+00
    7.665447E+00    1.879912E+00
    7.673610E+00    1.873419E+00
    7.681774E+00    1.872233E+00
    7.689937E+00    1.875819E+00
    7.698100E+00    1.883326E+00
    7.706264E+00    1.893604E+00
    7.714427E+00    1.905329E+00
    7.722591E+00    1.917175E+00
    7.730754E+00    1.927947E+00
    7.738918E+00    1.936688E+00
    7.747081E+00    1.942731E+00
    7.755244E+00    1.945739E+00
    7.763408E+00    1.945798E+00
    7.771571E+00    1.943607E+00
    7.779735E+00    1.940561E+00
    7.787898E+00    1.938496E+00
    7.796061E+00    1.939119E+00
    7.804225E+00    1.943414E+00
    7.812388E+00    1.951394E+00
    7.820552E+00    1.962349E+00
    7.828715E+00    1.975350E+00
    7.836879E+00    1.989598E+00
    7.845042E+00    2.004425E+00
    7.853205E+00    2.019155E+00
    7.861369E+00    2.033086E+00
    7.869532E+00    2.045595E+00
    7.877696E+00    2.056259E+00
    7.885859E+00    2.064831E+00
    7.894022E+00    2.071105E+00
    7.902186E+00    2.074816E+00
    7.910349E+00    2.075724E+00
    7.918513E+00    2.073743E+00
    7.926676E+00    2.068957E+00
    7.934840E+00    2.061476E+00
    7.943003E+00    2.051341E+00
    7.951166E+00    2.038659E+00
    7.959330E+00    2.023913E+00
    7.967493E+00    2.008099E+00
    7.975657E+00    1.992445E+00
    7.983820E+00    1.977867E+00
    7.991983E+00    1.964572E+00
    8.000147E+00    1.952075E+00
    8.008310E+00    1.939585E+00
    8.016474E+00    1.926484E+00
    8.024637E+00    1.912594E+00
    8.032801E+00    1.898067E+00
    8.040964E+00    1.882997E+00
    8.049127E+00    1.867121E+00
    8.057291E+00    1.849944E+00
    8.065454E+00    1.831152E+00
    8.073618E+00    1.810931E+00
    8.081781E+00    1.790017E+00
    8.089944E+00    1.769557E+00
    8.098108E+00    1.750882E+00
    8.106271E+00    1.735236E+00
    8.114435E+00    1.723582E+00
    8.122598E+00    1.716524E+00
    8.130761E+00    1.714319E+00
    8.138925E+00    1.716887E+00
    8.147088E+00    1.723794E+00
    8.155252E+00    1.734193E+00


 # Energy(eV)         Re(chi1(w))
    8.163415E-03    4.319100E+00
    1.632683E-02    4.325690E+00
    2.449025E-02    4.332308E+00
    3.265366E-02    4.338955E+00
    4.081708E-02    4.345631E+00
    4.898049E-02    4.352336E+00
    5.714391E-02    4.359071E+00
    6.530732E-02    4.365835E+00
    7.347074E-02    4.372630E+00
    8.163415E-02    4.379454E+00
    8.979757E-02    4.386308E+00
    9.796098E-02    4.393193E+00
    1.061244E-01    4.400109E+00
    1.142878E-01    4.407056E+00
    1.224512E-01    4.414033E+00
    1.306146E-01    4.421043E+00
    1.387781E-01    4.428084E+00
    1.469415E-01    4.435156E+00
    1.551049E-01    4.442261E+00
    1.632683E-01    4.449398E+00
    1.714317E-01    4.456568E+00
    1.795951E-01    4.463771E+00
    1.877585E-01    4.471007E+00
    1.959220E-01    4.478276E+00
    2.040854E-01    4.485579E+00
    2.122488E-01    4.492915E+00
    2.204122E-01    4.500286E+00
    2.285756E-01    4.507691E+00
    2.367390E-01    4.515131E+00
    2.449025E-01    4.522605E+00
    2.530659E-01    4.530115E+00
    2.612293E-01    4.537661E+00
    2.693927E-01    4.545242E+00
    2.775561E-01    4.552859E+00
    2.857195E-01    4.560513E+00
    2.938829E-01    4.568203E+00
    3.020464E-01    4.575930E+00
    3.102098E-01    4.583694E+00
    3.183732E-01    4.591496E+00
    3.265366E-01    4.599335E+00
    3.347000E-01    4.607213E+00
    3.428634E-01    4.615129E+00
    3.510269E-01    4.623084E+00
    3.591903E-01    4.631078E+00
    3.673537E-01    4.639111E+00
    3.755171E-01    4.647184E+00
    3.836805E-01    4.655297E+00
    3.918439E-01    4.663451E+00
    4.000073E-01    4.671645E+00
    4.081708E-01    4.679880E+00
    4.163342E-01    4.688157E+00
    4.244976E-01    4.696475E+00
    4.326610E-01    4.704836E+00
    4.408244E-01    4.713239E+00
    4.489878E-01    4.721685E+00
    4.571512E-01    4.730174E+00
    4.653147E-01    4.738707E+00
    4.734781E-01    4.747284E+00
    4.816415E-01    4.755905E+00
    4.898049E-01    4.764571E+00
    4.979683E-01    4.773282E+00
    5.061317E-01    4.782039E+00
    5.142952E-01    4.790841E+00
    5.224586E-01    4.799690E+00
    5.306220E-01    4.808586E+00
    5.387854E-01    4.817529E+00
    5.469488E-01    4.826520E+00
    5.551122E-01    4.835559E+00
    5.632756E-01    4.844647E+00
    5.714391E-01    4.853783E+00
    5.796025E-01    4.862969E+00
    5.877659E-01    4.872205E+00
    5.959293E-01    4.881491E+00
    6.040927E-01    4.890828E+00
    6.122561E-01    4.900217E+00
    6.204196E-01    4.909657E+00
    6.285830E-01    4.919150E+00
    6.367464E-01    4.928696E+00
    6.449098E-01    4.938295E+00
    6.530732E-01    4.947948E+00
    6.612366E-01    4.957655E+00
    6.694000E-01    4.967417E+00
    6.775635E-01    4.977235E+00
    6.857269E-01    4.987109E+00
    6.938903E-01    4.997040E+00
    7.020537E-01    5.007027E+00
    7.102171E-01    5.017073E+00
    7.183805E-01    5.027177E+00
    7.265439E-01    5.037340E+00
    7.347074E-01    5.047562E+00
    7.428708E-01    5.057845E+00
    7.510342E-01    5.068189E+00
    7.591976E-01    5.078594E+00
    7.673610E-01    5.089061E+00
    7.755244E-01    5.099591E+00
    7.836879E-01    5.110185E+00
    7.918513E-01    5.120843E+00
    8.000147E-01    5.131566E+00
    8.081781E-01    5.142354E+00
    8.163415E-01    5.153209E+00
    8.245049E-01    5.164131E+00
    8.326683E-01    5.175120E+00
    8.408318E-01    5.186179E+00
    8.489952E-01    5.197306E+00
    8.571586E-01    5.208504E+00
    8.653220E-01    5.219773E+00
    8.734854E-01    5.231114E+00
    8.816488E-01    5.242527E+00
    8.898123E-01    5.254014E+00
    8.979757E-01    5.265575E+00
    9.061391E-01    5.277212E+00
    9.143025E-01    5.288925E+00
    9.224659E-01    5.300715E+00
    9.306293E-01    5.312583E+00
    9.387927E-01    5.324530E+00
    9.469562E-01    5.336557E+00
    9.551196E-01    5.348665E+00
    9.632830E-01    5.360856E+00
    9.714464E-01    5.373129E+00
    9.796098E-01    5.385487E+00
    9.877732E-01    5.397930E+00
    9.959366E-01    5.410460E+00
    1.004100E+00    5.423077E+00
    1.012263E+00    5.435783E+00
    1.020427E+00    5.448580E+00
    1.028590E+00    5.461467E+00
    1.036754E+00    5.474447E+00
    1.044917E+00    5.487521E+00
    1.053081E+00    5.500690E+00
    1.061244E+00    5.513955E+00
    1.069407E+00    5.527319E+00
    1.077571E+00    5.540782E+00
    1.085734E+00    5.554346E+00
    1.093898E+00    5.568012E+00
    1.102061E+00    5.581782E+00
    1.110224E+00    5.595657E+00
    1.118388E+00    5.609640E+00
    1.126551E+00    5.623732E+00
    1.134715E+00    5.637934E+00
    1.142878E+00    5.652248E+00
    1.151042E+00    5.666677E+00
    1.159205E+00    5.681222E+00
    1.167368E+00    5.695885E+00
    1.175532E+00    5.710668E+00
    1.183695E+00    5.725573E+00
    1.191859E+00    5.740603E+00
    1.200022E+00    5.755759E+00
    1.208185E+00    5.771044E+00
    1.216349E+00    5.786460E+00
    1.224512E+00    5.802009E+00
    1.232676E+00    5.817695E+00
    1.240839E+00    5.833520E+00
    1.249003E+00    5.849487E+00
    1.257166E+00    5.865597E+00
    1.265329E+00    5.881856E+00
    1.273493E+00    5.898264E+00
    1.281656E+00    5.914827E+00
    1.289820E+00    5.931546E+00
    1.297983E+00    5.948426E+00
    1.306146E+00    5.965469E+00
    1.314310E+00    5.982681E+00
    1.322473E+00    6.000064E+00
    1.330637E+00    6.017623E+00
    1.338800E+00    6.035363E+00
    1.346963E+00    6.053287E+00
    1.355127E+00    6.071401E+00
    1.363290E+00    6.089710E+00
    1.371454E+00    6.108219E+00
    1.379617E+00    6.126933E+00
    1.387781E+00    6.145858E+00
    1.395944E+00    6.165002E+00
    1.404107E+00    6.184369E+00
    1.412271E+00    6.203968E+00
    1.420434E+00    6.223806E+00
    1.428598E+00    6.243890E+00
    1.436761E+00    6.264229E+00
    1.444924E+00    6.284831E+00
    1.453088E+00    6.305707E+00
    1.461251E+00    6.326866E+00
    1.469415E+00    6.348318E+00
    1.477578E+00    6.370073E+00
    1.485742E+00    6.392145E+00
    1.493905E+00    6.414542E+00
    1.502068E+00    6.437278E+00
    1.510232E+00    6.460360E+00
    1.518395E+00    6.483799E+00
    1.526559E+00    6.507599E+00
    1.534722E+00    6.531759E+00
    1.542885E+00    6.556269E+00
    1.551049E+00    6.581106E+00
    1.559212E+00    6.606221E+00
    1.567376E+00    6.631539E+00
    1.575539E+00    6.656942E+00
    1.583703E+00    6.682274E+00
    1.591866E+00    6.707354E+00
    1.600029E+00    6.732037E+00
    1.608193E+00    6.756310E+00
    1.616356E+00    6.780391E+00
    1.624520E+00    6.804738E+00
    1.632683E+00    6.829900E+00
    1.640846E+00    6.856291E+00
    1.649010E+00    6.884056E+00
    1.657173E+00    6.913103E+00
    1.665337E+00    6.943231E+00
    1.673500E+00    6.974265E+00
    1.681664E+00    7.006131E+00
    1.689827E+00    7.038831E+00
    1.697990E+00    7.072350E+00
    1.706154E+00    7.106525E+00
    1.714317E+00    7.140973E+00
    1.722481E+00    7.175052E+00
    1.730644E+00    7.207856E+00
    1.738807E+00    7.238247E+00
    1.746971E+00    7.264990E+00
    1.755134E+00    7.287046E+00
    1.763298E+00    7.303977E+00
    1.771461E+00    7.316232E+00
    1.779625E+00    7.325058E+00
    1.787788E+00    7.332121E+00
    1.795951E+00    7.339176E+00
    1.804115E+00    7.347915E+00
    1.812278E+00    7.359955E+00
    1.820442E+00    7.376818E+00
    1.828605E+00    7.399729E+00
    1.836768E+00    7.429206E+00
    1.844932E+00    7.464798E+00
    1.853095E+00    7.505205E+00
    1.861259E+00    7.548660E+00
    1.869422E+00    7.593267E+00
    1.877585E+00    7.637188E+00
    1.885749E+00    7.678643E+00
    1.893912E+00    7.715809E+00
    1.902076E+00    7.746744E+00
    1.910239E+00    7.769435E+00
    1.918403E+00    7.782041E+00
    1.926566E+00    7.783435E+00
    1.934729E+00    7.774102E+00
    1.942893E+00    7.757025E+00
    1.951056E+00    7.737608E+00
    1.959220E+00    7.722108E+00
    1.967383E+00    7.715421E+00
    1.975546E+00    7.719837E+00
    1.983710E+00    7.735205E+00
    1.991873E+00    7.759663E+00
    2.000037E+00    7.790345E+00
    2.008200E+00    7.824120E+00
    2.016364E+00    7.858362E+00
    2.024527E+00    7.891455E+00
    2.032690E+00    7.922870E+00
    2.040854E+00    7.953022E+00
    2.049017E+00    7.983034E+00
    2.057181E+00    8.014301E+00
    2.065344E+00    8.047785E+00
    2.073507E+00    8.083289E+00
    2.081671E+00    8.119209E+00
    2.089834E+00    8.153150E+00
    2.097998E+00    8.183372E+00
    2.106161E+00    8.210373E+00
    2.114325E+00    8.237421E+00
    2.122488E+00    8.269260E+00
    2.130651E+00    8.309677E+00
    2.138815E+00    8.359675E+00
    2.146978E+00    8.417214E+00
    2.155142E+00    8.478004E+00
    2.163305E+00    8.536392E+00
    2.171468E+00    8.586032E+00
    2.179632E+00    8.620571E+00
    2.187795E+00    8.634760E+00
    2.195959E+00    8.625987E+00
    2.204122E+00    8.595608E+00
    2.212286E+00    8.549168E+00
    2.220449E+00    8.495225E+00
    2.228612E+00    8.443351E+00
    2.236776E+00    8.402083E+00
    2.244939E+00    8.377479E+00
    2.253103E+00    8.372525E+00
    2.261266E+00    8.387298E+00
    2.269429E+00    8.419608E+00
    2.277593E+00    8.466024E+00
    2.285756E+00    8.523123E+00
    2.293920E+00    8.588423E+00
    2.302083E+00    8.660494E+00
    2.310246E+00    8.738371E+00
    2.318410E+00    8.820931E+00
    2.326573E+00    8.906677E+00
    2.334737E+00    8.993893E+00
    2.342900E+00    9.081000E+00
    2.351064E+00    9.166971E+00
    2.359227E+00    9.251632E+00
    2.367390E+00    9.335710E+00
    2.375554E+00    9.420577E+00
    2.383717E+00    9.507622E+00
    2.391881E+00    9.597216E+00
    2.400044E+00    9.687672E+00
    2.408207E+00    9.774760E+00
    2.416371E+00    9.852123E+00
    2.424534E+00    9.912471E+00
    2.432698E+00    9.949375E+00
    2.440861E+00    9.959238E+00
    2.449025E+00    9.942697E+00
    2.457188E+00    9.904807E+00
    2.465351E+00    9.853940E+00
    2.473515E+00    9.799592E+00
    2.481678E+00    9.749633E+00
    2.489842E+00    9.708383E+00
    2.498005E+00    9.676786E+00
    2.506168E+00    9.654594E+00
    2.514332E+00    9.643140E+00
    2.522495E+00    9.646617E+00
    2.530659E+00    9.670436E+00
    2.538822E+00    9.717633E+00
    2.546986E+00    9.786267E+00
    2.555149E+00    9.869703E+00
    2.563312E+00    9.959142E+00
    2.571476E+00    1.004666E+01
    2.579639E+00    1.012741E+01
    2.587803E+00    1.020039E+01
    2.595966E+00    1.026755E+01
    2.604129E+00    1.033209E+01
    2.612293E+00    1.039707E+01
    2.620456E+00    1.046494E+01
    2.628620E+00    1.053749E+01
    2.636783E+00    1.061524E+01
    2.644947E+00    1.069660E+01
    2.653110E+00    1.077771E+01
    2.661273E+00    1.085341E+01
    2.669437E+00    1.091888E+01
    2.677600E+00    1.097058E+01
    2.685764E+00    1.100653E+01
    2.693927E+00    1.102644E+01
    2.702090E+00    1.103225E+01
    2.710254E+00    1.102840E+01
    2.718417E+00    1.102130E+01
    2.726581E+00    1.101824E+01
    2.734744E+00    1.102596E+01
    2.742907E+00    1.104895E+01
    2.751071E+00    1.108865E+01
    2.759234E+00    1.114400E+01
    2.767398E+00    1.121288E+01
    2.775561E+00    1.129268E+01
    2.783725E+00    1.138005E+01
    2.791888E+00    1.147087E+01
    2.800051E+00    1.156085E+01
    2.808215E+00    1.164578E+01
    2.816378E+00    1.172124E+01
    2.824542E+00    1.178238E+01
    2.832705E+00    1.182449E+01
    2.840868E+00    1.184369E+01
    2.849032E+00    1.183725E+01
    2.857195E+00    1.180361E+01
    2.865359E+00    1.174300E+01
    2.873522E+00    1.165821E+01
    2.881686E+00    1.155456E+01
    2.889849E+00    1.143873E+01
    2.898012E+00    1.131757E+01
    2.906176E+00    1.119819E+01
    2.914339E+00    1.108866E+01
    2.922503E+00    1.099767E+01
    2.930666E+00    1.093242E+01
    2.938829E+00    1.089639E+01
    2.946993E+00    1.088837E+01
    2.955156E+00    1.090288E+01
    2.963320E+00    1.093114E+01
    2.971483E+00    1.096301E+01
    2.979647E+00    1.098914E+01
    2.987810E+00    1.100246E+01
    2.995973E+00    1.099848E+01
    3.004137E+00    1.097478E+01
    3.012300E+00    1.093086E+01
    3.020464E+00    1.086867E+01
    3.028627E+00    1.079299E+01
    3.036790E+00    1.071051E+01
    3.044954E+00    1.062788E+01
    3.053117E+00    1.054986E+01
    3.061281E+00    1.047841E+01
    3.069444E+00    1.041276E+01
    3.077608E+00    1.034997E+01
    3.085771E+00    1.028555E+01
    3.093934E+00    1.021469E+01
    3.102098E+00    1.013401E+01
    3.110261E+00    1.004349E+01
    3.118425E+00    9.947590E+00
    3.126588E+00    9.854365E+00
    3.134751E+00    9.772416E+00
    3.142915E+00    9.707534E+00
    3.151078E+00    9.661668E+00
    3.159242E+00    9.634557E+00
    3.167405E+00    9.625773E+00
    3.175568E+00    9.634853E+00
    3.183732E+00    9.659536E+00
    3.191895E+00    9.694485E+00
    3.200059E+00    9.732606E+00
    3.208222E+00    9.768370E+00
    3.216386E+00    9.800157E+00
    3.224549E+00    9.829445E+00
    3.232712E+00    9.857606E+00
    3.240876E+00    9.882987E+00
    3.249039E+00    9.900408E+00
    3.257203E+00    9.903470E+00
    3.265366E+00    9.888341E+00
    3.273529E+00    9.856463E+00
    3.281693E+00    9.813801E+00
    3.289856E+00    9.766589E+00
    3.298020E+00    9.717097E+00
    3.306183E+00    9.663616E+00
    3.314347E+00    9.604722E+00
    3.322510E+00    9.543205E+00
    3.330673E+00    9.485907E+00
    3.338837E+00    9.440721E+00
    3.347000E+00    9.414384E+00
    3.355164E+00    9.411998E+00
    3.363327E+00    9.436657E+00
    3.371490E+00    9.488569E+00
    3.379654E+00    9.564803E+00
    3.387817E+00    9.660391E+00
    3.395981E+00    9.770028E+00
    3.404144E+00    9.889101E+00
    3.412308E+00    1.001375E+01
    3.420471E+00    1.014062E+01
    3.428634E+00    1.026685E+01
    3.436798E+00    1.038988E+01
    3.444961E+00    1.050686E+01
    3.453125E+00    1.061386E+01
    3.461288E+00    1.070586E+01
    3.469451E+00    1.077843E+01
    3.477615E+00    1.083059E+01
    3.485778E+00    1.086696E+01
    3.493942E+00    1.089687E+01
    3.502105E+00    1.093008E+01
    3.510269E+00    1.097262E+01
    3.518432E+00    1.102572E+01
    3.526595E+00    1.108832E+01
    3.534759E+00    1.115972E+01
    3.542922E+00    1.123964E+01
    3.551086E+00    1.132660E+01
    3.559249E+00    1.141786E+01
    3.567412E+00    1.151157E+01
    3.575576E+00    1.160907E+01
    3.583739E+00    1.171412E+01
    3.591903E+00    1.183008E+01
    3.600066E+00    1.195792E+01
    3.608229E+00    1.209703E+01
    3.616393E+00    1.224668E+01
    3.624556E+00    1.240600E+01
    3.632720E+00    1.257227E+01
    3.640883E+00    1.273969E+01
    3.649047E+00    1.289990E+01
    3.657210E+00    1.304434E+01
    3.665373E+00    1.316660E+01
    3.673537E+00    1.326360E+01
    3.681700E+00    1.333585E+01
    3.689864E+00    1.338723E+01
    3.698027E+00    1.342441E+01
    3.706190E+00    1.345542E+01
    3.714354E+00    1.348718E+01
    3.722517E+00    1.352272E+01
    3.730681E+00    1.355969E+01
    3.738844E+00    1.359138E+01
    3.747008E+00    1.360890E+01
    3.755171E+00    1.360325E+01
    3.763334E+00    1.356665E+01
    3.771498E+00    1.349398E+01
    3.779661E+00    1.338430E+01
    3.787825E+00    1.324125E+01
    3.795988E+00    1.307136E+01
    3.804151E+00    1.288124E+01
    3.812315E+00    1.267645E+01
    3.820478E+00    1.246293E+01
    3.828642E+00    1.224925E+01
    3.836805E+00    1.204635E+01
    3.844969E+00    1.186475E+01
    3.853132E+00    1.171199E+01
    3.861295E+00    1.159242E+01
    3.869459E+00    1.150854E+01
    3.877622E+00    1.146149E+01
    3.885786E+00    1.144982E+01
    3.893949E+00    1.146728E+01
    3.902112E+00    1.150193E+01
    3.910276E+00    1.153830E+01
    3.918439E+00    1.156221E+01
    3.926603E+00    1.156468E+01
    3.934766E+00    1.154252E+01
    3.942930E+00    1.149696E+01
    3.951093E+00    1.143284E+01
    3.959256E+00    1.135805E+01
    3.967420E+00    1.128132E+01
    3.975583E+00    1.120904E+01
    3.983747E+00    1.114309E+01
    3.991910E+00    1.108086E+01
    4.000073E+00    1.101752E+01
    4.008237E+00    1.094950E+01
    4.016400E+00    1.087711E+01
    4.024564E+00    1.080408E+01
    4.032727E+00    1.073437E+01
    4.040890E+00    1.066912E+01
    4.049054E+00    1.060564E+01
    4.057217E+00    1.053804E+01
    4.065381E+00    1.045845E+01
    4.073544E+00    1.035841E+01
    4.081708E+00    1.023073E+01
    4.089871E+00    1.007121E+01
    4.098034E+00    9.879272E+00
    4.106198E+00    9.656632E+00
    4.114361E+00    9.405442E+00
    4.122525E+00    9.128107E+00
    4.130688E+00    8.828924E+00
    4.138851E+00    8.515157E+00
    4.147015E+00    8.194766E+00
    4.155178E+00    7.870948E+00
    4.163342E+00    7.536940E+00
    4.171505E+00    7.174947E+00
    4.179669E+00    6.760314E+00
    4.187832E+00    6.268647E+00
    4.195995E+00    5.682317E+00
    4.204159E+00    4.994542E+00
    4.212322E+00    4.211047E+00
    4.220486E+00    3.348690E+00
    4.228649E+00    2.430873E+00
    4.236812E+00    1.483137E+00
    4.244976E+00    5.330520E-01
    4.253139E+00   -3.874736E-01
    4.261303E+00   -1.244379E+00
    4.269466E+00   -2.010636E+00
    4.277630E+00   -2.675587E+00
    4.285793E+00   -3.246151E+00
    4.293956E+00   -3.740155E+00
    4.302120E+00   -4.178614E+00
    4.310283E+00   -4.581613E+00
    4.318447E+00   -4.967080E+00
    4.326610E+00   -5.349593E+00
    4.334773E+00   -5.737719E+00
    4.342937E+00   -6.130584E+00
    4.351100E+00   -6.515836E+00
    4.359264E+00   -6.871346E+00
    4.367427E+00   -7.171551E+00
    4.375591E+00   -7.395964E+00
    4.383754E+00   -7.534976E+00
    4.391917E+00   -7.589761E+00
    4.400081E+00   -7.567604E+00
    4.408244E+00   -7.477047E+00
    4.416408E+00   -7.326467E+00
    4.424571E+00   -7.125980E+00
    4.432734E+00   -6.889759E+00
    4.440898E+00   -6.636557E+00
    4.449061E+00   -6.388498E+00
    4.457225E+00   -6.168892E+00
    4.465388E+00   -5.999252E+00
    4.473551E+00   -5.895883E+00
    4.481715E+00   -5.867322E+00
    4.489878E+00   -5.913719E+00
    4.498042E+00   -6.027642E+00
    4.506205E+00   -6.195342E+00
    4.514369E+00   -6.398451E+00
    4.522532E+00   -6.616173E+00
    4.530695E+00   -6.827566E+00
    4.538859E+00   -7.014213E+00
    4.547022E+00   -7.163575E+00
    4.555186E+00   -7.271330E+00
    4.563349E+00   -7.340255E+00
    4.571512E+00   -7.375658E+00
    4.579676E+00   -7.380349E+00
    4.587839E+00   -7.352824E+00
    4.596003E+00   -7.289819E+00
    4.604166E+00   -7.190613E+00
    4.612330E+00   -7.059669E+00
    4.620493E+00   -6.906493E+00
    4.628656E+00   -6.743382E+00
    4.636820E+00   -6.581941E+00
    4.644983E+00   -6.429539E+00
    4.653147E+00   -6.287349E+00
    4.661310E+00   -6.151368E+00
    4.669473E+00   -6.016357E+00
    4.677637E+00   -5.880452E+00
    4.685800E+00   -5.747160E+00
    4.693964E+00   -5.623576E+00
    4.702127E+00   -5.517209E+00
    4.710291E+00   -5.434266E+00
    4.718454E+00   -5.379436E+00
    4.726617E+00   -5.355575E+00
    4.734781E+00   -5.362803E+00
    4.742944E+00   -5.397905E+00
    4.751108E+00   -5.454779E+00
    4.759271E+00   -5.525565E+00
    4.767434E+00   -5.601571E+00
    4.775598E+00   -5.673685E+00
    4.783761E+00   -5.732927E+00
    4.791925E+00   -5.771747E+00
    4.800088E+00   -5.785457E+00
    4.808252E+00   -5.772407E+00
    4.816415E+00   -5.732990E+00
    4.824578E+00   -5.669224E+00
    4.832742E+00   -5.585484E+00
    4.840905E+00   -5.488703E+00
    4.849069E+00   -5.387002E+00
    4.857232E+00   -5.287951E+00
    4.865395E+00   -5.197836E+00
    4.873559E+00   -5.121485E+00
    4.881722E+00   -5.061664E+00
    4.889886E+00   -5.018081E+00
    4.898049E+00   -4.986921E+00
    4.906213E+00   -4.961773E+00
    4.914376E+00   -4.935907E+00
    4.922539E+00   -4.904482E+00
    4.930703E+00   -4.865252E+00
    4.938866E+00   -4.818308E+00
    4.947030E+00   -4.766144E+00
    4.955193E+00   -4.713563E+00
    4.963356E+00   -4.665979E+00
    4.971520E+00   -4.626816E+00
    4.979683E+00   -4.596508E+00
    4.987847E+00   -4.573971E+00
    4.996010E+00   -4.558417E+00
    5.004173E+00   -4.549333E+00
    5.012337E+00   -4.545434E+00
    5.020500E+00   -4.544817E+00
    5.028664E+00   -4.546375E+00
    5.036827E+00   -4.550369E+00
    5.044991E+00   -4.557220E+00
    5.053154E+00   -4.565909E+00
    5.061317E+00   -4.573711E+00
    5.069481E+00   -4.577495E+00
    5.077644E+00   -4.575177E+00
    5.085808E+00   -4.565907E+00
    5.093971E+00   -4.549030E+00
    5.102134E+00   -4.523046E+00
    5.110298E+00   -4.485601E+00
    5.118461E+00   -4.434643E+00
    5.126625E+00   -4.369919E+00
    5.134788E+00   -4.293695E+00
    5.142952E+00   -4.210132E+00
    5.151115E+00   -4.123787E+00
    5.159278E+00   -4.038446E+00
    5.167442E+00   -3.957165E+00
    5.175605E+00   -3.883176E+00
    5.183769E+00   -3.820328E+00
    5.191932E+00   -3.772323E+00
    5.200095E+00   -3.741510E+00
    5.208259E+00   -3.728420E+00
    5.216422E+00   -3.732186E+00
    5.224586E+00   -3.751068E+00
    5.232749E+00   -3.782795E+00
    5.240913E+00   -3.824897E+00
    5.249076E+00   -3.874795E+00
    5.257239E+00   -3.929279E+00
    5.265403E+00   -3.983897E+00
    5.273566E+00   -4.033460E+00
    5.281730E+00   -4.073784E+00
    5.289893E+00   -4.103326E+00
    5.298056E+00   -4.123602E+00
    5.306220E+00   -4.138379E+00
    5.314383E+00   -4.152070E+00
    5.322547E+00   -4.168086E+00
    5.330710E+00   -4.188046E+00
    5.338874E+00   -4.211973E+00
    5.347037E+00   -4.238972E+00
    5.355200E+00   -4.268423E+00
    5.363364E+00   -4.301585E+00
    5.371527E+00   -4.342489E+00
    5.379691E+00   -4.397015E+00
    5.387854E+00   -4.470646E+00
    5.396017E+00   -4.566461E+00
    5.404181E+00   -4.684175E+00
    5.412344E+00   -4.820136E+00
    5.420508E+00   -4.968098E+00
    5.428671E+00   -5.120556E+00
    5.436834E+00   -5.270289E+00
    5.444998E+00   -5.411587E+00
    5.453161E+00   -5.540474E+00
    5.461325E+00   -5.654089E+00
    5.469488E+00   -5.750402E+00
    5.477652E+00   -5.828913E+00
    5.485815E+00   -5.891500E+00
    5.493978E+00   -5.942209E+00
    5.502142E+00   -5.985746E+00
    5.510305E+00   -6.025626E+00
    5.518469E+00   -6.063226E+00
    5.526632E+00   -6.098247E+00
    5.534795E+00   -6.129802E+00
    5.542959E+00   -6.156893E+00
    5.551122E+00   -6.178376E+00
    5.559286E+00   -6.193446E+00
    5.567449E+00   -6.202686E+00
    5.575613E+00   -6.208512E+00
    5.583776E+00   -6.214475E+00
    5.591939E+00   -6.223901E+00
    5.600103E+00   -6.238630E+00
    5.608266E+00   -6.258565E+00
    5.616430E+00   -6.282219E+00
    5.624593E+00   -6.307694E+00
    5.632756E+00   -6.333304E+00
    5.640920E+00   -6.357575E+00
    5.649083E+00   -6.379005E+00
    5.657247E+00   -6.396064E+00
    5.665410E+00   -6.407571E+00
    5.673574E+00   -6.413088E+00
    5.681737E+00   -6.412814E+00
    5.689900E+00   -6.406969E+00
    5.698064E+00   -6.395540E+00
    5.706227E+00   -6.378852E+00
    5.714391E+00   -6.358206E+00
    5.722554E+00   -6.335644E+00
    5.730717E+00   -6.312996E+00
    5.738881E+00   -6.291203E+00
    5.747044E+00   -6.270361E+00
    5.755208E+00   -6.250269E+00
    5.763371E+00   -6.231137E+00
    5.771535E+00   -6.214043E+00
    5.779698E+00   -6.200544E+00
    5.787861E+00   -6.191567E+00
    5.796025E+00   -6.186762E+00
    5.804188E+00   -6.185335E+00
    5.812352E+00   -6.187566E+00
    5.820515E+00   -6.195276E+00
    5.828678E+00   -6.210505E+00
    5.836842E+00   -6.233499E+00
    5.845005E+00   -6.261671E+00
    5.853169E+00   -6.290280E+00
    5.861332E+00   -6.314130E+00
    5.869495E+00   -6.329054E+00
    5.877659E+00   -6.332655E+00
    5.885822E+00   -6.324475E+00
    5.893986E+00   -6.305729E+00
    5.902149E+00   -6.278522E+00
    5.910313E+00   -6.244781E+00
    5.918476E+00   -6.205512E+00
    5.926639E+00   -6.160842E+00
    5.934803E+00   -6.110724E+00
    5.942966E+00   -6.055619E+00
    5.951130E+00   -5.996694E+00
    5.959293E+00   -5.935598E+00
    5.967456E+00   -5.874234E+00
    5.975620E+00   -5.814789E+00
    5.983783E+00   -5.759869E+00
    5.991947E+00   -5.712374E+00
    6.000110E+00   -5.674756E+00
    6.008274E+00   -5.647949E+00
    6.016437E+00   -5.630750E+00
    6.024600E+00   -5.620208E+00
    6.032764E+00   -5.612766E+00
    6.040927E+00   -5.605446E+00
    6.049091E+00   -5.596573E+00
    6.057254E+00   -5.585909E+00
    6.065417E+00   -5.574344E+00
    6.073581E+00   -5.563383E+00
    6.081744E+00   -5.554551E+00
    6.089908E+00   -5.548766E+00
    6.098071E+00   -5.545840E+00
    6.106235E+00   -5.544444E+00
    6.114398E+00   -5.542607E+00
    6.122561E+00   -5.538414E+00
    6.130725E+00   -5.530515E+00
    6.138888E+00   -5.518197E+00
    6.147052E+00   -5.501227E+00
    6.155215E+00   -5.479999E+00
    6.163378E+00   -5.455973E+00
    6.171542E+00   -5.431864E+00
    6.179705E+00   -5.411283E+00
    6.187869E+00   -5.397908E+00
    6.196032E+00   -5.394387E+00
    6.204196E+00   -5.401461E+00
    6.212359E+00   -5.417968E+00
    6.220522E+00   -5.441710E+00
    6.228686E+00   -5.470413E+00
    6.236849E+00   -5.502022E+00
    6.245013E+00   -5.534343E+00
    6.253176E+00   -5.564624E+00
    6.261339E+00   -5.589712E+00
    6.269503E+00   -5.606792E+00
    6.277666E+00   -5.614093E+00
    6.285830E+00   -5.611104E+00
    6.293993E+00   -5.598385E+00
    6.302156E+00   -5.577175E+00
    6.310320E+00   -5.548913E+00
    6.318483E+00   -5.514901E+00
    6.326647E+00   -5.476112E+00
    6.334810E+00   -5.432958E+00
    6.342974E+00   -5.385147E+00
    6.351137E+00   -5.332106E+00
    6.359300E+00   -5.273867E+00
    6.367464E+00   -5.211695E+00
    6.375627E+00   -5.147967E+00
    6.383791E+00   -5.085604E+00
    6.391954E+00   -5.027648E+00
    6.400117E+00   -4.977098E+00
    6.408281E+00   -4.936691E+00
    6.416444E+00   -4.908476E+00
    6.424608E+00   -4.893376E+00
    6.432771E+00   -4.890938E+00
    6.440935E+00   -4.899279E+00
    6.449098E+00   -4.915314E+00
    6.457261E+00   -4.935373E+00
    6.465425E+00   -4.955979E+00
    6.473588E+00   -4.974443E+00
    6.481752E+00   -4.989097E+00
    6.489915E+00   -4.999280E+00
    6.498078E+00   -5.005131E+00
    6.506242E+00   -5.007237E+00
    6.514405E+00   -5.006328E+00
    6.522569E+00   -5.003142E+00
    6.530732E+00   -4.998406E+00
    6.538896E+00   -4.992889E+00
    6.547059E+00   -4.987570E+00
    6.555222E+00   -4.983793E+00
    6.563386E+00   -4.983122E+00
    6.571549E+00   -4.986825E+00
    6.579713E+00   -4.995314E+00
    6.587876E+00   -5.007902E+00
    6.596039E+00   -5.022878E+00
    6.604203E+00   -5.037640E+00
    6.612366E+00   -5.048849E+00
    6.620530E+00   -5.052901E+00
    6.628693E+00   -5.046760E+00
    6.636857E+00   -5.028801E+00
    6.645020E+00   -4.999185E+00
    6.653183E+00   -4.959667E+00
    6.661347E+00   -4.913096E+00
    6.669510E+00   -4.863013E+00
    6.677674E+00   -4.813361E+00
    6.685837E+00   -4.767959E+00
    6.694000E+00   -4.729642E+00
    6.702164E+00   -4.699596E+00
    6.710327E+00   -4.677464E+00
    6.718491E+00   -4.662045E+00
    6.726654E+00   -4.652008E+00
    6.734817E+00   -4.646185E+00
    6.742981E+00   -4.643505E+00
    6.751144E+00   -4.642761E+00
    6.759308E+00   -4.642486E+00
    6.767471E+00   -4.641139E+00
    6.775635E+00   -4.637635E+00
    6.783798E+00   -4.631943E+00
    6.791961E+00   -4.625240E+00
    6.800125E+00   -4.619304E+00
    6.808288E+00   -4.615406E+00
    6.816452E+00   -4.613558E+00
    6.824615E+00   -4.612728E+00
    6.832778E+00   -4.611696E+00
    6.840942E+00   -4.609633E+00
    6.849105E+00   -4.606031E+00
    6.857269E+00   -4.600352E+00
    6.865432E+00   -4.591829E+00
    6.873596E+00   -4.579542E+00
    6.881759E+00   -4.562766E+00
    6.889922E+00   -4.541446E+00
    6.898086E+00   -4.516437E+00
    6.906249E+00   -4.489219E+00
    6.914413E+00   -4.461294E+00
    6.922576E+00   -4.433822E+00
    6.930739E+00   -4.407660E+00
    6.938903E+00   -4.383487E+00
    6.947066E+00   -4.361773E+00
    6.955230E+00   -4.342750E+00
    6.963393E+00   -4.326561E+00
    6.971557E+00   -4.313531E+00
    6.979720E+00   -4.304308E+00
    6.987883E+00   -4.299595E+00
    6.996047E+00   -4.299578E+00
    7.004210E+00   -4.303447E+00
    7.012374E+00   -4.309333E+00
    7.020537E+00   -4.314628E+00
    7.028700E+00   -4.316519E+00
    7.036864E+00   -4.312597E+00
    7.045027E+00   -4.301476E+00
    7.053191E+00   -4.283247E+00
    7.061354E+00   -4.259451E+00
    7.069518E+00   -4.232508E+00
    7.077681E+00   -4.204912E+00
    7.085844E+00   -4.178696E+00
    7.094008E+00   -4.155307E+00
    7.102171E+00   -4.135750E+00
    7.110335E+00   -4.120728E+00
    7.118498E+00   -4.110637E+00
    7.126661E+00   -4.105527E+00
    7.134825E+00   -4.105148E+00
    7.142988E+00   -4.109021E+00
    7.151152E+00   -4.116392E+00
    7.159315E+00   -4.126078E+00
    7.167478E+00   -4.136438E+00
    7.175642E+00   -4.145589E+00
    7.183805E+00   -4.151793E+00
    7.191969E+00   -4.153800E+00
    7.200132E+00   -4.150998E+00
    7.208296E+00   -4.143312E+00
    7.216459E+00   -4.130993E+00
    7.224622E+00   -4.114502E+00
    7.232786E+00   -4.094583E+00
    7.240949E+00   -4.072334E+00
    7.249113E+00   -4.049095E+00
    7.257276E+00   -4.026215E+00
    7.265439E+00   -4.004738E+00
    7.273603E+00   -3.985078E+00
    7.281766E+00   -3.966856E+00
    7.289930E+00   -3.949106E+00
    7.298093E+00   -3.930721E+00
    7.306257E+00   -3.910852E+00
    7.314420E+00   -3.889123E+00
    7.322583E+00   -3.865717E+00
    7.330747E+00   -3.841284E+00
    7.338910E+00   -3.816617E+00
    7.347074E+00   -3.792231E+00
    7.355237E+00   -3.768249E+00
    7.363400E+00   -3.744726E+00
    7.371564E+00   -3.722123E+00
    7.379727E+00   -3.701506E+00
    7.387891E+00   -3.684290E+00
    7.396054E+00   -3.671716E+00
    7.404218E+00   -3.664317E+00
    7.412381E+00   -3.661642E+00
    7.420544E+00   -3.662424E+00
    7.428708E+00   -3.665007E+00
    7.436871E+00   -3.667766E+00
    7.445035E+00   -3.669393E+00
    7.453198E+00   -3.669113E+00
    7.461361E+00   -3.666863E+00
    7.469525E+00   -3.663353E+00
    7.477688E+00   -3.659832E+00
    7.485852E+00   -3.657594E+00
    7.494015E+00   -3.657547E+00
    7.502179E+00   -3.660141E+00
    7.510342E+00   -3.665594E+00
    7.518505E+00   -3.674084E+00
    7.526669E+00   -3.685573E+00
    7.534832E+00   -3.699301E+00
    7.542996E+00   -3.713498E+00
    7.551159E+00   -3.725817E+00
    7.559322E+00   -3.734287E+00
    7.567486E+00   -3.738105E+00
    7.575649E+00   -3.737760E+00
    7.583813E+00   -3.734534E+00
    7.591976E+00   -3.729696E+00
    7.600140E+00   -3.723733E+00
    7.608303E+00   -3.716027E+00
    7.616466E+00   -3.705155E+00
    7.624630E+00   -3.689642E+00
    7.632793E+00   -3.668672E+00
    7.640957E+00   -3.642391E+00
    7.649120E+00   -3.611768E+00
    7.657283E+00   -3.578223E+00
    7.665447E+00   -3.543261E+00
    7.673610E+00   -3.508266E+00
    7.681774E+00   -3.474490E+00
    7.689937E+00   -3.443097E+00
    7.698100E+00   -3.415119E+00
    7.706264E+00   -3.391304E+00
    7.714427E+00   -3.371987E+00
    7.722591E+00   -3.357072E+00
    7.730754E+00   -3.346068E+00
    7.738918E+00   -3.338168E+00
    7.747081E+00   -3.332329E+00
    7.755244E+00   -3.327328E+00
    7.763408E+00   -3.321786E+00
    7.771571E+00   -3.314322E+00
    7.779735E+00   -3.303924E+00
    7.787898E+00   -3.290406E+00
    7.796061E+00   -3.274590E+00
    7.804225E+00   -3.258039E+00
    7.812388E+00   -3.242449E+00
    7.820552E+00   -3.229077E+00
    7.828715E+00   -3.218567E+00
    7.836879E+00   -3.211173E+00
    7.845042E+00   -3.207030E+00
    7.853205E+00   -3.206197E+00
    7.861369E+00   -3.208564E+00
    7.869532E+00   -3.213813E+00
    7.877696E+00   -3.221501E+00
    7.885859E+00   -3.231219E+00
    7.894022E+00   -3.242648E+00
    7.902186E+00   -3.255453E+00
    7.910349E+00   -3.269166E+00
    7.918513E+00   -3.283229E+00
    7.926676E+00   -3.297137E+00
    7.934840E+00   -3.310496E+00
    7.943003E+00   -3.322885E+00
    7.951166E+00   -3.333675E+00
    7.959330E+00   -3.342095E+00
    7.967493E+00   -3.347623E+00
    7.975657E+00   -3.350393E+00
    7.983820E+00   -3.351233E+00
    7.991983E+00   -3.351270E+00
    8.000147E+00   -3.351383E+00
    8.008310E+00   -3.351862E+00
    8.016474E+00   -3.352440E+00
    8.024637E+00   -3.352650E+00
    8.032801E+00   -3.352233E+00
    8.040964E+00   -3.351258E+00
    8.049127E+00   -3.349825E+00
    8.057291E+00   -3.347668E+00
    8.065454E+00   -3.344030E+00
    8.073618E+00   -3.337912E+00
    8.081781E+00   -3.328425E+00
    8.089944E+00   -3.315048E+00
    8.098108E+00   -3.297778E+00
    8.106271E+00   -3.277141E+00
    8.114435E+00   -3.254057E+00
    8.122598E+00   -3.229670E+00
    8.130761E+00   -3.205222E+00
    8.138925E+00   -3.181988E+00
    8.147088E+00   -3.161225E+00
    8.155252E+00   -3.144067E+00


 # Energy(eV)         abs(chi1(w))
    8.163415E-03    4.319323E+00
    1.632683E-02    4.325914E+00
    2.449025E-02    4.332534E+00
    3.265366E-02    4.339182E+00
    4.081708E-02    4.345860E+00
    4.898049E-02    4.352567E+00
    5.714391E-02    4.359304E+00
    6.530732E-02    4.366070E+00
    7.347074E-02    4.372865E+00
    8.163415E-02    4.379691E+00
    8.979757E-02    4.386548E+00
    9.796098E-02    4.393434E+00
    1.061244E-01    4.400352E+00
    1.142878E-01    4.407300E+00
    1.224512E-01    4.414280E+00
    1.306146E-01    4.421291E+00
    1.387781E-01    4.428334E+00
    1.469415E-01    4.435408E+00
    1.551049E-01    4.442515E+00
    1.632683E-01    4.449654E+00
    1.714317E-01    4.456826E+00
    1.795951E-01    4.464031E+00
    1.877585E-01    4.471268E+00
    1.959220E-01    4.478539E+00
    2.040854E-01    4.485844E+00
    2.122488E-01    4.493183E+00
    2.204122E-01    4.500556E+00
    2.285756E-01    4.507963E+00
    2.367390E-01    4.515405E+00
    2.449025E-01    4.522882E+00
    2.530659E-01    4.530394E+00
    2.612293E-01    4.537941E+00
    2.693927E-01    4.545524E+00
    2.775561E-01    4.553144E+00
    2.857195E-01    4.560800E+00
    2.938829E-01    4.568492E+00
    3.020464E-01    4.576221E+00
    3.102098E-01    4.583988E+00
    3.183732E-01    4.591792E+00
    3.265366E-01    4.599634E+00
    3.347000E-01    4.607514E+00
    3.428634E-01    4.615433E+00
    3.510269E-01    4.623390E+00
    3.591903E-01    4.631386E+00
    3.673537E-01    4.639422E+00
    3.755171E-01    4.647498E+00
    3.836805E-01    4.655613E+00
    3.918439E-01    4.663769E+00
    4.000073E-01    4.671966E+00
    4.081708E-01    4.680204E+00
    4.163342E-01    4.688484E+00
    4.244976E-01    4.696805E+00
    4.326610E-01    4.705168E+00
    4.408244E-01    4.713574E+00
    4.489878E-01    4.722023E+00
    4.571512E-01    4.730515E+00
    4.653147E-01    4.739051E+00
    4.734781E-01    4.747630E+00
    4.816415E-01    4.756254E+00
    4.898049E-01    4.764923E+00
    4.979683E-01    4.773638E+00
    5.061317E-01    4.782397E+00
    5.142952E-01    4.791203E+00
    5.224586E-01    4.800055E+00
    5.306220E-01    4.808954E+00
    5.387854E-01    4.817901E+00
    5.469488E-01    4.826895E+00
    5.551122E-01    4.835937E+00
    5.632756E-01    4.845028E+00
    5.714391E-01    4.854168E+00
    5.796025E-01    4.863357E+00
    5.877659E-01    4.872597E+00
    5.959293E-01    4.881887E+00
    6.040927E-01    4.891227E+00
    6.122561E-01    4.900619E+00
    6.204196E-01    4.910064E+00
    6.285830E-01    4.919560E+00
    6.367464E-01    4.929109E+00
    6.449098E-01    4.938712E+00
    6.530732E-01    4.948369E+00
    6.612366E-01    4.958080E+00
    6.694000E-01    4.967847E+00
    6.775635E-01    4.977669E+00
    6.857269E-01    4.987547E+00
    6.938903E-01    4.997481E+00
    7.020537E-01    5.007473E+00
    7.102171E-01    5.017523E+00
    7.183805E-01    5.027632E+00
    7.265439E-01    5.037799E+00
    7.347074E-01    5.048026E+00
    7.428708E-01    5.058313E+00
    7.510342E-01    5.068662E+00
    7.591976E-01    5.079071E+00
    7.673610E-01    5.089544E+00
    7.755244E-01    5.100079E+00
    7.836879E-01    5.110677E+00
    7.918513E-01    5.121340E+00
    8.000147E-01    5.132068E+00
    8.081781E-01    5.142861E+00
    8.163415E-01    5.153721E+00
    8.245049E-01    5.164648E+00
    8.326683E-01    5.175643E+00
    8.408318E-01    5.186707E+00
    8.489952E-01    5.197840E+00
    8.571586E-01    5.209044E+00
    8.653220E-01    5.220318E+00
    8.734854E-01    5.231665E+00
    8.816488E-01    5.243084E+00
    8.898123E-01    5.254577E+00
    8.979757E-01    5.266144E+00
    9.061391E-01    5.277787E+00
    9.143025E-01    5.289506E+00
    9.224659E-01    5.301303E+00
    9.306293E-01    5.313177E+00
    9.387927E-01    5.325131E+00
    9.469562E-01    5.337165E+00
    9.551196E-01    5.349280E+00
    9.632830E-01    5.361477E+00
    9.714464E-01    5.373758E+00
    9.796098E-01    5.386123E+00
    9.877732E-01    5.398574E+00
    9.959366E-01    5.411111E+00
    1.004100E+00    5.423736E+00
    1.012263E+00    5.436450E+00
    1.020427E+00    5.449254E+00
    1.028590E+00    5.462150E+00
    1.036754E+00    5.475138E+00
    1.044917E+00    5.488220E+00
    1.053081E+00    5.501398E+00
    1.061244E+00    5.514672E+00
    1.069407E+00    5.528045E+00
    1.077571E+00    5.541517E+00
    1.085734E+00    5.555090E+00
    1.093898E+00    5.568765E+00
    1.102061E+00    5.582545E+00
    1.110224E+00    5.596430E+00
    1.118388E+00    5.610423E+00
    1.126551E+00    5.624525E+00
    1.134715E+00    5.638738E+00
    1.142878E+00    5.653063E+00
    1.151042E+00    5.667503E+00
    1.159205E+00    5.682059E+00
    1.167368E+00    5.696734E+00
    1.175532E+00    5.711529E+00
    1.183695E+00    5.726446E+00
    1.191859E+00    5.741488E+00
    1.200022E+00    5.756657E+00
    1.208185E+00    5.771955E+00
    1.216349E+00    5.787385E+00
    1.224512E+00    5.802948E+00
    1.232676E+00    5.818649E+00
    1.240839E+00    5.834488E+00
    1.249003E+00    5.850469E+00
    1.257166E+00    5.866595E+00
    1.265329E+00    5.882870E+00
    1.273493E+00    5.899294E+00
    1.281656E+00    5.915874E+00
    1.289820E+00    5.932610E+00
    1.297983E+00    5.949508E+00
    1.306146E+00    5.966570E+00
    1.314310E+00    5.983800E+00
    1.322473E+00    6.001203E+00
    1.330637E+00    6.018783E+00
    1.338800E+00    6.036544E+00
    1.346963E+00    6.054490E+00
    1.355127E+00    6.072627E+00
    1.363290E+00    6.090959E+00
    1.371454E+00    6.109492E+00
    1.379617E+00    6.128231E+00
    1.387781E+00    6.147184E+00
    1.395944E+00    6.166355E+00
    1.404107E+00    6.185751E+00
    1.412271E+00    6.205380E+00
    1.420434E+00    6.225250E+00
    1.428598E+00    6.245367E+00
    1.436761E+00    6.265742E+00
    1.444924E+00    6.286382E+00
    1.453088E+00    6.307297E+00
    1.461251E+00    6.328498E+00
    1.469415E+00    6.349994E+00
    1.477578E+00    6.371798E+00
    1.485742E+00    6.393921E+00
    1.493905E+00    6.416374E+00
    1.502068E+00    6.439170E+00
    1.510232E+00    6.462318E+00
    1.518395E+00    6.485829E+00
    1.526559E+00    6.509709E+00
    1.534722E+00    6.533957E+00
    1.542885E+00    6.558567E+00
    1.551049E+00    6.583516E+00
    1.559212E+00    6.608759E+00
    1.567376E+00    6.634221E+00
    1.575539E+00    6.659789E+00
    1.583703E+00    6.685306E+00
    1.591866E+00    6.710591E+00
    1.600029E+00    6.735491E+00
    1.608193E+00    6.759983E+00
    1.616356E+00    6.784272E+00
    1.624520E+00    6.808807E+00
    1.632683E+00    6.834138E+00
    1.640846E+00    6.860689E+00
    1.649010E+00    6.888625E+00
    1.657173E+00    6.917868E+00
    1.665337E+00    6.948231E+00
    1.673500E+00    6.979544E+00
    1.681664E+00    7.011741E+00
    1.689827E+00    7.044835E+00
    1.697990E+00    7.078827E+00
    1.706154E+00    7.113582E+00
    1.714317E+00    7.148749E+00
    1.722481E+00    7.183723E+00
    1.730644E+00    7.217632E+00
    1.738807E+00    7.249361E+00
    1.746971E+00    7.277670E+00
    1.755134E+00    7.301469E+00
    1.763298E+00    7.320218E+00
    1.771461E+00    7.334222E+00
    1.779625E+00    7.344588E+00
    1.787788E+00    7.352877E+00
    1.795951E+00    7.360783E+00
    1.804115E+00    7.369987E+00
    1.812278E+00    7.382136E+00
    1.820442E+00    7.398832E+00
    1.828605E+00    7.421432E+00
    1.836768E+00    7.450627E+00
    1.844932E+00    7.486144E+00
    1.853095E+00    7.526832E+00
    1.861259E+00    7.571027E+00
    1.869422E+00    7.616909E+00
    1.877585E+00    7.662693E+00
    1.885749E+00    7.706649E+00
    1.893912E+00    7.746996E+00
    1.902076E+00    7.781801E+00
    1.910239E+00    7.808998E+00
    1.918403E+00    7.826571E+00
    1.926566E+00    7.833033E+00
    1.934729E+00    7.828307E+00
    1.942893E+00    7.814711E+00
    1.951056E+00    7.797147E+00
    1.959220E+00    7.781797E+00
    1.967383E+00    7.773936E+00
    1.975546E+00    7.776468E+00
    1.983710E+00    7.789839E+00
    1.991873E+00    7.812639E+00
    2.000037E+00    7.842267E+00
    2.008200E+00    7.875669E+00
    2.016364E+00    7.910139E+00
    2.024527E+00    7.943889E+00
    2.032690E+00    7.976193E+00
    2.040854E+00    8.007287E+00
    2.049017E+00    8.038183E+00
    2.057181E+00    8.070276E+00
    2.065344E+00    8.104654E+00
    2.073507E+00    8.141323E+00
    2.081671E+00    8.178842E+00
    2.089834E+00    8.214806E+00
    2.097998E+00    8.247215E+00
    2.106161E+00    8.276132E+00
    2.114325E+00    8.304465E+00
    2.122488E+00    8.336948E+00
    2.130651E+00    8.377790E+00
    2.138815E+00    8.428676E+00
    2.146978E+00    8.488269E+00
    2.155142E+00    8.552855E+00
    2.163305E+00    8.617195E+00
    2.171468E+00    8.675159E+00
    2.179632E+00    8.720313E+00
    2.187795E+00    8.746857E+00
    2.195959E+00    8.751042E+00
    2.204122E+00    8.732586E+00
    2.212286E+00    8.695268E+00
    2.220449E+00    8.646279E+00
    2.228612E+00    8.594632E+00
    2.236776E+00    8.549243E+00
    2.244939E+00    8.517270E+00
    2.253103E+00    8.503131E+00
    2.261266E+00    8.508265E+00
    2.269429E+00    8.531508E+00
    2.277593E+00    8.570010E+00
    2.285756E+00    8.620523E+00
    2.293920E+00    8.680513E+00
    2.302083E+00    8.748460E+00
    2.310246E+00    8.823373E+00
    2.318410E+00    8.904152E+00
    2.326573E+00    8.989329E+00
    2.334737E+00    9.077173E+00
    2.342900E+00    9.166024E+00
    2.351064E+00    9.254720E+00
    2.359227E+00    9.342932E+00
    2.367390E+00    9.431278E+00
    2.375554E+00    9.521155E+00
    2.383717E+00    9.614187E+00
    2.391881E+00    9.711252E+00
    2.400044E+00    9.811380E+00
    2.408207E+00    9.911128E+00
    2.416371E+00    1.000476E+01
    2.424534E+00    1.008521E+01
    2.432698E+00    1.014557E+01
    2.440861E+00    1.018096E+01
    2.449025E+00    1.019002E+01
    2.457188E+00    1.017549E+01
    2.465351E+00    1.014377E+01
    2.473515E+00    1.010327E+01
    2.481678E+00    1.006195E+01
    2.489842E+00    1.002498E+01
    2.498005E+00    9.994248E+00
    2.506168E+00    9.969893E+00
    2.514332E+00    9.953160E+00
    2.522495E+00    9.948294E+00
    2.530659E+00    9.961650E+00
    2.538822E+00    9.998212E+00
    2.546986E+00    1.005829E+01
    2.555149E+00    1.013691E+01
    2.563312E+00    1.022592E+01
    2.571476E+00    1.031701E+01
    2.579639E+00    1.040425E+01
    2.587803E+00    1.048537E+01
    2.595966E+00    1.056126E+01
    2.604129E+00    1.063456E+01
    2.612293E+00    1.070821E+01
    2.620456E+00    1.078488E+01
    2.628620E+00    1.086684E+01
    2.636783E+00    1.095546E+01
    2.644947E+00    1.105021E+01
    2.653110E+00    1.114814E+01
    2.661273E+00    1.124458E+01
    2.669437E+00    1.133454E+01
    2.677600E+00    1.141387E+01
    2.685764E+00    1.147951E+01
    2.693927E+00    1.152971E+01
    2.702090E+00    1.156461E+01
    2.710254E+00    1.158681E+01
    2.718417E+00    1.160127E+01
    2.726581E+00    1.161467E+01
    2.734744E+00    1.163423E+01
    2.742907E+00    1.166590E+01
    2.751071E+00    1.171310E+01
    2.759234E+00    1.177667E+01
    2.767398E+00    1.185599E+01
    2.775561E+00    1.194981E+01
    2.783725E+00    1.205605E+01
    2.791888E+00    1.217164E+01
    2.800051E+00    1.229308E+01
    2.808215E+00    1.241681E+01
    2.816378E+00    1.253896E+01
    2.824542E+00    1.265503E+01
    2.832705E+00    1.276017E+01
    2.840868E+00    1.284978E+01
    2.849032E+00    1.291985E+01
    2.857195E+00    1.296691E+01
    2.865359E+00    1.298850E+01
    2.873522E+00    1.298404E+01
    2.881686E+00    1.295539E+01
    2.889849E+00    1.290630E+01
    2.898012E+00    1.284133E+01
    2.906176E+00    1.276572E+01
    2.914339E+00    1.268629E+01
    2.922503E+00    1.261201E+01
    2.930666E+00    1.255265E+01
    2.938829E+00    1.251631E+01
    2.946993E+00    1.250742E+01
    2.955156E+00    1.252597E+01
    2.963320E+00    1.256753E+01
    2.971483E+00    1.262445E+01
    2.979647E+00    1.268780E+01
    2.987810E+00    1.274940E+01
    2.995973E+00    1.280270E+01
    3.004137E+00    1.284272E+01
    3.012300E+00    1.286582E+01
    3.020464E+00    1.287022E+01
    3.028627E+00    1.285699E+01
    3.036790E+00    1.283016E+01
    3.044954E+00    1.279548E+01
    3.053117E+00    1.275868E+01
    3.061281E+00    1.272393E+01
    3.069444E+00    1.269311E+01
    3.077608E+00    1.266565E+01
    3.085771E+00    1.263859E+01
    3.093934E+00    1.260703E+01
    3.102098E+00    1.256544E+01
    3.110261E+00    1.250971E+01
    3.118425E+00    1.243937E+01
    3.126588E+00    1.235874E+01
    3.134751E+00    1.227558E+01
    3.142915E+00    1.219779E+01
    3.151078E+00    1.213076E+01
    3.159242E+00    1.207734E+01
    3.167405E+00    1.203960E+01
    3.175568E+00    1.201988E+01
    3.183732E+00    1.201965E+01
    3.191895E+00    1.203718E+01
    3.200059E+00    1.206717E+01
    3.208222E+00    1.210320E+01
    3.216386E+00    1.214123E+01
    3.224549E+00    1.218105E+01
    3.232712E+00    1.222440E+01
    3.240876E+00    1.227163E+01
    3.249039E+00    1.231938E+01
    3.257203E+00    1.236081E+01
    3.265366E+00    1.238866E+01
    3.273529E+00    1.239909E+01
    3.281693E+00    1.239365E+01
    3.289856E+00    1.237724E+01
    3.298020E+00    1.235333E+01
    3.306183E+00    1.232100E+01
    3.314347E+00    1.227681E+01
    3.322510E+00    1.221937E+01
    3.330673E+00    1.215183E+01
    3.338837E+00    1.208071E+01
    3.347000E+00    1.201368E+01
    3.355164E+00    1.195847E+01
    3.363327E+00    1.192232E+01
    3.371490E+00    1.191068E+01
    3.379654E+00    1.192586E+01
    3.387817E+00    1.196690E+01
    3.395981E+00    1.203084E+01
    3.404144E+00    1.211420E+01
    3.412308E+00    1.221354E+01
    3.420471E+00    1.232562E+01
    3.428634E+00    1.244741E+01
    3.436798E+00    1.257623E+01
    3.444961E+00    1.270935E+01
    3.453125E+00    1.284294E+01
    3.461288E+00    1.297132E+01
    3.469451E+00    1.308743E+01
    3.477615E+00    1.318537E+01
    3.485778E+00    1.326376E+01
    3.493942E+00    1.332728E+01
    3.502105E+00    1.338457E+01
    3.510269E+00    1.344377E+01
    3.518432E+00    1.350929E+01
    3.526595E+00    1.358230E+01
    3.534759E+00    1.366326E+01
    3.542922E+00    1.375311E+01
    3.551086E+00    1.385195E+01
    3.559249E+00    1.395784E+01
    3.567412E+00    1.406810E+01
    3.575576E+00    1.418221E+01
    3.583739E+00    1.430302E+01
    3.591903E+00    1.443488E+01
    3.600066E+00    1.458096E+01
    3.608229E+00    1.474272E+01
    3.616393E+00    1.492127E+01
    3.624556E+00    1.511807E+01
    3.632720E+00    1.533377E+01
    3.640883E+00    1.556619E+01
    3.649047E+00    1.580954E+01
    3.657210E+00    1.605562E+01
    3.665373E+00    1.629611E+01
    3.673537E+00    1.652440E+01
    3.681700E+00    1.673651E+01
    3.689864E+00    1.693166E+01
    3.698027E+00    1.711261E+01
    3.706190E+00    1.728548E+01
    3.714354E+00    1.745829E+01
    3.722517E+00    1.763829E+01
    3.730681E+00    1.782916E+01
    3.738844E+00    1.802986E+01
    3.747008E+00    1.823540E+01
    3.755171E+00    1.843837E+01
    3.763334E+00    1.863002E+01
    3.771498E+00    1.880148E+01
    3.779661E+00    1.894553E+01
    3.787825E+00    1.905835E+01
    3.795988E+00    1.913981E+01
    3.804151E+00    1.919162E+01
    3.812315E+00    1.921511E+01
    3.820478E+00    1.921105E+01
    3.828642E+00    1.918188E+01
    3.836805E+00    1.913382E+01
    3.844969E+00    1.907622E+01
    3.853132E+00    1.901911E+01
    3.861295E+00    1.897144E+01
    3.869459E+00    1.894127E+01
    3.877622E+00    1.893677E+01
    3.885786E+00    1.896599E+01
    3.893949E+00    1.903464E+01
    3.902112E+00    1.914285E+01
    3.910276E+00    1.928348E+01
    3.918439E+00    1.944421E+01
    3.926603E+00    1.961204E+01
    3.934766E+00    1.977666E+01
    3.942930E+00    1.993114E+01
    3.951093E+00    2.007204E+01
    3.959256E+00    2.020019E+01
    3.967420E+00    2.032072E+01
    3.975583E+00    2.044112E+01
    3.983747E+00    2.056809E+01
    3.991910E+00    2.070491E+01
    4.000073E+00    2.085068E+01
    4.008237E+00    2.100189E+01
    4.016400E+00    2.115594E+01
    4.024564E+00    2.131390E+01
    4.032727E+00    2.148049E+01
    4.040890E+00    2.166153E+01
    4.049054E+00    2.186146E+01
    4.057217E+00    2.208191E+01
    4.065381E+00    2.232143E+01
    4.073544E+00    2.257555E+01
    4.081708E+00    2.283762E+01
    4.089871E+00    2.310045E+01
    4.098034E+00    2.335851E+01
    4.106198E+00    2.360877E+01
    4.114361E+00    2.384974E+01
    4.122525E+00    2.408012E+01
    4.130688E+00    2.429932E+01
    4.138851E+00    2.451000E+01
    4.147015E+00    2.472051E+01
    4.155178E+00    2.494395E+01
    4.163342E+00    2.519324E+01
    4.171505E+00    2.547471E+01
    4.179669E+00    2.578393E+01
    4.187832E+00    2.610585E+01
    4.195995E+00    2.641830E+01
    4.204159E+00    2.669653E+01
    4.212322E+00    2.691755E+01
    4.220486E+00    2.706396E+01
    4.228649E+00    2.712531E+01
    4.236812E+00    2.709593E+01
    4.244976E+00    2.697219E+01
    4.253139E+00    2.675407E+01
    4.261303E+00    2.645057E+01
    4.269466E+00    2.608283E+01
    4.277630E+00    2.567973E+01
    4.285793E+00    2.526890E+01
    4.293956E+00    2.487008E+01
    4.302120E+00    2.449407E+01
    4.310283E+00    2.414470E+01
    4.318447E+00    2.382019E+01
    4.326610E+00    2.351307E+01
    4.334773E+00    2.320977E+01
    4.342937E+00    2.289178E+01
    4.351100E+00    2.253942E+01
    4.359264E+00    2.213760E+01
    4.367427E+00    2.168121E+01
    4.375591E+00    2.117694E+01
    4.383754E+00    2.064007E+01
    4.391917E+00    2.008841E+01
    4.400081E+00    1.953759E+01
    4.408244E+00    1.900021E+01
    4.416408E+00    1.848838E+01
    4.424571E+00    1.801621E+01
    4.432734E+00    1.759961E+01
    4.440898E+00    1.725391E+01
    4.449061E+00    1.699066E+01
    4.457225E+00    1.681463E+01
    4.465388E+00    1.672169E+01
    4.473551E+00    1.669848E+01
    4.481715E+00    1.672468E+01
    4.489878E+00    1.677670E+01
    4.498042E+00    1.683102E+01
    4.506205E+00    1.686651E+01
    4.514369E+00    1.686622E+01
    4.522532E+00    1.681850E+01
    4.530695E+00    1.671765E+01
    4.538859E+00    1.656452E+01
    4.547022E+00    1.636651E+01
    4.555186E+00    1.613528E+01
    4.563349E+00    1.588229E+01
    4.571512E+00    1.561467E+01
    4.579676E+00    1.533442E+01
    4.587839E+00    1.504153E+01
    4.596003E+00    1.473848E+01
    4.604166E+00    1.443251E+01
    4.612330E+00    1.413454E+01
    4.620493E+00    1.385606E+01
    4.628656E+00    1.360572E+01
    4.636820E+00    1.338657E+01
    4.644983E+00    1.319547E+01
    4.653147E+00    1.302525E+01
    4.661310E+00    1.286906E+01
    4.669473E+00    1.272465E+01
    4.677637E+00    1.259554E+01
    4.685800E+00    1.248827E+01
    4.693964E+00    1.240812E+01
    4.702127E+00    1.235680E+01
    4.710291E+00    1.233281E+01
    4.718454E+00    1.233220E+01
    4.726617E+00    1.234866E+01
    4.734781E+00    1.237375E+01
    4.742944E+00    1.239789E+01
    4.751108E+00    1.241200E+01
    4.759271E+00    1.240857E+01
    4.767434E+00    1.238196E+01
    4.775598E+00    1.232839E+01
    4.783761E+00    1.224645E+01
    4.791925E+00    1.213778E+01
    4.800088E+00    1.200686E+01
    4.808252E+00    1.185970E+01
    4.816415E+00    1.170277E+01
    4.824578E+00    1.154319E+01
    4.832742E+00    1.138904E+01
    4.840905E+00    1.124810E+01
    4.849069E+00    1.112603E+01
    4.857232E+00    1.102557E+01
    4.865395E+00    1.094688E+01
    4.873559E+00    1.088777E+01
    4.881722E+00    1.084358E+01
    4.889886E+00    1.080748E+01
    4.898049E+00    1.077184E+01
    4.906213E+00    1.073058E+01
    4.914376E+00    1.068098E+01
    4.922539E+00    1.062392E+01
    4.930703E+00    1.056259E+01
    4.938866E+00    1.050147E+01
    4.947030E+00    1.044574E+01
    4.955193E+00    1.039993E+01
    4.963356E+00    1.036580E+01
    4.971520E+00    1.034162E+01
    4.979683E+00    1.032400E+01
    4.987847E+00    1.031026E+01
    4.996010E+00    1.029891E+01
    5.004173E+00    1.028839E+01
    5.012337E+00    1.027674E+01
    5.020500E+00    1.026268E+01
    5.028664E+00    1.024631E+01
    5.036827E+00    1.022803E+01
    5.044991E+00    1.020698E+01
    5.053154E+00    1.018085E+01
    5.061317E+00    1.014727E+01
    5.069481E+00    1.010529E+01
    5.077644E+00    1.005556E+01
    5.085808E+00    9.999161E+00
    5.093971E+00    9.936535E+00
    5.102134E+00    9.867543E+00
    5.110298E+00    9.792592E+00
    5.118461E+00    9.713903E+00
    5.126625E+00    9.635855E+00
    5.134788E+00    9.564014E+00
    5.142952E+00    9.503421E+00
    5.151115E+00    9.457376E+00
    5.159278E+00    9.427527E+00
    5.167442E+00    9.414888E+00
    5.175605E+00    9.420458E+00
    5.183769E+00    9.444599E+00
    5.191932E+00    9.485953E+00
    5.200095E+00    9.541228E+00
    5.208259E+00    9.606095E+00
    5.216422E+00    9.676192E+00
    5.224586E+00    9.747577E+00
    5.232749E+00    9.816891E+00
    5.240913E+00    9.881393E+00
    5.249076E+00    9.938620E+00
    5.257239E+00    9.985973E+00
    5.265403E+00    1.002113E+01
    5.273566E+00    1.004342E+01
    5.281730E+00    1.005497E+01
    5.289893E+00    1.006036E+01
    5.298056E+00    1.006518E+01
    5.306220E+00    1.007423E+01
    5.314383E+00    1.009022E+01
    5.322547E+00    1.011347E+01
    5.330710E+00    1.014280E+01
    5.338874E+00    1.017674E+01
    5.347037E+00    1.021460E+01
    5.355200E+00    1.025739E+01
    5.363364E+00    1.030807E+01
    5.371527E+00    1.037020E+01
    5.379691E+00    1.044562E+01
    5.387854E+00    1.053287E+01
    5.396017E+00    1.062719E+01
    5.404181E+00    1.072165E+01
    5.412344E+00    1.080868E+01
    5.420508E+00    1.088159E+01
    5.428671E+00    1.093565E+01
    5.436834E+00    1.096870E+01
    5.444998E+00    1.098086E+01
    5.453161E+00    1.097355E+01
    5.461325E+00    1.094868E+01
    5.469488E+00    1.090892E+01
    5.477652E+00    1.085827E+01
    5.485815E+00    1.080180E+01
    5.493978E+00    1.074438E+01
    5.502142E+00    1.068904E+01
    5.510305E+00    1.063630E+01
    5.518469E+00    1.058489E+01
    5.526632E+00    1.053312E+01
    5.534795E+00    1.047987E+01
    5.542959E+00    1.042443E+01
    5.551122E+00    1.036663E+01
    5.559286E+00    1.030732E+01
    5.567449E+00    1.024882E+01
    5.575613E+00    1.019420E+01
    5.583776E+00    1.014589E+01
    5.591939E+00    1.010458E+01
    5.600103E+00    1.006896E+01
    5.608266E+00    1.003642E+01
    5.616430E+00    1.000424E+01
    5.624593E+00    9.970401E+00
    5.632756E+00    9.933584E+00
    5.640920E+00    9.892844E+00
    5.649083E+00    9.847391E+00
    5.657247E+00    9.796771E+00
    5.665410E+00    9.741194E+00
    5.673574E+00    9.681536E+00
    5.681737E+00    9.618837E+00
    5.689900E+00    9.553820E+00
    5.698064E+00    9.487144E+00
    5.706227E+00    9.420074E+00
    5.714391E+00    9.354537E+00
    5.722554E+00    9.292300E+00
    5.730717E+00    9.234160E+00
    5.738881E+00    9.179916E+00
    5.747044E+00    9.128976E+00
    5.755208E+00    9.081051E+00
    5.763371E+00    9.036588E+00
    5.771535E+00    8.996591E+00
    5.779698E+00    8.961725E+00
    5.787861E+00    8.931482E+00
    5.796025E+00    8.904528E+00
    5.804188E+00    8.880091E+00
    5.812352E+00    8.858789E+00
    5.820515E+00    8.841768E+00
    5.828678E+00    8.828820E+00
    5.836842E+00    8.817231E+00
    5.845005E+00    8.802358E+00
    5.853169E+00    8.779423E+00
    5.861332E+00    8.745178E+00
    5.869495E+00    8.698544E+00
    5.877659E+00    8.640432E+00
    5.885822E+00    8.573205E+00
    5.893986E+00    8.499904E+00
    5.902149E+00    8.423273E+00
    5.910313E+00    8.345001E+00
    5.918476E+00    8.265646E+00
    5.926639E+00    8.185307E+00
    5.934803E+00    8.104455E+00
    5.942966E+00    8.024303E+00
    5.951130E+00    7.946603E+00
    5.959293E+00    7.873254E+00
    5.967456E+00    7.806117E+00
    5.975620E+00    7.747057E+00
    5.983783E+00    7.697896E+00
    5.991947E+00    7.659941E+00
    6.000110E+00    7.633130E+00
    6.008274E+00    7.615435E+00
    6.016437E+00    7.603204E+00
    6.024600E+00    7.592371E+00
    6.032764E+00    7.579776E+00
    6.040927E+00    7.563908E+00
    6.049091E+00    7.544909E+00
    6.057254E+00    7.524064E+00
    6.065417E+00    7.503115E+00
    6.073581E+00    7.483613E+00
    6.081744E+00    7.466392E+00
    6.089908E+00    7.451203E+00
    6.098071E+00    7.436709E+00
    6.106235E+00    7.420985E+00
    6.114398E+00    7.402280E+00
    6.122561E+00    7.379599E+00
    6.130725E+00    7.352847E+00
    6.138888E+00    7.322593E+00
    6.147052E+00    7.289884E+00
    6.155215E+00    7.256439E+00
    6.163378E+00    7.224845E+00
    6.171542E+00    7.198258E+00
    6.179705E+00    7.179621E+00
    6.187869E+00    7.170709E+00
    6.196032E+00    7.171355E+00
    6.204196E+00    7.179389E+00
    6.212359E+00    7.191509E+00
    6.220522E+00    7.204487E+00
    6.228686E+00    7.215798E+00
    6.236849E+00    7.223408E+00
    6.245013E+00    7.225264E+00
    6.253176E+00    7.219141E+00
    6.261339E+00    7.203138E+00
    6.269503E+00    7.176365E+00
    6.277666E+00    7.139214E+00
    6.285830E+00    7.093097E+00
    6.293993E+00    7.039983E+00
    6.302156E+00    6.981913E+00
    6.310320E+00    6.920611E+00
    6.318483E+00    6.857331E+00
    6.326647E+00    6.792811E+00
    6.334810E+00    6.727213E+00
    6.342974E+00    6.660313E+00
    6.351137E+00    6.592195E+00
    6.359300E+00    6.524021E+00
    6.367464E+00    6.458142E+00
    6.375627E+00    6.397509E+00
    6.383791E+00    6.344974E+00
    6.391954E+00    6.302943E+00
    6.400117E+00    6.273230E+00
    6.408281E+00    6.256778E+00
    6.416444E+00    6.253289E+00
    6.424608E+00    6.261068E+00
    6.432771E+00    6.277164E+00
    6.440935E+00    6.297747E+00
    6.449098E+00    6.318743E+00
    6.457261E+00    6.336616E+00
    6.465425E+00    6.348975E+00
    6.473588E+00    6.354736E+00
    6.481752E+00    6.353948E+00
    6.489915E+00    6.347464E+00
    6.498078E+00    6.336546E+00
    6.506242E+00    6.322486E+00
    6.514405E+00    6.306407E+00
    6.522569E+00    6.289260E+00
    6.530732E+00    6.271883E+00
    6.538896E+00    6.255103E+00
    6.547059E+00    6.239882E+00
    6.555222E+00    6.227290E+00
    6.563386E+00    6.218152E+00
    6.571549E+00    6.212521E+00
    6.579713E+00    6.209381E+00
    6.587876E+00    6.206783E+00
    6.596039E+00    6.202179E+00
    6.604203E+00    6.192705E+00
    6.612366E+00    6.175518E+00
    6.620530E+00    6.148386E+00
    6.628693E+00    6.110398E+00
    6.636857E+00    6.062366E+00
    6.645020E+00    6.006675E+00
    6.653183E+00    5.946711E+00
    6.661347E+00    5.886262E+00
    6.669510E+00    5.829136E+00
    6.677674E+00    5.778812E+00
    6.685837E+00    5.737824E+00
    6.694000E+00    5.707053E+00
    6.702164E+00    5.685593E+00
    6.710327E+00    5.671418E+00
    6.718491E+00    5.662321E+00
    6.726654E+00    5.656477E+00
    6.734817E+00    5.652480E+00
    6.742981E+00    5.649106E+00
    6.751144E+00    5.645103E+00
    6.759308E+00    5.639215E+00
    6.767471E+00    5.630516E+00
    6.775635E+00    5.618915E+00
    6.783798E+00    5.605411E+00
    6.791961E+00    5.591744E+00
    6.800125E+00    5.579450E+00
    6.808288E+00    5.568912E+00
    6.816452E+00    5.559211E+00
    6.824615E+00    5.548890E+00
    6.832778E+00    5.536848E+00
    6.840942E+00    5.522576E+00
    6.849105E+00    5.505818E+00
    6.857269E+00    5.486218E+00
    6.865432E+00    5.463276E+00
    6.873596E+00    5.436580E+00
    6.881759E+00    5.406187E+00
    6.889922E+00    5.372944E+00
    6.898086E+00    5.338411E+00
    6.906249E+00    5.304317E+00
    6.914413E+00    5.272000E+00
    6.922576E+00    5.242269E+00
    6.930739E+00    5.215604E+00
    6.938903E+00    5.192288E+00
    6.947066E+00    5.172373E+00
    6.955230E+00    5.155727E+00
    6.963393E+00    5.142245E+00
    6.971557E+00    5.132041E+00
    6.979720E+00    5.125379E+00
    6.987883E+00    5.122234E+00
    6.996047E+00    5.121783E+00
    7.004210E+00    5.122242E+00
    7.012374E+00    5.121182E+00
    7.020537E+00    5.116084E+00
    7.028700E+00    5.104924E+00
    7.036864E+00    5.086670E+00
    7.045027E+00    5.061643E+00
    7.053191E+00    5.031562E+00
    7.061354E+00    4.999107E+00
    7.069518E+00    4.967113E+00
    7.077681E+00    4.937849E+00
    7.085844E+00    4.912747E+00
    7.094008E+00    4.892531E+00
    7.102171E+00    4.877470E+00
    7.110335E+00    4.867519E+00
    7.118498E+00    4.862306E+00
    7.126661E+00    4.861142E+00
    7.134825E+00    4.863121E+00
    7.142988E+00    4.867192E+00
    7.151152E+00    4.872090E+00
    7.159315E+00    4.876270E+00
    7.167478E+00    4.878026E+00
    7.175642E+00    4.875815E+00
    7.183805E+00    4.868601E+00
    7.191969E+00    4.856036E+00
    7.200132E+00    4.838395E+00
    7.208296E+00    4.816340E+00
    7.216459E+00    4.790689E+00
    7.224622E+00    4.762362E+00
    7.232786E+00    4.732478E+00
    7.240949E+00    4.702328E+00
    7.249113E+00    4.673193E+00
    7.257276E+00    4.646073E+00
    7.265439E+00    4.621420E+00
    7.273603E+00    4.598944E+00
    7.281766E+00    4.577698E+00
    7.289930E+00    4.556487E+00
    7.298093E+00    4.534354E+00
    7.306257E+00    4.510858E+00
    7.314420E+00    4.486135E+00
    7.322583E+00    4.460829E+00
    7.330747E+00    4.435849E+00
    7.338910E+00    4.411975E+00
    7.347074E+00    4.389562E+00
    7.355237E+00    4.368654E+00
    7.363400E+00    4.349438E+00
    7.371564E+00    4.332600E+00
    7.379727E+00    4.319248E+00
    7.387891E+00    4.310441E+00
    7.396054E+00    4.306630E+00
    7.404218E+00    4.307307E+00
    7.412381E+00    4.311071E+00
    7.420544E+00    4.316077E+00
    7.428708E+00    4.320580E+00
    7.436871E+00    4.323285E+00
    7.445035E+00    4.323511E+00
    7.453198E+00    4.321270E+00
    7.461361E+00    4.317280E+00
    7.469525E+00    4.312806E+00
    7.477688E+00    4.309240E+00
    7.485852E+00    4.307599E+00
    7.494015E+00    4.308281E+00
    7.502179E+00    4.311214E+00
    7.510342E+00    4.316161E+00
    7.518505E+00    4.322806E+00
    7.526669E+00    4.330467E+00
    7.534832E+00    4.337721E+00
    7.542996E+00    4.342506E+00
    7.551159E+00    4.342876E+00
    7.559322E+00    4.337878E+00
    7.567486E+00    4.327894E+00
    7.575649E+00    4.314278E+00
    7.583813E+00    4.298593E+00
    7.591976E+00    4.281817E+00
    7.600140E+00    4.263875E+00
    7.608303E+00    4.243732E+00
    7.616466E+00    4.220029E+00
    7.624630E+00    4.191873E+00
    7.632793E+00    4.159320E+00
    7.640957E+00    4.123364E+00
    7.649120E+00    4.085570E+00
    7.657283E+00    4.047636E+00
    7.665447E+00    4.011080E+00
    7.673610E+00    3.977139E+00
    7.681774E+00    3.946814E+00
    7.689937E+00    3.920920E+00
    7.698100E+00    3.899995E+00
    7.706264E+00    3.884157E+00
    7.714427E+00    3.873057E+00
    7.722591E+00    3.865940E+00
    7.730754E+00    3.861755E+00
    7.738918E+00    3.859290E+00
    7.747081E+00    3.857281E+00
    7.755244E+00    3.854479E+00
    7.763408E+00    3.849726E+00
    7.771571E+00    3.842179E+00
    7.779735E+00    3.831669E+00
    7.787898E+00    3.818971E+00
    7.796061E+00    3.805670E+00
    7.804225E+00    3.793636E+00
    7.812388E+00    3.784365E+00
    7.820552E+00    3.778592E+00
    7.828715E+00    3.776398E+00
    7.836879E+00    3.777583E+00
    7.845042E+00    3.781900E+00
    7.853205E+00    3.789022E+00
    7.861369E+00    3.798463E+00
    7.869532E+00    3.809601E+00
    7.877696E+00    3.821815E+00
    7.885859E+00    3.834619E+00
    7.894022E+00    3.847628E+00
    7.902186E+00    3.860419E+00
    7.910349E+00    3.872477E+00
    7.918513E+00    3.883298E+00
    7.926676E+00    3.892517E+00
    7.934840E+00    3.899880E+00
    7.943003E+00    3.905069E+00
    7.951166E+00    3.907623E+00
    7.959330E+00    3.907150E+00
    7.967493E+00    3.903721E+00
    7.975657E+00    3.898073E+00
    7.983820E+00    3.891365E+00
    7.991983E+00    3.884656E+00
    8.000147E+00    3.878449E+00
    8.008310E+00    3.872592E+00
    8.016474E+00    3.866548E+00
    8.024637E+00    3.859829E+00
    8.032801E+00    3.852289E+00
    8.040964E+00    3.844035E+00
    8.049127E+00    3.835032E+00
    8.057291E+00    3.824811E+00
    8.065454E+00    3.812565E+00
    8.073618E+00    3.797516E+00
    8.081781E+00    3.779230E+00
    8.089944E+00    3.757775E+00
    8.098108E+00    3.733755E+00
    8.106271E+00    3.708193E+00
    8.114435E+00    3.682339E+00
    8.122598E+00    3.657489E+00
    8.130761E+00    3.634878E+00
    8.138925E+00    3.615626E+00
    8.147088E+00    3.600668E+00
    8.155252E+00    3.590624E+00
